#
# There is insufficient memory for the Java Runtime Environment to continue.
# Native memory allocation (malloc) failed to allocate 1820016 bytes for Chunk::new
# Possible reasons:
#   The system is out of physical RAM or swap space
#   In 32 bit mode, the process size limit was hit
# Possible solutions:
#   Reduce memory load on the system
#   Increase physical memory or swap space
#   Check if swap backing store is full
#   Use 64 bit Java on a 64 bit OS
#   Decrease Java heap size (-Xmx/-Xms)
#   Decrease number of Java threads
#   Decrease Java thread stack sizes (-Xss)
#   Set larger code cache with -XX:ReservedCodeCacheSize=
# This output file may be truncated or incomplete.
#
#  Out of Memory Error (allocation.cpp:390), pid=14796, tid=0x0000000000004530
#
# JRE version: OpenJDK Runtime Environment (8.0_112-b06) (build 1.8.0_112-release-b06)
# Java VM: OpenJDK 64-Bit Server VM (25.112-b06 mixed mode windows-amd64 compressed oops)
# Failed to write core dump. Minidumps are not enabled by default on client versions of Windows
#

---------------  T H R E A D  ---------------

Current thread (0x0000000016dad000):  JavaThread "C2 CompilerThread1" daemon [_thread_in_native, id=17712, stack(0x0000000018820000,0x0000000018920000)]

Stack: [0x0000000018820000,0x0000000018920000]
[error occurred during error reporting (printing stack bounds), id 0xc0000005]

Native frames: (J=compiled Java code, j=interpreted, Vv=VM code, C=native code)


Current CompileTask:
C2:  13344 6954       4       java.net.URLClassLoader$1::run (5 bytes)


---------------  P R O C E S S  ---------------

Java Threads: ( => current thread )
  0x000000001b4dc800 JavaThread "Cache update executor" [_thread_blocked, id=21136, stack(0x0000000021840000,0x0000000021940000)]
  0x000000001b4db000 JavaThread "File lock request listener" [_thread_in_native, id=17740, stack(0x000000001eaa0000,0x000000001eba0000)]
  0x0000000019ca0000 JavaThread "Stdin handler" [_thread_blocked, id=16396, stack(0x000000001afa0000,0x000000001b0a0000)]
  0x0000000019ca3800 JavaThread "Asynchronous log dispatcher for DefaultDaemonConnection: socket connection from /127.0.0.1:19820 to /127.0.0.1:19821" [_thread_blocked, id=22592, stack(0x000000001aea0000,0x000000001afa0000)]
  0x0000000019c9c800 JavaThread "Daemon worker" [_thread_in_native, id=16380, stack(0x000000001ada0000,0x000000001aea0000)]
  0x0000000019b59000 JavaThread "Cancel handler" [_thread_blocked, id=22656, stack(0x000000001aca0000,0x000000001ada0000)]
  0x0000000019b5c800 JavaThread "pool-1-thread-1" [_thread_blocked, id=1392, stack(0x000000001aba0000,0x000000001aca0000)]
  0x0000000019d4b000 JavaThread "Handler for socket connection from /127.0.0.1:19820 to /127.0.0.1:19821" [_thread_in_native, id=15912, stack(0x000000001aaa0000,0x000000001aba0000)]
  0x0000000019caf000 JavaThread "Daemon" [_thread_blocked, id=21224, stack(0x000000001a9a0000,0x000000001aaa0000)]
  0x0000000019c4e800 JavaThread "Incoming local TCP Connector on port 19820" [_thread_in_native, id=17024, stack(0x000000001a5f0000,0x000000001a6f0000)]
  0x000000001819f800 JavaThread "Service Thread" daemon [_thread_blocked, id=11756, stack(0x0000000018a20000,0x0000000018b20000)]
  0x0000000016dae000 JavaThread "C1 CompilerThread2" daemon [_thread_blocked, id=13684, stack(0x0000000018920000,0x0000000018a20000)]
=>0x0000000016dad000 JavaThread "C2 CompilerThread1" daemon [_thread_in_native, id=17712, stack(0x0000000018820000,0x0000000018920000)]
  0x0000000016daa800 JavaThread "C2 CompilerThread0" daemon [_thread_in_native, id=23328, stack(0x0000000018720000,0x0000000018820000)]
  0x0000000016da9000 JavaThread "Attach Listener" daemon [_thread_blocked, id=12828, stack(0x0000000018620000,0x0000000018720000)]
  0x0000000016d5f000 JavaThread "Signal Dispatcher" daemon [_thread_blocked, id=19248, stack(0x0000000018520000,0x0000000018620000)]
  0x0000000016d38800 JavaThread "Finalizer" daemon [_thread_blocked, id=21388, stack(0x0000000017fc0000,0x00000000180c0000)]
  0x00000000033d1000 JavaThread "Reference Handler" daemon [_thread_blocked, id=10184, stack(0x0000000017ec0000,0x0000000017fc0000)]
  0x00000000032e0800 JavaThread "main" [_thread_blocked, id=3892, stack(0x0000000003190000,0x0000000003290000)]

Other Threads:
  0x0000000016d15800 VMThread [stack: 0x0000000017dc0000,0x0000000017ec0000] [id=14904]
  0x00000000181b0000 WatcherThread [stack: 0x0000000018b20000,0x0000000018c20000] [id=16880]

VM state:not at safepoint (normal execution)

VM Mutex/Monitor currently owned by a thread: None

Heap:
 PSYoungGen      total 152576K, used 57841K [0x00000000e0000000, 0x00000000ebf00000, 0x0000000100000000)
  eden space 139776K, 32% used [0x00000000e0000000,0x00000000e2bff7d8,0x00000000e8880000)
  from space 12800K, 99% used [0x00000000e8880000,0x00000000e94fcc90,0x00000000e9500000)
  to   space 17408K, 0% used [0x00000000eae00000,0x00000000eae00000,0x00000000ebf00000)
 ParOldGen       total 104448K, used 26184K [0x00000000a0000000, 0x00000000a6600000, 0x00000000e0000000)
  object space 104448K, 25% used [0x00000000a0000000,0x00000000a1992280,0x00000000a6600000)
 Metaspace       used 55622K, capacity 57232K, committed 57600K, reserved 1099776K
  class space    used 7439K, capacity 7817K, committed 7936K, reserved 1048576K

Card table byte_map: [0x00000000127a0000,0x0000000012ab0000] byte_map_base: 0x00000000122a0000

Marking Bits: (ParMarkBitMap*) 0x0000000065e618f0
 Begin Bits: [0x00000000130b0000, 0x00000000148b0000)
 End Bits:   [0x00000000148b0000, 0x00000000160b0000)

Polling page: 0x0000000001650000

CodeCache: size=245760Kb used=23246Kb max_used=23246Kb free=222513Kb
 bounds [0x00000000033e0000, 0x0000000004ab0000, 0x00000000123e0000]
 total_blobs=7612 nmethods=6844 adapters=679
 compilation: enabled

Compilation events (10 events):
Event: 13.266 Thread 0x0000000016dae000 7372       2       com.sun.tools.javac.comp.Resolve::superclasses (10 bytes)
Event: 13.266 Thread 0x0000000016dae000 nmethod 7372 0x0000000004aa2350 code [0x0000000004aa24a0, 0x0000000004aa2670]
Event: 13.268 Thread 0x0000000016dae000 7377       2       com.sun.tools.javac.jvm.Code::emitLdc (25 bytes)
Event: 13.268 Thread 0x0000000016dae000 nmethod 7377 0x0000000004aa2710 code [0x0000000004aa2880, 0x0000000004aa2a38]
Event: 13.268 Thread 0x0000000016dae000 7378       1       com.sun.tools.javac.code.Type$ClassType$1::constValue (5 bytes)
Event: 13.268 Thread 0x0000000016dae000 nmethod 7378 0x0000000004aa2b10 code [0x0000000004aa2c60, 0x0000000004aa2d70]
Event: 13.269 Thread 0x0000000016dae000 7379       2       com.sun.tools.javac.jvm.Code::curCP (33 bytes)
Event: 13.269 Thread 0x0000000016dae000 nmethod 7379 0x0000000004aa2dd0 code [0x0000000004aa2f40, 0x0000000004aa3118]
Event: 13.276 Thread 0x0000000016dae000 7380       2       com.sun.tools.javac.util.ListBuffer$1::hasNext (16 bytes)
Event: 13.276 Thread 0x0000000016dae000 nmethod 7380 0x0000000004aa31d0 code [0x0000000004aa3340, 0x0000000004aa34c8]

GC Heap History (10 events):
Event: 6.399 GC heap before
{Heap before GC invocations=7 (full 1):
 PSYoungGen      total 71680K, used 71669K [0x00000000e0000000, 0x00000000e7580000, 0x0000000100000000)
  eden space 66560K, 100% used [0x00000000e0000000,0x00000000e4100000,0x00000000e4100000)
  from space 5120K, 99% used [0x00000000e4100000,0x00000000e45fd5e8,0x00000000e4600000)
  to   space 11264K, 0% used [0x00000000e6a80000,0x00000000e6a80000,0x00000000e7580000)
 ParOldGen       total 65024K, used 12394K [0x00000000a0000000, 0x00000000a3f80000, 0x00000000e0000000)
  object space 65024K, 19% used [0x00000000a0000000,0x00000000a0c1aae8,0x00000000a3f80000)
 Metaspace       used 29558K, capacity 29986K, committed 30336K, reserved 1075200K
  class space    used 4002K, capacity 4127K, committed 4224K, reserved 1048576K
Event: 6.415 GC heap after
Heap after GC invocations=7 (full 1):
 PSYoungGen      total 104960K, used 6809K [0x00000000e0000000, 0x00000000e7300000, 0x0000000100000000)
  eden space 96256K, 0% used [0x00000000e0000000,0x00000000e0000000,0x00000000e5e00000)
  from space 8704K, 78% used [0x00000000e6a80000,0x00000000e71264b8,0x00000000e7300000)
  to   space 10752K, 0% used [0x00000000e5e00000,0x00000000e5e00000,0x00000000e6880000)
 ParOldGen       total 65024K, used 12466K [0x00000000a0000000, 0x00000000a3f80000, 0x00000000e0000000)
  object space 65024K, 19% used [0x00000000a0000000,0x00000000a0c2caf8,0x00000000a3f80000)
 Metaspace       used 29558K, capacity 29986K, committed 30336K, reserved 1075200K
  class space    used 4002K, capacity 4127K, committed 4224K, reserved 1048576K
}
Event: 7.514 GC heap before
{Heap before GC invocations=8 (full 1):
 PSYoungGen      total 104960K, used 78278K [0x00000000e0000000, 0x00000000e7300000, 0x0000000100000000)
  eden space 96256K, 74% used [0x00000000e0000000,0x00000000e45cb4e8,0x00000000e5e00000)
  from space 8704K, 78% used [0x00000000e6a80000,0x00000000e71264b8,0x00000000e7300000)
  to   space 10752K, 0% used [0x00000000e5e00000,0x00000000e5e00000,0x00000000e6880000)
 ParOldGen       total 65024K, used 12466K [0x00000000a0000000, 0x00000000a3f80000, 0x00000000e0000000)
  object space 65024K, 19% used [0x00000000a0000000,0x00000000a0c2caf8,0x00000000a3f80000)
 Metaspace       used 34828K, capacity 35380K, committed 35496K, reserved 1079296K
  class space    used 4650K, capacity 4822K, committed 4864K, reserved 1048576K
Event: 7.544 GC heap after
Heap after GC invocations=8 (full 1):
 PSYoungGen      total 107008K, used 10726K [0x00000000e0000000, 0x00000000ea380000, 0x0000000100000000)
  eden space 96256K, 0% used [0x00000000e0000000,0x00000000e0000000,0x00000000e5e00000)
  from space 10752K, 99% used [0x00000000e5e00000,0x00000000e6879bb8,0x00000000e6880000)
  to   space 12288K, 0% used [0x00000000e9780000,0x00000000e9780000,0x00000000ea380000)
 ParOldGen       total 65024K, used 13420K [0x00000000a0000000, 0x00000000a3f80000, 0x00000000e0000000)
  object space 65024K, 20% used [0x00000000a0000000,0x00000000a0d1b3d0,0x00000000a3f80000)
 Metaspace       used 34828K, capacity 35380K, committed 35496K, reserved 1079296K
  class space    used 4650K, capacity 4822K, committed 4864K, reserved 1048576K
}
Event: 7.544 GC heap before
{Heap before GC invocations=9 (full 2):
 PSYoungGen      total 107008K, used 10726K [0x00000000e0000000, 0x00000000ea380000, 0x0000000100000000)
  eden space 96256K, 0% used [0x00000000e0000000,0x00000000e0000000,0x00000000e5e00000)
  from space 10752K, 99% used [0x00000000e5e00000,0x00000000e6879bb8,0x00000000e6880000)
  to   space 12288K, 0% used [0x00000000e9780000,0x00000000e9780000,0x00000000ea380000)
 ParOldGen       total 65024K, used 13420K [0x00000000a0000000, 0x00000000a3f80000, 0x00000000e0000000)
  object space 65024K, 20% used [0x00000000a0000000,0x00000000a0d1b3d0,0x00000000a3f80000)
 Metaspace       used 34828K, capacity 35380K, committed 35496K, reserved 1079296K
  class space    used 4650K, capacity 4822K, committed 4864K, reserved 1048576K
Event: 7.698 GC heap after
Heap after GC invocations=9 (full 2):
 PSYoungGen      total 107008K, used 0K [0x00000000e0000000, 0x00000000ea380000, 0x0000000100000000)
  eden space 96256K, 0% used [0x00000000e0000000,0x00000000e0000000,0x00000000e5e00000)
  from space 10752K, 0% used [0x00000000e5e00000,0x00000000e5e00000,0x00000000e6880000)
  to   space 12288K, 0% used [0x00000000e9780000,0x00000000e9780000,0x00000000ea380000)
 ParOldGen       total 104448K, used 18194K [0x00000000a0000000, 0x00000000a6600000, 0x00000000e0000000)
  object space 104448K, 17% used [0x00000000a0000000,0x00000000a11c4950,0x00000000a6600000)
 Metaspace       used 34828K, capacity 35380K, committed 35496K, reserved 1079296K
  class space    used 4650K, capacity 4822K, committed 4864K, reserved 1048576K
}
Event: 9.193 GC heap before
{Heap before GC invocations=10 (full 2):
 PSYoungGen      total 107008K, used 96256K [0x00000000e0000000, 0x00000000ea380000, 0x0000000100000000)
  eden space 96256K, 100% used [0x00000000e0000000,0x00000000e5e00000,0x00000000e5e00000)
  from space 10752K, 0% used [0x00000000e5e00000,0x00000000e5e00000,0x00000000e6880000)
  to   space 12288K, 0% used [0x00000000e9780000,0x00000000e9780000,0x00000000ea380000)
 ParOldGen       total 104448K, used 18194K [0x00000000a0000000, 0x00000000a6600000, 0x00000000e0000000)
  object space 104448K, 17% used [0x00000000a0000000,0x00000000a11c4950,0x00000000a6600000)
 Metaspace       used 42376K, capacity 43194K, committed 43264K, reserved 1087488K
  class space    used 5664K, capacity 5866K, committed 5888K, reserved 1048576K
Event: 9.207 GC heap after
Heap after GC invocations=10 (full 2):
 PSYoungGen      total 140800K, used 9933K [0x00000000e0000000, 0x00000000ea180000, 0x0000000100000000)
  eden space 130560K, 0% used [0x00000000e0000000,0x00000000e0000000,0x00000000e7f80000)
  from space 10240K, 97% used [0x00000000e9780000,0x00000000ea1337b8,0x00000000ea180000)
  to   space 12800K, 0% used [0x00000000e8880000,0x00000000e8880000,0x00000000e9500000)
 ParOldGen       total 104448K, used 18202K [0x00000000a0000000, 0x00000000a6600000, 0x00000000e0000000)
  object space 104448K, 17% used [0x00000000a0000000,0x00000000a11c6950,0x00000000a6600000)
 Metaspace       used 42376K, capacity 43194K, committed 43264K, reserved 1087488K
  class space    used 5664K, capacity 5866K, committed 5888K, reserved 1048576K
}
Event: 11.876 GC heap before
{Heap before GC invocations=11 (full 2):
 PSYoungGen      total 140800K, used 140493K [0x00000000e0000000, 0x00000000ea180000, 0x0000000100000000)
  eden space 130560K, 100% used [0x00000000e0000000,0x00000000e7f80000,0x00000000e7f80000)
  from space 10240K, 97% used [0x00000000e9780000,0x00000000ea1337b8,0x00000000ea180000)
  to   space 12800K, 0% used [0x00000000e8880000,0x00000000e8880000,0x00000000e9500000)
 ParOldGen       total 104448K, used 18202K [0x00000000a0000000, 0x00000000a6600000, 0x00000000e0000000)
  object space 104448K, 17% used [0x00000000a0000000,0x00000000a11c6950,0x00000000a6600000)
 Metaspace       used 52374K, capacity 54000K, committed 54144K, reserved 1095680K
  class space    used 7127K, capacity 7465K, committed 7552K, reserved 1048576K
Event: 11.940 GC heap after
Heap after GC invocations=11 (full 2):
 PSYoungGen      total 152576K, used 12787K [0x00000000e0000000, 0x00000000ebf00000, 0x0000000100000000)
  eden space 139776K, 0% used [0x00000000e0000000,0x00000000e0000000,0x00000000e8880000)
  from space 12800K, 99% used [0x00000000e8880000,0x00000000e94fcc90,0x00000000e9500000)
  to   space 17408K, 0% used [0x00000000eae00000,0x00000000eae00000,0x00000000ebf00000)
 ParOldGen       total 104448K, used 26184K [0x00000000a0000000, 0x00000000a6600000, 0x00000000e0000000)
  object space 104448K, 25% used [0x00000000a0000000,0x00000000a1992280,0x00000000a6600000)
 Metaspace       used 52374K, capacity 54000K, committed 54144K, reserved 1095680K
  class space    used 7127K, capacity 7465K, committed 7552K, reserved 1048576K
}

Deoptimization events (10 events):
Event: 12.943 Thread 0x0000000019c9c800 Uncommon trap: reason=unstable_if action=reinterpret pc=0x0000000004909d9c method=com.sun.tools.javac.code.Symbol.getRawTypeAttributes()Lcom/sun/tools/javac/util/List; @ 4
Event: 12.943 Thread 0x0000000019c9c800 Uncommon trap: reason=class_check action=maybe_recompile pc=0x00000000049531d8 method=com.sun.tools.javac.jvm.Pool.makePoolValue(Ljava/lang/Object;)Ljava/lang/Object; @ 35
Event: 12.945 Thread 0x0000000019c9c800 Uncommon trap: reason=class_check action=maybe_recompile pc=0x00000000049531d8 method=com.sun.tools.javac.jvm.Pool.makePoolValue(Ljava/lang/Object;)Ljava/lang/Object; @ 35
Event: 12.954 Thread 0x0000000019c9c800 Uncommon trap: reason=class_check action=maybe_recompile pc=0x00000000049531d8 method=com.sun.tools.javac.jvm.Pool.makePoolValue(Ljava/lang/Object;)Ljava/lang/Object; @ 35
Event: 12.959 Thread 0x0000000019c9c800 Uncommon trap: reason=unstable_if action=reinterpret pc=0x0000000003d33dcc method=com.sun.tools.javac.util.Convert.chars2utf([CI[BII)I @ 35
Event: 12.964 Thread 0x0000000019c9c800 Uncommon trap: reason=unstable_if action=reinterpret pc=0x0000000003948f18 method=com.sun.tools.javac.util.ListBuffer.append(Ljava/lang/Object;)Lcom/sun/tools/javac/util/ListBuffer; @ 9
Event: 12.965 Thread 0x0000000019c9c800 Uncommon trap: reason=class_check action=maybe_recompile pc=0x00000000049531d8 method=com.sun.tools.javac.jvm.Pool.makePoolValue(Ljava/lang/Object;)Ljava/lang/Object; @ 35
Event: 12.974 Thread 0x0000000019c9c800 Uncommon trap: reason=unstable_if action=reinterpret pc=0x000000000495da28 method=com.sun.tools.javac.jvm.Pool.makePoolValue(Ljava/lang/Object;)Ljava/lang/Object; @ 73
Event: 13.037 Thread 0x0000000019c9c800 Uncommon trap: reason=unstable_if action=reinterpret pc=0x00000000048eb334 method=com.sun.tools.javac.tree.TreeScanner.scan(Lcom/sun/tools/javac/util/List;)V @ 1
Event: 13.041 Thread 0x0000000019c9c800 Uncommon trap: reason=unstable_if action=reinterpret pc=0x00000000048d36e4 method=com.sun.tools.javac.code.Scope.lookup(Lcom/sun/tools/javac/util/Name;Lcom/sun/tools/javac/util/Filter;)Lcom/sun/tools/javac/code/Scope$Entry; @ 19

Internal exceptions (10 events):
Event: 10.772 Thread 0x0000000019c9c800 Exception <a 'java/lang/ClassNotFoundException': org/gradle/model/internal/core/ModelMapGroovyViewCustomizer> (0x00000000e4fbe718) thrown at [C:\src\android\AOSP-openjdk\external\jetbrains\jdk\hotspot\src\share\vm\classfile\systemDictionary.cpp, line 210]
Event: 10.773 Thread 0x0000000019c9c800 Exception <a 'java/lang/ClassNotFoundException': org/gradle/model/internal/core/NodeBackedModelMapCustomizer> (0x00000000e4fe46f8) thrown at [C:\src\android\AOSP-openjdk\external\jetbrains\jdk\hotspot\src\share\vm\classfile\systemDictionary.cpp, line 210]
Event: 10.775 Thread 0x0000000019c9c800 Exception <a 'java/lang/ClassNotFoundException': org/gradle/platform/base/BinaryContainer_ImplCustomizer> (0x00000000e5043b50) thrown at [C:\src\android\AOSP-openjdk\external\jetbrains\jdk\hotspot\src\share\vm\classfile\systemDictionary.cpp, line 210]
Event: 10.939 Thread 0x0000000019c9c800 Exception <a 'java/lang/NoSuchMethodError': <clinit>> (0x00000000e5627308) thrown at [C:\src\android\AOSP-openjdk\external\jetbrains\jdk\hotspot\src\share\vm\prims\jni.cpp, line 1613]
Event: 10.940 Thread 0x0000000019c9c800 Exception <a 'java/lang/NoSuchMethodError': <clinit>> (0x00000000e5634ba8) thrown at [C:\src\android\AOSP-openjdk\external\jetbrains\jdk\hotspot\src\share\vm\prims\jni.cpp, line 1613]
Event: 10.945 Thread 0x0000000019c9c800 Implicit null exception at 0x0000000003f01077 to 0x0000000003f0183d
Event: 10.955 Thread 0x0000000019c9c800 Exception <a 'java/lang/NoSuchMethodError': <clinit>> (0x00000000e56e5d58) thrown at [C:\src\android\AOSP-openjdk\external\jetbrains\jdk\hotspot\src\share\vm\prims\jni.cpp, line 1613]
Event: 10.956 Thread 0x0000000019c9c800 Exception <a 'java/lang/NoSuchMethodError': <clinit>> (0x00000000e56feab0) thrown at [C:\src\android\AOSP-openjdk\external\jetbrains\jdk\hotspot\src\share\vm\prims\jni.cpp, line 1613]
Event: 10.956 Thread 0x0000000019c9c800 Exception <a 'java/lang/NoSuchMethodError': <clinit>> (0x00000000e5700730) thrown at [C:\src\android\AOSP-openjdk\external\jetbrains\jdk\hotspot\src\share\vm\prims\jni.cpp, line 1613]
Event: 11.742 Thread 0x0000000019c9c800 Implicit null exception at 0x000000000448d84c to 0x0000000004493465

Events (10 events):
Event: 13.091 loading class com/sun/tools/javac/comp/Infer$IncorporationBinaryOpKind$4
Event: 13.091 loading class com/sun/tools/javac/comp/Infer$IncorporationBinaryOpKind$4 done
Event: 13.092 loading class com/sun/tools/javac/comp/Infer$IncorporationBinaryOpKind$5
Event: 13.092 loading class com/sun/tools/javac/comp/Infer$IncorporationBinaryOpKind$5 done
Event: 13.092 loading class com/sun/tools/javac/comp/Infer$IncorporationBinaryOp
Event: 13.092 loading class com/sun/tools/javac/comp/Infer$IncorporationBinaryOp done
Event: 13.262 Executing VM operation: ForceSafepoint
Event: 13.262 Executing VM operation: ForceSafepoint done
Event: 13.294 Thread 0x0000000019c9c800 DEOPT PACKING pc=0x0000000003606228 sp=0x000000001ae9b1f0
Event: 13.294 Thread 0x0000000019c9c800 DEOPT UNPACKING pc=0x00000000034275bf sp=0x000000001ae9b040 mode 0


Dynamic libraries:
0x00007ff635040000 - 0x00007ff635071000 	D:\Android Studio\jre\bin\java.exe
0x00007ffc53700000 - 0x00007ffc538e1000 	C:\WINDOWS\SYSTEM32\ntdll.dll
0x00007ffc53610000 - 0x00007ffc536c2000 	C:\WINDOWS\System32\KERNEL32.DLL
0x00007ffc4fd80000 - 0x00007ffc4fff3000 	C:\WINDOWS\System32\KERNELBASE.dll
0x00007ffc53560000 - 0x00007ffc53601000 	C:\WINDOWS\System32\ADVAPI32.dll
0x00007ffc52630000 - 0x00007ffc526ce000 	C:\WINDOWS\System32\msvcrt.dll
0x00007ffc528b0000 - 0x00007ffc5290b000 	C:\WINDOWS\System32\sechost.dll
0x00007ffc52b20000 - 0x00007ffc52c44000 	C:\WINDOWS\System32\RPCRT4.dll
0x00007ffc52990000 - 0x00007ffc52b20000 	C:\WINDOWS\System32\USER32.dll
0x00007ffc50b70000 - 0x00007ffc50b90000 	C:\WINDOWS\System32\win32u.dll
0x00007ffc52880000 - 0x00007ffc528a8000 	C:\WINDOWS\System32\GDI32.dll
0x00007ffc4fad0000 - 0x00007ffc4fc62000 	C:\WINDOWS\System32\gdi32full.dll
0x00007ffc508e0000 - 0x00007ffc5097f000 	C:\WINDOWS\System32\msvcp_win.dll
0x00007ffc507e0000 - 0x00007ffc508da000 	C:\WINDOWS\System32\ucrtbase.dll
0x00007ffc46da0000 - 0x00007ffc47009000 	C:\WINDOWS\WinSxS\amd64_microsoft.windows.common-controls_6595b64144ccf1df_6.0.17134.472_none_fb3f9af53068156d\COMCTL32.dll
0x00007ffc52300000 - 0x00007ffc52622000 	C:\WINDOWS\System32\combase.dll
0x00007ffc50000000 - 0x00007ffc5007a000 	C:\WINDOWS\System32\bcryptPrimitives.dll
0x00007ffc50c40000 - 0x00007ffc50c6d000 	C:\WINDOWS\System32\IMM32.DLL
0x0000000066cd0000 - 0x0000000066da2000 	D:\Android Studio\jre\jre\bin\msvcr100.dll
0x00000000656a0000 - 0x0000000065edc000 	D:\Android Studio\jre\jre\bin\server\jvm.dll
0x00007ffc52740000 - 0x00007ffc52748000 	C:\WINDOWS\System32\PSAPI.DLL
0x00007ffc4a370000 - 0x00007ffc4a37a000 	C:\WINDOWS\SYSTEM32\VERSION.dll
0x00007ffc4b2e0000 - 0x00007ffc4b2e9000 	C:\WINDOWS\SYSTEM32\WSOCK32.dll
0x00007ffc4a1e0000 - 0x00007ffc4a203000 	C:\WINDOWS\SYSTEM32\WINMM.dll
0x00007ffc527b0000 - 0x00007ffc5281c000 	C:\WINDOWS\System32\WS2_32.dll
0x00007ffc4a1b0000 - 0x00007ffc4a1da000 	C:\WINDOWS\SYSTEM32\winmmbase.dll
0x00007ffc50080000 - 0x00007ffc500c9000 	C:\WINDOWS\System32\cfgmgr32.dll
0x00007ffc4b080000 - 0x00007ffc4b08f000 	D:\Android Studio\jre\jre\bin\verify.dll
0x00007ffc41cd0000 - 0x00007ffc41cf9000 	D:\Android Studio\jre\jre\bin\java.dll
0x00007ffc435b0000 - 0x00007ffc435c6000 	D:\Android Studio\jre\jre\bin\zip.dll
0x00007ffc50ec0000 - 0x00007ffc52300000 	C:\WINDOWS\System32\SHELL32.dll
0x00007ffc50b90000 - 0x00007ffc50c39000 	C:\WINDOWS\System32\shcore.dll
0x00007ffc500d0000 - 0x00007ffc507dd000 	C:\WINDOWS\System32\windows.storage.dll
0x00007ffc526d0000 - 0x00007ffc52721000 	C:\WINDOWS\System32\shlwapi.dll
0x00007ffc4fa90000 - 0x00007ffc4faa1000 	C:\WINDOWS\System32\kernel.appcore.dll
0x00007ffc4fa70000 - 0x00007ffc4fa8f000 	C:\WINDOWS\System32\profapi.dll
0x00007ffc4fa20000 - 0x00007ffc4fa6c000 	C:\WINDOWS\System32\powrprof.dll
0x00007ffc4fa10000 - 0x00007ffc4fa1a000 	C:\WINDOWS\System32\FLTLIB.DLL
0x00007ffc41870000 - 0x00007ffc4188a000 	D:\Android Studio\jre\jre\bin\net.dll
0x00007ffc4f290000 - 0x00007ffc4f2f6000 	C:\WINDOWS\system32\mswsock.dll
0x00007ffc41650000 - 0x00007ffc41661000 	D:\Android Studio\jre\jre\bin\nio.dll
0x00007ffc3f7f0000 - 0x00007ffc3f80e000 	C:\Users\yangg\.gradle\native\23\windows-amd64\native-platform.dll
0x00007ffc4f440000 - 0x00007ffc4f457000 	C:\WINDOWS\SYSTEM32\CRYPTSP.dll
0x00007ffc4ee70000 - 0x00007ffc4eea3000 	C:\WINDOWS\system32\rsaenh.dll
0x00007ffc4f570000 - 0x00007ffc4f595000 	C:\WINDOWS\SYSTEM32\bcrypt.dll
0x00007ffc4f940000 - 0x00007ffc4f968000 	C:\WINDOWS\SYSTEM32\USERENV.dll
0x00007ffc4f460000 - 0x00007ffc4f46b000 	C:\WINDOWS\SYSTEM32\CRYPTBASE.dll
0x00007ffc4f010000 - 0x00007ffc4f048000 	C:\WINDOWS\SYSTEM32\IPHLPAPI.DLL
0x00007ffc52c50000 - 0x00007ffc52c58000 	C:\WINDOWS\System32\NSI.dll
0x00007ffc4a9d0000 - 0x00007ffc4a9e6000 	C:\WINDOWS\SYSTEM32\dhcpcsvc6.DLL
0x00007ffc4a990000 - 0x00007ffc4a9aa000 	C:\WINDOWS\SYSTEM32\dhcpcsvc.DLL
0x00007ffc4af70000 - 0x00007ffc4af7d000 	D:\Android Studio\jre\jre\bin\management.dll

VM Arguments:
jvm_args: -Xmx1536m -Dfile.encoding=GBK -Duser.country=CN -Duser.language=zh -Duser.variant 
java_command: org.gradle.launcher.daemon.bootstrap.GradleDaemon 3.3
java_class_path (initial): C:\Users\yangg\.gradle\wrapper\dists\gradle-3.3-all\55gk2rcmfc6p2dg9u9ohc3hw9\gradle-3.3\lib\gradle-launcher-3.3.jar
Launcher Type: SUN_STANDARD

Environment Variables:
JAVA_HOME=C:\Program Files\Java\jdk-11
CLASSPATH=.;C:\Program Files\Java\jdk-11\bin;C:\Program Files\Java\jdk-11\lib\dt.jar;C:\Program Files\Java\jdk-11\lib\tools.jar
PATH=C:\Program Files\NVIDIA GPU Computing Toolkit\CUDA\v8.0\bin;C:\Program Files\NVIDIA GPU Computing Toolkit\CUDA\v8.0\libnvvp;C:\Program Files\Java\jdk-11\bin;C:\Program Files\Java\jdk-11\jre\bin;C:\ProgramData\Oracle\Java\javapath;C:\WINDOWS\system32;C:\WINDOWS;C:\WINDOWS\System32\Wbem;C:\WINDOWS\System32\WindowsPowerShell\v1.0\;C:\Program Files (x86)\Common Files\Thunder Network\KanKan\Codecs;C:\WINDOWS\System32\OpenSSH\;D:\¹¤¾ß\PUTTY\;C;\Program Files (x86)\PuTTY\;C:\Android;C:\Windows\System32;C:\Users\yangg\AppData\Local\Microsoft\WindowsApps;D:\modeltech64_10.1c\win64;C:\adb;C:\Program Files (x86)\Microsoft SQL Server\100\Tools\Binn\;C:\Program Files\Microsoft SQL Server\100\Tools\Binn\;C:\Program Files\Microsoft SQL Server\100\DTS\Binn\;C:\Program Files (x86)\NVIDIA Corporation\PhysX\Common;D:\opencv\build\x86\vc10\bin;D:\opencv\build\x64\vc10\bin;C:\Users\yangg\AppData\Local\Microsoft\WindowsApps;;D:\modeltech64_10.1c\win64
USERNAME=yangg
OS=Windows_NT
PROCESSOR_IDENTIFIER=Intel64 Family 6 Model 78 Stepping 3, GenuineIntel



---------------  S Y S T E M  ---------------

OS: Windows 10.0 , 64 bit Build 17134 (10.0.17134.1)

CPU:total 4 (2 cores per cpu, 2 threads per core) family 6 model 78 stepping 3, cmov, cx8, fxsr, mmx, sse, sse2, sse3, ssse3, sse4.1, sse4.2, popcnt, avx, avx2, aes, clmul, erms, 3dnowpref, lzcnt, ht, tsc, tscinvbit, bmi1, bmi2, adx

Memory: 4k page, physical 8281888k(1007044k free), swap 10233632k(6652k free)

vm_info: OpenJDK 64-Bit Server VM (25.112-b06) for windows-amd64 JRE (1.8.0_112-release-b06), built on Dec  8 2016 00:54:26 by "builder" with MS VC++ 10.0 (VS2010)

time: Sat Dec 22 15:52:03 2018
elapsed time: 13 seconds (0d 0h 0m 13s)

