#
# There is insufficient memory for the Java Runtime Environment to continue.
# Native memory allocation (malloc) failed to allocate 1004976 bytes for Chunk::new
# Possible reasons:
#   The system is out of physical RAM or swap space
#   In 32 bit mode, the process size limit was hit
# Possible solutions:
#   Reduce memory load on the system
#   Increase physical memory or swap space
#   Check if swap backing store is full
#   Use 64 bit Java on a 64 bit OS
#   Decrease Java heap size (-Xmx/-Xms)
#   Decrease number of Java threads
#   Decrease Java thread stack sizes (-Xss)
#   Set larger code cache with -XX:ReservedCodeCacheSize=
# This output file may be truncated or incomplete.
#
#  Out of Memory Error (allocation.cpp:390), pid=21420, tid=0x0000000000004610
#
# JRE version: OpenJDK Runtime Environment (8.0_112-b06) (build 1.8.0_112-release-b06)
# Java VM: OpenJDK 64-Bit Server VM (25.112-b06 mixed mode windows-amd64 compressed oops)
# Failed to write core dump. Minidumps are not enabled by default on client versions of Windows
#

---------------  T H R E A D  ---------------

Current thread (0x000000001691b000):  JavaThread "C2 CompilerThread1" daemon [_thread_in_native, id=17936, stack(0x0000000018320000,0x0000000018420000)]

Stack: [0x0000000018320000,0x0000000018420000]
[error occurred during error reporting (printing stack bounds), id 0xc0000005]

Native frames: (J=compiled Java code, j=interpreted, Vv=VM code, C=native code)


Current CompileTask:
C2:1075088 13716       4       com.android.dx.dex.code.OutputFinisher::addConstants (93 bytes)


---------------  P R O C E S S  ---------------

Java Threads: ( => current thread )
  0x000000001c683000 JavaThread "Forward streams with process: command 'D:\sdk1\build-tools\25.0.3\aapt.exe' Thread 3" [_thread_in_native, id=4832, stack(0x0000000027f10000,0x0000000028010000)]
  0x000000001c684800 JavaThread "Forward streams with process: command 'D:\sdk1\build-tools\25.0.3\aapt.exe' Thread 2" [_thread_in_native, id=2468, stack(0x0000000027e10000,0x0000000027f10000)]
  0x000000001c683800 JavaThread "Forward streams with process: command 'D:\sdk1\build-tools\25.0.3\aapt.exe'" [_thread_blocked, id=18664, stack(0x0000000027d10000,0x0000000027e10000)]
  0x0000000018bd4000 JavaThread "Run command 'D:\sdk1\build-tools\25.0.3\aapt.exe'" [_thread_in_native, id=24948, stack(0x0000000027b10000,0x0000000027c10000)]
  0x000000001c678800 JavaThread "Thread-45" [_thread_blocked, id=10928, stack(0x0000000027a10000,0x0000000027b10000)]
  0x000000001c677800 JavaThread "Forward streams with process: command 'D:\sdk1\build-tools\25.0.3\aapt.exe' Thread 3" [_thread_in_native, id=20016, stack(0x0000000027910000,0x0000000027a10000)]
  0x000000001c67a000 JavaThread "Forward streams with process: command 'D:\sdk1\build-tools\25.0.3\aapt.exe' Thread 2" [_thread_in_native, id=26528, stack(0x0000000027810000,0x0000000027910000)]
  0x0000000018bd5000 JavaThread "Forward streams with process: command 'D:\sdk1\build-tools\25.0.3\aapt.exe'" [_thread_blocked, id=23708, stack(0x0000000027710000,0x0000000027810000)]
  0x0000000018bd3800 JavaThread "Run command 'D:\sdk1\build-tools\25.0.3\aapt.exe'" [_thread_in_native, id=22804, stack(0x0000000027510000,0x0000000027610000)]
  0x0000000018bd6800 JavaThread "Thread-39" [_thread_blocked, id=808, stack(0x0000000027410000,0x0000000027510000)]
  0x0000000018bd2800 JavaThread "pool-22-thread-4" [_thread_blocked, id=16716, stack(0x0000000027310000,0x0000000027410000)]
  0x0000000018bcf800 JavaThread "pool-22-thread-3" [_thread_blocked, id=660, stack(0x0000000027210000,0x0000000027310000)]
  0x0000000018bd1000 JavaThread "pool-7-thread-4" [_thread_blocked, id=5840, stack(0x0000000026510000,0x0000000026610000)]
  0x0000000018bd5800 JavaThread "pool-22-thread-2" [_thread_blocked, id=11320, stack(0x0000000026410000,0x0000000026510000)]
  0x0000000018bc8000 JavaThread "pool-22-thread-1" [_thread_blocked, id=22236, stack(0x0000000026310000,0x0000000026410000)]
  0x0000000018bcc000 JavaThread "Cache update executor" [_thread_blocked, id=16588, stack(0x0000000026210000,0x0000000026310000)]
  0x0000000018bcb000 JavaThread "Stdin handler" [_thread_blocked, id=1740, stack(0x0000000026110000,0x0000000026210000)]
  0x0000000018bc9000 JavaThread "Asynchronous log dispatcher for DefaultDaemonConnection: socket connection from /127.0.0.1:3597 to /127.0.0.1:4248" [_thread_blocked, id=9540, stack(0x0000000026010000,0x0000000026110000)]
  0x0000000018bcd800 JavaThread "Daemon worker Thread 3" [_thread_blocked, id=13200, stack(0x0000000025f10000,0x0000000026010000)]
  0x0000000018bce000 JavaThread "Cancel handler" [_thread_blocked, id=17576, stack(0x0000000025e10000,0x0000000025f10000)]
  0x0000000018bc9800 JavaThread "Handler for socket connection from /127.0.0.1:3597 to /127.0.0.1:4248" [_thread_in_native, id=26524, stack(0x0000000025d10000,0x0000000025e10000)]
  0x0000000018bcc800 JavaThread "Daemon Thread 3" [_thread_blocked, id=4872, stack(0x0000000025c10000,0x0000000025d10000)]
  0x0000000018bd2000 JavaThread "pool-7-thread-3" [_thread_blocked, id=22084, stack(0x0000000023810000,0x0000000023910000)]
  0x0000000018bca800 JavaThread "pool-7-thread-1" [_thread_blocked, id=24976, stack(0x0000000023710000,0x0000000023810000)]
  0x0000000018bd0800 JavaThread "pool-7-thread-2" [_thread_blocked, id=24924, stack(0x0000000023610000,0x0000000023710000)]
  0x000000001c679000 JavaThread "File lock request listener" [_thread_in_native, id=14552, stack(0x000000001bdb0000,0x000000001beb0000)]
  0x00000000193ed000 JavaThread "pool-1-thread-1" [_thread_blocked, id=22836, stack(0x000000001b6b0000,0x000000001b7b0000)]
  0x0000000019445800 JavaThread "Incoming local TCP Connector on port 3597" [_thread_in_native, id=25536, stack(0x0000000019ef0000,0x0000000019ff0000)]
  0x0000000017ca1000 JavaThread "Service Thread" daemon [_thread_blocked, id=2564, stack(0x0000000018520000,0x0000000018620000)]
  0x000000001691e000 JavaThread "C1 CompilerThread2" daemon [_thread_blocked, id=13648, stack(0x0000000018420000,0x0000000018520000)]
=>0x000000001691b000 JavaThread "C2 CompilerThread1" daemon [_thread_in_native, id=17936, stack(0x0000000018320000,0x0000000018420000)]
  0x00000000168cc800 JavaThread "C2 CompilerThread0" daemon [_thread_blocked, id=20528, stack(0x0000000018220000,0x0000000018320000)]
  0x00000000168cb000 JavaThread "Attach Listener" daemon [_thread_blocked, id=4940, stack(0x0000000018120000,0x0000000018220000)]
  0x0000000017c28800 JavaThread "Signal Dispatcher" daemon [_thread_blocked, id=14544, stack(0x0000000018020000,0x0000000018120000)]
  0x00000000168a8800 JavaThread "Finalizer" daemon [_thread_blocked, id=23516, stack(0x0000000017b20000,0x0000000017c20000)]
  0x0000000002f41000 JavaThread "Reference Handler" daemon [_thread_blocked, id=25000, stack(0x0000000017a20000,0x0000000017b20000)]
  0x0000000002e50800 JavaThread "main" [_thread_blocked, id=26012, stack(0x0000000002990000,0x0000000002a90000)]

Other Threads:
  0x0000000016885000 VMThread [stack: 0x0000000017920000,0x0000000017a20000] [id=23428]
  0x0000000017cb3800 WatcherThread [stack: 0x0000000018620000,0x0000000018720000] [id=13656]

VM state:not at safepoint (normal execution)

VM Mutex/Monitor currently owned by a thread: None

Heap:
 PSYoungGen      total 256000K, used 250588K [0x00000000e0000000, 0x00000000f2f80000, 0x0000000100000000)
  eden space 201216K, 97% used [0x00000000e0000000,0x00000000ebf3b938,0x00000000ec480000)
  from space 54784K, 99% used [0x00000000ec480000,0x00000000ef9fb870,0x00000000efa00000)
  to   space 50176K, 0% used [0x00000000efe80000,0x00000000efe80000,0x00000000f2f80000)
 ParOldGen       total 165888K, used 130926K [0x00000000a0000000, 0x00000000aa200000, 0x00000000e0000000)
  object space 165888K, 78% used [0x00000000a0000000,0x00000000a7fdb8d0,0x00000000aa200000)
 Metaspace       used 66920K, capacity 69276K, committed 69376K, reserved 1110016K
  class space    used 8525K, capacity 8952K, committed 8960K, reserved 1048576K

Card table byte_map: [0x0000000012310000,0x0000000012620000] byte_map_base: 0x0000000011e10000

Marking Bits: (ParMarkBitMap*) 0x00000000611018f0
 Begin Bits: [0x0000000012c20000, 0x0000000014420000)
 End Bits:   [0x0000000014420000, 0x0000000015c20000)

Polling page: 0x0000000000c30000

CodeCache: size=245760Kb used=37022Kb max_used=37058Kb free=208737Kb
 bounds [0x0000000002f50000, 0x00000000053b0000, 0x0000000011f50000]
 total_blobs=12017 nmethods=11226 adapters=702
 compilation: enabled

Compilation events (10 events):
Event: 1074.606 Thread 0x000000001691b000 nmethod 13493 0x0000000004ab9550 code [0x0000000004ab9680, 0x0000000004ab9718]
Event: 1074.606 Thread 0x000000001691b000 13490   !   4       com.android.dx.rop.cst.StdConstantPool::get (24 bytes)
Event: 1074.607 Thread 0x000000001691b000 nmethod 13490 0x0000000003bc3e90 code [0x0000000003bc3fc0, 0x0000000003bc4078]
Event: 1074.607 Thread 0x000000001691b000 13716       4       com.android.dx.dex.code.OutputFinisher::addConstants (93 bytes)
Event: 1074.607 Thread 0x00000000168cc800 13538       4       com.android.dx.ssa.SsaMethod::forEachInsn (36 bytes)
Event: 1074.611 Thread 0x00000000168cc800 nmethod 13538 0x00000000038af990 code [0x00000000038afae0, 0x00000000038afd08]
Event: 1074.612 Thread 0x00000000168cc800 13580       4       com.android.dx.util.Bits::or (24 bytes)
Event: 1074.616 Thread 0x00000000168cc800 nmethod 13580 0x0000000003d3bb50 code [0x0000000003d3bc80, 0x0000000003d3bd98]
Event: 1074.617 Thread 0x00000000168cc800 13745       4       com.android.dx.rop.code.RegisterSpec::isCategory2 (13 bytes)
Event: 1074.618 Thread 0x00000000168cc800 nmethod 13745 0x0000000003bd1d50 code [0x0000000003bd1ea0, 0x0000000003bd1f58]

GC Heap History (10 events):
Event: 619.894 GC heap before
{Heap before GC invocations=14 (full 3):
 PSYoungGen      total 171008K, used 153600K [0x00000000e0000000, 0x00000000ec480000, 0x0000000100000000)
  eden space 153600K, 100% used [0x00000000e0000000,0x00000000e9600000,0x00000000e9600000)
  from space 17408K, 0% used [0x00000000ea900000,0x00000000ea900000,0x00000000eba00000)
  to   space 19456K, 0% used [0x00000000e9600000,0x00000000e9600000,0x00000000ea900000)
 ParOldGen       total 165888K, used 37832K [0x00000000a0000000, 0x00000000aa200000, 0x00000000e0000000)
  object space 165888K, 22% used [0x00000000a0000000,0x00000000a24f2170,0x00000000aa200000)
 Metaspace       used 59912K, capacity 61726K, committed 62080K, reserved 1103872K
  class space    used 7839K, capacity 8224K, committed 8320K, reserved 1048576K
Event: 619.906 GC heap after
Heap after GC invocations=14 (full 3):
 PSYoungGen      total 173056K, used 6435K [0x00000000e0000000, 0x00000000ed180000, 0x0000000100000000)
  eden space 153600K, 0% used [0x00000000e0000000,0x00000000e0000000,0x00000000e9600000)
  from space 19456K, 33% used [0x00000000e9600000,0x00000000e9c48fd0,0x00000000ea900000)
  to   space 19456K, 0% used [0x00000000ebe80000,0x00000000ebe80000,0x00000000ed180000)
 ParOldGen       total 165888K, used 37840K [0x00000000a0000000, 0x00000000aa200000, 0x00000000e0000000)
  object space 165888K, 22% used [0x00000000a0000000,0x00000000a24f4170,0x00000000aa200000)
 Metaspace       used 59912K, capacity 61726K, committed 62080K, reserved 1103872K
  class space    used 7839K, capacity 8224K, committed 8320K, reserved 1048576K
}
Event: 622.056 GC heap before
{Heap before GC invocations=15 (full 3):
 PSYoungGen      total 173056K, used 160035K [0x00000000e0000000, 0x00000000ed180000, 0x0000000100000000)
  eden space 153600K, 100% used [0x00000000e0000000,0x00000000e9600000,0x00000000e9600000)
  from space 19456K, 33% used [0x00000000e9600000,0x00000000e9c48fd0,0x00000000ea900000)
  to   space 19456K, 0% used [0x00000000ebe80000,0x00000000ebe80000,0x00000000ed180000)
 ParOldGen       total 165888K, used 37840K [0x00000000a0000000, 0x00000000aa200000, 0x00000000e0000000)
  object space 165888K, 22% used [0x00000000a0000000,0x00000000a24f4170,0x00000000aa200000)
 Metaspace       used 64382K, capacity 66450K, committed 66688K, reserved 1107968K
  class space    used 8305K, capacity 8707K, committed 8832K, reserved 1048576K
Event: 622.112 GC heap after
Heap after GC invocations=15 (full 3):
 PSYoungGen      total 182784K, used 19450K [0x00000000e0000000, 0x00000000eed80000, 0x0000000100000000)
  eden space 163328K, 0% used [0x00000000e0000000,0x00000000e0000000,0x00000000e9f80000)
  from space 19456K, 99% used [0x00000000ebe80000,0x00000000ed17e818,0x00000000ed180000)
  to   space 31744K, 0% used [0x00000000e9f80000,0x00000000e9f80000,0x00000000ebe80000)
 ParOldGen       total 165888K, used 63936K [0x00000000a0000000, 0x00000000aa200000, 0x00000000e0000000)
  object space 165888K, 38% used [0x00000000a0000000,0x00000000a3e70178,0x00000000aa200000)
 Metaspace       used 64382K, capacity 66450K, committed 66688K, reserved 1107968K
  class space    used 8305K, capacity 8707K, committed 8832K, reserved 1048576K
}
Event: 622.841 GC heap before
{Heap before GC invocations=16 (full 3):
 PSYoungGen      total 182784K, used 182778K [0x00000000e0000000, 0x00000000eed80000, 0x0000000100000000)
  eden space 163328K, 100% used [0x00000000e0000000,0x00000000e9f80000,0x00000000e9f80000)
  from space 19456K, 99% used [0x00000000ebe80000,0x00000000ed17e818,0x00000000ed180000)
  to   space 31744K, 0% used [0x00000000e9f80000,0x00000000e9f80000,0x00000000ebe80000)
 ParOldGen       total 165888K, used 63936K [0x00000000a0000000, 0x00000000aa200000, 0x00000000e0000000)
  object space 165888K, 38% used [0x00000000a0000000,0x00000000a3e70178,0x00000000aa200000)
 Metaspace       used 64447K, capacity 66514K, committed 66688K, reserved 1107968K
  class space    used 8305K, capacity 8707K, committed 8832K, reserved 1048576K
Event: 622.908 GC heap after
Heap after GC invocations=16 (full 3):
 PSYoungGen      total 195072K, used 31714K [0x00000000e0000000, 0x00000000f3180000, 0x0000000100000000)
  eden space 163328K, 0% used [0x00000000e0000000,0x00000000e0000000,0x00000000e9f80000)
  from space 31744K, 99% used [0x00000000e9f80000,0x00000000ebe789f0,0x00000000ebe80000)
  to   space 52224K, 0% used [0x00000000efe80000,0x00000000efe80000,0x00000000f3180000)
 ParOldGen       total 165888K, used 106151K [0x00000000a0000000, 0x00000000aa200000, 0x00000000e0000000)
  object space 165888K, 63% used [0x00000000a0000000,0x00000000a67a9dc8,0x00000000aa200000)
 Metaspace       used 64447K, capacity 66514K, committed 66688K, reserved 1107968K
  class space    used 8305K, capacity 8707K, committed 8832K, reserved 1048576K
}
Event: 1071.148 GC heap before
{Heap before GC invocations=17 (full 3):
 PSYoungGen      total 195072K, used 195042K [0x00000000e0000000, 0x00000000f3180000, 0x0000000100000000)
  eden space 163328K, 100% used [0x00000000e0000000,0x00000000e9f80000,0x00000000e9f80000)
  from space 31744K, 99% used [0x00000000e9f80000,0x00000000ebe789f0,0x00000000ebe80000)
  to   space 52224K, 0% used [0x00000000efe80000,0x00000000efe80000,0x00000000f3180000)
 ParOldGen       total 165888K, used 106151K [0x00000000a0000000, 0x00000000aa200000, 0x00000000e0000000)
  object space 165888K, 63% used [0x00000000a0000000,0x00000000a67a9dc8,0x00000000aa200000)
 Metaspace       used 66295K, capacity 68624K, committed 68864K, reserved 1110016K
  class space    used 8513K, capacity 8930K, committed 8960K, reserved 1048576K
Event: 1071.232 GC heap after
Heap after GC invocations=17 (full 3):
 PSYoungGen      total 251392K, used 34882K [0x00000000e0000000, 0x00000000f2f80000, 0x0000000100000000)
  eden space 201216K, 0% used [0x00000000e0000000,0x00000000e0000000,0x00000000ec480000)
  from space 50176K, 69% used [0x00000000efe80000,0x00000000f2090948,0x00000000f2f80000)
  to   space 54784K, 0% used [0x00000000ec480000,0x00000000ec480000,0x00000000efa00000)
 ParOldGen       total 165888K, used 106159K [0x00000000a0000000, 0x00000000aa200000, 0x00000000e0000000)
  object space 165888K, 63% used [0x00000000a0000000,0x00000000a67abdc8,0x00000000aa200000)
 Metaspace       used 66295K, capacity 68624K, committed 68864K, reserved 1110016K
  class space    used 8513K, capacity 8930K, committed 8960K, reserved 1048576K
}
Event: 1073.598 GC heap before
{Heap before GC invocations=18 (full 3):
 PSYoungGen      total 251392K, used 236098K [0x00000000e0000000, 0x00000000f2f80000, 0x0000000100000000)
  eden space 201216K, 100% used [0x00000000e0000000,0x00000000ec480000,0x00000000ec480000)
  from space 50176K, 69% used [0x00000000efe80000,0x00000000f2090948,0x00000000f2f80000)
  to   space 54784K, 0% used [0x00000000ec480000,0x00000000ec480000,0x00000000efa00000)
 ParOldGen       total 165888K, used 106159K [0x00000000a0000000, 0x00000000aa200000, 0x00000000e0000000)
  object space 165888K, 63% used [0x00000000a0000000,0x00000000a67abdc8,0x00000000aa200000)
 Metaspace       used 66808K, capacity 69144K, committed 69376K, reserved 1110016K
  class space    used 8525K, capacity 8952K, committed 8960K, reserved 1048576K
Event: 1073.721 GC heap after
Heap after GC invocations=18 (full 3):
 PSYoungGen      total 256000K, used 54766K [0x00000000e0000000, 0x00000000f2f80000, 0x0000000100000000)
  eden space 201216K, 0% used [0x00000000e0000000,0x00000000e0000000,0x00000000ec480000)
  from space 54784K, 99% used [0x00000000ec480000,0x00000000ef9fb870,0x00000000efa00000)
  to   space 50176K, 0% used [0x00000000efe80000,0x00000000efe80000,0x00000000f2f80000)
 ParOldGen       total 165888K, used 130926K [0x00000000a0000000, 0x00000000aa200000, 0x00000000e0000000)
  object space 165888K, 78% used [0x00000000a0000000,0x00000000a7fdb8d0,0x00000000aa200000)
 Metaspace       used 66808K, capacity 69144K, committed 69376K, reserved 1110016K
  class space    used 8525K, capacity 8952K, committed 8960K, reserved 1048576K
}

Deoptimization events (10 events):
Event: 1072.393 Thread 0x0000000018bcd800 Uncommon trap: reason=bimorphic action=maybe_recompile pc=0x0000000004772c18 method=com.sun.tools.javac.code.Types$19.visitClassType(Lcom/sun/tools/javac/code/Type$ClassType;Ljava/lang/Void;)Lcom/sun/tools/javac/util/List; @ 46
Event: 1072.394 Thread 0x0000000018bcd800 Uncommon trap: reason=speculate_class_check action=maybe_recompile pc=0x0000000004778888 method=com.sun.tools.javac.util.List.prependList(Lcom/sun/tools/javac/util/List;)Lcom/sun/tools/javac/util/List; @ 1
Event: 1072.394 Thread 0x0000000018bcd800 Uncommon trap: reason=bimorphic action=maybe_recompile pc=0x0000000004778738 method=com.sun.tools.javac.code.Types$19.visitClassType(Lcom/sun/tools/javac/code/Type$ClassType;Ljava/lang/Void;)Lcom/sun/tools/javac/util/List; @ 46
Event: 1072.400 Thread 0x0000000018bcd800 Uncommon trap: reason=unstable_if action=reinterpret pc=0x0000000004803a2c method=com.sun.tools.javac.code.Types$18.visitClassType(Lcom/sun/tools/javac/code/Type$ClassType;Ljava/lang/Void;)Lcom/sun/tools/javac/code/Type; @ 75
Event: 1072.400 Thread 0x0000000018bcd800 Uncommon trap: reason=unstable_if action=reinterpret pc=0x0000000004853f14 method=com.sun.tools.javac.code.Types$15.visitType(Lcom/sun/tools/javac/code/Type;Ljava/lang/Boolean;)Lcom/sun/tools/javac/code/Type; @ 14
Event: 1072.400 Thread 0x0000000018bcd800 Uncommon trap: reason=unstable_if action=reinterpret pc=0x000000000485adc8 method=com.sun.tools.javac.code.Types$15.visitType(Lcom/sun/tools/javac/code/Type;Ljava/lang/Boolean;)Lcom/sun/tools/javac/code/Type; @ 14
Event: 1073.240 Thread 0x0000000018bd1000 Uncommon trap: reason=predicate action=maybe_recompile pc=0x00000000030b8bd8 method=java.util.TimSort.binarySort([Ljava/lang/Object;IIILjava/util/Comparator;)V @ 37
Event: 1073.266 Thread 0x0000000018bd1000 Uncommon trap: reason=unloaded action=reinterpret pc=0x00000000046780a0 method=com.android.dx.cf.cst.ConstantPoolParser.parse0(ILjava/util/BitSet;)Lcom/android/dx/rop/cst/Constant; @ 176
Event: 1074.296 Thread 0x0000000018bd5000 Uncommon trap: reason=unstable_if action=reinterpret pc=0x0000000004f15390 method=com.android.dx.dex.code.LocalList$MakeState.snapshot(ILcom/android/dx/rop/code/RegisterSpecSet;)V @ 51
Event: 1074.499 Thread 0x0000000018bcd800 Uncommon trap: reason=null_check action=make_not_entrant pc=0x0000000003928f90 method=java.lang.ThreadLocal$ThreadLocalMap.set(Ljava/lang/ThreadLocal;Ljava/lang/Object;)V @ 36

Internal exceptions (10 events):
Event: 624.354 Thread 0x0000000018bcc000 Implicit null exception at 0x000000000392021d to 0x0000000003920595
Event: 624.360 Thread 0x0000000018bcc000 Exception <a 'sun/nio/fs/WindowsException'> (0x00000000e834a948) thrown at [C:\src\android\AOSP-openjdk\external\jetbrains\jdk\hotspot\src\share\vm\prims\jni.cpp, line 709]
Event: 624.417 Thread 0x0000000018bc9000 Exception <a 'java/lang/NoSuchMethodError': <clinit>> (0x00000000e85e8c80) thrown at [C:\src\android\AOSP-openjdk\external\jetbrains\jdk\hotspot\src\share\vm\prims\jni.cpp, line 1613]
Event: 624.417 Thread 0x0000000018bc9000 Exception <a 'java/lang/NoSuchMethodError': <clinit>> (0x00000000e85e9fb0) thrown at [C:\src\android\AOSP-openjdk\external\jetbrains\jdk\hotspot\src\share\vm\prims\jni.cpp, line 1613]
Event: 624.418 Thread 0x0000000018bc9000 Exception <a 'java/lang/NoSuchMethodError': <clinit>> (0x00000000e85f4148) thrown at [C:\src\android\AOSP-openjdk\external\jetbrains\jdk\hotspot\src\share\vm\prims\jni.cpp, line 1613]
Event: 624.419 Thread 0x0000000018bc9000 Exception <a 'java/lang/NoSuchMethodError': <clinit>> (0x00000000e85fdc28) thrown at [C:\src\android\AOSP-openjdk\external\jetbrains\jdk\hotspot\src\share\vm\prims\jni.cpp, line 1613]
Event: 1070.953 Thread 0x0000000018bcd800 Exception <a 'java/lang/ClassNotFoundException': asLocalRepo3220_7z3f64kjicvspdpxc9d7hea6tBeanInfo> (0x00000000e91ade80) thrown at [C:\src\android\AOSP-openjdk\external\jetbrains\jdk\hotspot\src\share\vm\classfile\systemDictionary.cpp, line 210]
Event: 1070.955 Thread 0x0000000018bcd800 Exception <a 'java/lang/ClassNotFoundException': asLocalRepo3220_7z3f64kjicvspdpxc9d7hea6tCustomizer> (0x00000000e91b94b0) thrown at [C:\src\android\AOSP-openjdk\external\jetbrains\jdk\hotspot\src\share\vm\classfile\systemDictionary.cpp, line 210]
Event: 1071.636 Thread 0x0000000018bcd800 Exception <a 'java/lang/reflect/InvocationTargetException'> (0x00000000e1a3b9c8) thrown at [C:\src\android\AOSP-openjdk\external\jetbrains\jdk\hotspot\src\share\vm\runtime\reflection.cpp, line 1092]
Event: 1074.499 Thread 0x0000000018bcd800 Implicit null exception at 0x0000000003928d4a to 0x0000000003928f65

Events (10 events):
Event: 1074.597 Thread 0x00000000168cc800 flushing nmethod 0x0000000003bc46d0
Event: 1074.597 Thread 0x00000000168cc800 flushing nmethod 0x0000000003bc6810
Event: 1074.597 Thread 0x00000000168cc800 flushing nmethod 0x0000000003bd1d50
Event: 1074.597 Thread 0x00000000168cc800 flushing nmethod 0x0000000003bd2190
Event: 1074.598 Thread 0x00000000168cc800 flushing nmethod 0x0000000003d13850
Event: 1074.598 Thread 0x00000000168cc800 flushing nmethod 0x0000000003d3bb50
Event: 1074.598 Thread 0x000000001691b000 flushing nmethod 0x0000000003d50110
Event: 1074.603 Thread 0x00000000168cc800 flushing nmethod 0x000000000407d790
Event: 1074.616 Thread 0x00000000168cc800 flushing nmethod 0x0000000004934bd0
Event: 1074.616 Thread 0x00000000168cc800 flushing nmethod 0x0000000004972810


Dynamic libraries:
0x00007ff610350000 - 0x00007ff610381000 	D:\Android Studio\jre\bin\java.exe
0x00007ffb2eb80000 - 0x00007ffb2ed61000 	C:\WINDOWS\SYSTEM32\ntdll.dll
0x00007ffb2d580000 - 0x00007ffb2d632000 	C:\WINDOWS\System32\KERNEL32.DLL
0x00007ffb2b050000 - 0x00007ffb2b2c3000 	C:\WINDOWS\System32\KERNELBASE.dll
0x00007ffb2e8b0000 - 0x00007ffb2e951000 	C:\WINDOWS\System32\ADVAPI32.dll
0x00007ffb2e810000 - 0x00007ffb2e8ae000 	C:\WINDOWS\System32\msvcrt.dll
0x00007ffb2eaf0000 - 0x00007ffb2eb4b000 	C:\WINDOWS\System32\sechost.dll
0x00007ffb2c010000 - 0x00007ffb2c134000 	C:\WINDOWS\System32\RPCRT4.dll
0x00007ffb2e960000 - 0x00007ffb2eaf0000 	C:\WINDOWS\System32\USER32.dll
0x00007ffb2b030000 - 0x00007ffb2b050000 	C:\WINDOWS\System32\win32u.dll
0x00007ffb2e6a0000 - 0x00007ffb2e6c8000 	C:\WINDOWS\System32\GDI32.dll
0x00007ffb2bc80000 - 0x00007ffb2be12000 	C:\WINDOWS\System32\gdi32full.dll
0x00007ffb2bbe0000 - 0x00007ffb2bc7f000 	C:\WINDOWS\System32\msvcp_win.dll
0x00007ffb2bae0000 - 0x00007ffb2bbda000 	C:\WINDOWS\System32\ucrtbase.dll
0x00007ffb1dcc0000 - 0x00007ffb1df29000 	C:\WINDOWS\WinSxS\amd64_microsoft.windows.common-controls_6595b64144ccf1df_6.0.17134.523_none_fb409dd930672a56\COMCTL32.dll
0x00007ffb2e160000 - 0x00007ffb2e482000 	C:\WINDOWS\System32\combase.dll
0x00007ffb2af50000 - 0x00007ffb2afca000 	C:\WINDOWS\System32\bcryptPrimitives.dll
0x00007ffb2e0b0000 - 0x00007ffb2e0dd000 	C:\WINDOWS\System32\IMM32.DLL
0x0000000060780000 - 0x0000000060852000 	D:\Android Studio\jre\jre\bin\msvcr100.dll
0x0000000060940000 - 0x000000006117c000 	D:\Android Studio\jre\jre\bin\server\jvm.dll
0x00007ffb2e7a0000 - 0x00007ffb2e7a8000 	C:\WINDOWS\System32\PSAPI.DLL
0x00007ffb227b0000 - 0x00007ffb227ba000 	C:\WINDOWS\SYSTEM32\VERSION.dll
0x00007ffb235a0000 - 0x00007ffb235c3000 	C:\WINDOWS\SYSTEM32\WINMM.dll
0x00007ffb25e70000 - 0x00007ffb25e79000 	C:\WINDOWS\SYSTEM32\WSOCK32.dll
0x00007ffb2e490000 - 0x00007ffb2e4fc000 	C:\WINDOWS\System32\WS2_32.dll
0x00007ffb23570000 - 0x00007ffb2359a000 	C:\WINDOWS\SYSTEM32\WINMMBASE.dll
0x00007ffb2b2d0000 - 0x00007ffb2b319000 	C:\WINDOWS\System32\cfgmgr32.dll
0x00007ffb23530000 - 0x00007ffb2353f000 	D:\Android Studio\jre\jre\bin\verify.dll
0x00007ffb23360000 - 0x00007ffb23389000 	D:\Android Studio\jre\jre\bin\java.dll
0x00007ffb19b50000 - 0x00007ffb19b66000 	D:\Android Studio\jre\jre\bin\zip.dll
0x00007ffb2c140000 - 0x00007ffb2d580000 	C:\WINDOWS\System32\SHELL32.dll
0x00007ffb2e000000 - 0x00007ffb2e0a9000 	C:\WINDOWS\System32\shcore.dll
0x00007ffb2b320000 - 0x00007ffb2ba2d000 	C:\WINDOWS\System32\windows.storage.dll
0x00007ffb2e100000 - 0x00007ffb2e151000 	C:\WINDOWS\System32\shlwapi.dll
0x00007ffb2aee0000 - 0x00007ffb2aef1000 	C:\WINDOWS\System32\kernel.appcore.dll
0x00007ffb2af30000 - 0x00007ffb2af4f000 	C:\WINDOWS\System32\profapi.dll
0x00007ffb2ae90000 - 0x00007ffb2aedc000 	C:\WINDOWS\System32\powrprof.dll
0x00007ffb2af00000 - 0x00007ffb2af0a000 	C:\WINDOWS\System32\FLTLIB.DLL
0x00007ffb10950000 - 0x00007ffb1096a000 	D:\Android Studio\jre\jre\bin\net.dll
0x00007ffb2a3b0000 - 0x00007ffb2a416000 	C:\WINDOWS\system32\mswsock.dll
0x00007ffb10930000 - 0x00007ffb10941000 	D:\Android Studio\jre\jre\bin\nio.dll
0x00007ffb0d1a0000 - 0x00007ffb0d1be000 	C:\Users\yangg\.gradle\native\23\windows-amd64\native-platform.dll
0x00007ffb2a9e0000 - 0x00007ffb2a9f7000 	C:\WINDOWS\SYSTEM32\CRYPTSP.dll
0x00007ffb29f90000 - 0x00007ffb29fc3000 	C:\WINDOWS\system32\rsaenh.dll
0x00007ffb2a940000 - 0x00007ffb2a965000 	C:\WINDOWS\SYSTEM32\bcrypt.dll
0x00007ffb2ad90000 - 0x00007ffb2adb8000 	C:\WINDOWS\SYSTEM32\USERENV.dll
0x00007ffb2a560000 - 0x00007ffb2a56b000 	C:\WINDOWS\SYSTEM32\CRYPTBASE.dll
0x00007ffb2a130000 - 0x00007ffb2a168000 	C:\WINDOWS\SYSTEM32\IPHLPAPI.DLL
0x00007ffb2e5a0000 - 0x00007ffb2e5a8000 	C:\WINDOWS\System32\NSI.dll
0x00007ffb25090000 - 0x00007ffb250a6000 	C:\WINDOWS\SYSTEM32\dhcpcsvc6.DLL
0x00007ffb25020000 - 0x00007ffb2503a000 	C:\WINDOWS\SYSTEM32\dhcpcsvc.DLL
0x00007ffb23350000 - 0x00007ffb2335d000 	D:\Android Studio\jre\jre\bin\management.dll
0x00007ffb180b0000 - 0x00007ffb180d4000 	D:\Android Studio\jre\jre\bin\sunec.dll
0x00007ffb19640000 - 0x00007ffb1964b000 	D:\Android Studio\jre\jre\bin\sunmscapi.dll
0x00007ffb2be20000 - 0x00007ffb2c002000 	C:\WINDOWS\System32\CRYPT32.dll
0x00007ffb2af10000 - 0x00007ffb2af22000 	C:\WINDOWS\System32\MSASN1.dll

VM Arguments:
jvm_args: -Xmx1536m -Dfile.encoding=GBK -Duser.country=CN -Duser.language=zh -Duser.variant 
java_command: org.gradle.launcher.daemon.bootstrap.GradleDaemon 3.3
java_class_path (initial): C:\Users\yangg\.gradle\wrapper\dists\gradle-3.3-all\55gk2rcmfc6p2dg9u9ohc3hw9\gradle-3.3\lib\gradle-launcher-3.3.jar
Launcher Type: SUN_STANDARD

Environment Variables:
JAVA_HOME=C:\Program Files\Java\jdk-11
CLASSPATH=.;C:\Program Files\Java\jdk-11\bin;C:\Program Files\Java\jdk-11\lib\dt.jar;C:\Program Files\Java\jdk-11\lib\tools.jar
PATH=C:\Program Files\NVIDIA GPU Computing Toolkit\CUDA\v8.0\bin;C:\Program Files\NVIDIA GPU Computing Toolkit\CUDA\v8.0\libnvvp;C:\Program Files\Java\jdk-11\bin;C:\Program Files\Java\jdk-11\jre\bin;C:\ProgramData\Oracle\Java\javapath;C:\WINDOWS\system32;C:\WINDOWS;C:\WINDOWS\System32\Wbem;C:\WINDOWS\System32\WindowsPowerShell\v1.0\;C:\Program Files (x86)\Common Files\Thunder Network\KanKan\Codecs;C:\WINDOWS\System32\OpenSSH\;D:\¹¤¾ß\PUTTY\;C;\Program Files (x86)\PuTTY\;C:\Android;C:\Windows\System32;C:\Users\yangg\AppData\Local\Microsoft\WindowsApps;D:\modeltech64_10.1c\win64;C:\adb;C:\Program Files (x86)\Microsoft SQL Server\100\Tools\Binn\;C:\Program Files\Microsoft SQL Server\100\Tools\Binn\;C:\Program Files\Microsoft SQL Server\100\DTS\Binn\;C:\Program Files (x86)\NVIDIA Corporation\PhysX\Common;D:\opencv\build\x86\vc10\bin;D:\opencv\build\x64\vc10\bin;%USERPROFILE%\AppData\Local\Microsoft\WindowsApps;;D:\modeltech64_10.1c\win64;D:\modeltech64_10.4\win64;D:\modeltech64\win64
USERNAME=yangg
OS=Windows_NT
PROCESSOR_IDENTIFIER=Intel64 Family 6 Model 78 Stepping 3, GenuineIntel



---------------  S Y S T E M  ---------------

OS: Windows 10.0 , 64 bit Build 17134 (10.0.17134.1)

CPU:total 4 (2 cores per cpu, 2 threads per core) family 6 model 78 stepping 3, cmov, cx8, fxsr, mmx, sse, sse2, sse3, ssse3, sse4.1, sse4.2, popcnt, avx, avx2, aes, clmul, erms, 3dnowpref, lzcnt, ht, tsc, tscinvbit, bmi1, bmi2, adx

Memory: 4k page, physical 8281888k(1428280k free), swap 10233632k(5828k free)

vm_info: OpenJDK 64-Bit Server VM (25.112-b06) for windows-amd64 JRE (1.8.0_112-release-b06), built on Dec  8 2016 00:54:26 by "builder" with MS VC++ 10.0 (VS2010)

time: Thu Jan 17 11:44:48 2019
elapsed time: 1074 seconds (0d 0h 17m 54s)

