#
# There is insufficient memory for the Java Runtime Environment to continue.
# Native memory allocation (malloc) failed to allocate 1353984 bytes for Chunk::new
# Possible reasons:
#   The system is out of physical RAM or swap space
#   In 32 bit mode, the process size limit was hit
# Possible solutions:
#   Reduce memory load on the system
#   Increase physical memory or swap space
#   Check if swap backing store is full
#   Use 64 bit Java on a 64 bit OS
#   Decrease Java heap size (-Xmx/-Xms)
#   Decrease number of Java threads
#   Decrease Java thread stack sizes (-Xss)
#   Set larger code cache with -XX:ReservedCodeCacheSize=
# This output file may be truncated or incomplete.
#
#  Out of Memory Error (allocation.cpp:390), pid=22932, tid=0x00000000000002d8
#
# JRE version: OpenJDK Runtime Environment (8.0_112-b06) (build 1.8.0_112-release-b06)
# Java VM: OpenJDK 64-Bit Server VM (25.112-b06 mixed mode windows-amd64 compressed oops)
# Failed to write core dump. Minidumps are not enabled by default on client versions of Windows
#

---------------  T H R E A D  ---------------

Current thread (0x000000001662c800):  JavaThread "C2 CompilerThread1" daemon [_thread_in_native, id=728, stack(0x0000000018090000,0x0000000018190000)]

Stack: [0x0000000018090000,0x0000000018190000]
[error occurred during error reporting (printing stack bounds), id 0xc0000005]

Native frames: (J=compiled Java code, j=interpreted, Vv=VM code, C=native code)


Current CompileTask:
C2: 533922 12031       4       sun.reflect.generics.parser.SignatureParser::parseClassTypeSignature (118 bytes)


---------------  P R O C E S S  ---------------

Java Threads: ( => current thread )
  0x000000001bda5800 JavaThread "Cache update executor" [_thread_blocked, id=8920, stack(0x0000000025140000,0x0000000025240000)]
  0x000000001bda2800 JavaThread "Stdin handler" [_thread_blocked, id=8204, stack(0x0000000025040000,0x0000000025140000)]
  0x000000001bda6800 JavaThread "Asynchronous log dispatcher for DefaultDaemonConnection: socket connection from /127.0.0.1:20157 to /127.0.0.1:22885" [_thread_blocked, id=13272, stack(0x0000000024f40000,0x0000000025040000)]
  0x000000001bda5000 JavaThread "Cancel handler" [_thread_blocked, id=19184, stack(0x0000000024e40000,0x0000000024f40000)]
  0x000000001bda3800 JavaThread "Handler for socket connection from /127.0.0.1:20157 to /127.0.0.1:22885" [_thread_in_native, id=1152, stack(0x0000000024d40000,0x0000000024e40000)]
  0x000000001bda2000 JavaThread "pool-4-thread-2" [_thread_blocked, id=14768, stack(0x0000000023f40000,0x0000000024040000)]
  0x000000001f93f000 JavaThread "Daemon worker Thread 2" [_thread_in_native, id=19372, stack(0x0000000023a40000,0x0000000023b40000)]
  0x000000001f940800 JavaThread "Daemon Thread 2" [_thread_blocked, id=8680, stack(0x0000000023740000,0x0000000023840000)]
  0x000000001f93b000 JavaThread "pool-4-thread-1" [_thread_blocked, id=7244, stack(0x0000000022440000,0x0000000022540000)]
  0x000000001f93c000 JavaThread "File lock request listener" [_thread_in_native, id=13988, stack(0x000000001dce0000,0x000000001dde0000)]
  0x0000000019163000 JavaThread "pool-1-thread-1" [_thread_blocked, id=13748, stack(0x000000001b440000,0x000000001b540000)]
  0x000000001903d000 JavaThread "Incoming local TCP Connector on port 20157" [_thread_in_native, id=22744, stack(0x000000001ac30000,0x000000001ad30000)]
  0x0000000017a08000 JavaThread "Service Thread" daemon [_thread_blocked, id=12488, stack(0x0000000018290000,0x0000000018390000)]
  0x000000001799d800 JavaThread "C1 CompilerThread2" daemon [_thread_blocked, id=14364, stack(0x0000000018190000,0x0000000018290000)]
=>0x000000001662c800 JavaThread "C2 CompilerThread1" daemon [_thread_in_native, id=728, stack(0x0000000018090000,0x0000000018190000)]
  0x000000001662b000 JavaThread "C2 CompilerThread0" daemon [_thread_in_native, id=9300, stack(0x0000000017f90000,0x0000000018090000)]
  0x0000000017998800 JavaThread "Attach Listener" daemon [_thread_blocked, id=11788, stack(0x0000000017e90000,0x0000000017f90000)]
  0x00000000165c8000 JavaThread "Signal Dispatcher" daemon [_thread_blocked, id=7872, stack(0x0000000017d90000,0x0000000017e90000)]
  0x00000000165b8800 JavaThread "Finalizer" daemon [_thread_blocked, id=16436, stack(0x0000000017830000,0x0000000017930000)]
  0x0000000002c53000 JavaThread "Reference Handler" daemon [_thread_blocked, id=6852, stack(0x0000000017730000,0x0000000017830000)]
  0x0000000002b60800 JavaThread "main" [_thread_blocked, id=7808, stack(0x0000000002a60000,0x0000000002b60000)]

Other Threads:
  0x0000000016595000 VMThread [stack: 0x0000000017630000,0x0000000017730000] [id=7040]
  0x0000000017a09000 WatcherThread [stack: 0x0000000018390000,0x0000000018490000] [id=4720]

VM state:not at safepoint (normal execution)

VM Mutex/Monitor currently owned by a thread: None

Heap:
 PSYoungGen      total 173568K, used 152423K [0x00000000e0000000, 0x00000000ec300000, 0x0000000100000000)
  eden space 156672K, 89% used [0x00000000e0000000,0x00000000e88eea50,0x00000000e9900000)
  from space 16896K, 72% used [0x00000000eb280000,0x00000000ebe6b420,0x00000000ec300000)
  to   space 21504K, 0% used [0x00000000e9900000,0x00000000e9900000,0x00000000eae00000)
 ParOldGen       total 103936K, used 35705K [0x00000000a0000000, 0x00000000a6580000, 0x00000000e0000000)
  object space 103936K, 34% used [0x00000000a0000000,0x00000000a22de4b0,0x00000000a6580000)
 Metaspace       used 65626K, capacity 67876K, committed 68096K, reserved 1107968K
  class space    used 8404K, capacity 8848K, committed 8960K, reserved 1048576K

Card table byte_map: [0x0000000012020000,0x0000000012330000] byte_map_base: 0x0000000011b20000

Marking Bits: (ParMarkBitMap*) 0x0000000065e618f0
 Begin Bits: [0x0000000012930000, 0x0000000014130000)
 End Bits:   [0x0000000014130000, 0x0000000015930000)

Polling page: 0x00000000005f0000

CodeCache: size=245760Kb used=34550Kb max_used=34550Kb free=211209Kb
 bounds [0x0000000002c60000, 0x0000000004e50000, 0x0000000011c60000]
 total_blobs=11048 nmethods=10259 adapters=701
 compilation: enabled

Compilation events (10 events):
Event: 533.671 Thread 0x000000001799d800 12236       1       org.gradle.internal.operations.DefaultBuildOperationWorkerRegistry::access$600 (5 bytes)
Event: 533.671 Thread 0x000000001799d800 nmethod 12236 0x0000000004e449d0 code [0x0000000004e44b20, 0x0000000004e44c10]
Event: 533.671 Thread 0x000000001799d800 12238       3       org.gradle.internal.serialize.kryo.KryoBackedEncoder::writeNullableString (9 bytes)
Event: 533.671 Thread 0x000000001799d800 nmethod 12238 0x0000000004e44c90 code [0x0000000004e44e00, 0x0000000004e44fa8]
Event: 533.674 Thread 0x000000001799d800 12239       3       org.gradle.api.internal.project.taskfactory.TaskClassValidator::validate (140 bytes)
Event: 533.676 Thread 0x000000001799d800 nmethod 12239 0x0000000004e45090 code [0x0000000004e453a0, 0x0000000004e46da8]
Event: 533.676 Thread 0x000000001799d800 12240       1       org.gradle.api.internal.tasks.execution.DefaultTaskExecutionContext::getTaskArtifactState (5 bytes)
Event: 533.676 Thread 0x000000001799d800 nmethod 12240 0x0000000004e479d0 code [0x0000000004e47b20, 0x0000000004e47c30]
Event: 533.710 Thread 0x000000001799d800 12241       1       com.android.builder.dependency.level2.Dependency::getName (5 bytes)
Event: 533.710 Thread 0x000000001799d800 nmethod 12241 0x0000000004e47c90 code [0x0000000004e47de0, 0x0000000004e47ef0]

GC Heap History (10 events):
Event: 12.158 GC heap before
{Heap before GC invocations=11 (full 2):
 PSYoungGen      total 142336K, used 142169K [0x00000000e0000000, 0x00000000ea100000, 0x0000000100000000)
  eden space 132096K, 100% used [0x00000000e0000000,0x00000000e8100000,0x00000000e8100000)
  from space 10240K, 98% used [0x00000000e9700000,0x00000000ea0d6558,0x00000000ea100000)
  to   space 12800K, 0% used [0x00000000e8800000,0x00000000e8800000,0x00000000e9480000)
 ParOldGen       total 103936K, used 18108K [0x00000000a0000000, 0x00000000a6580000, 0x00000000e0000000)
  object space 103936K, 17% used [0x00000000a0000000,0x00000000a11af138,0x00000000a6580000)
 Metaspace       used 51935K, capacity 53524K, committed 53888K, reserved 1095680K
  class space    used 7074K, capacity 7433K, committed 7552K, reserved 1048576K
Event: 12.192 GC heap after
Heap after GC invocations=11 (full 2):
 PSYoungGen      total 152064K, used 12768K [0x00000000e0000000, 0x00000000ebf80000, 0x0000000100000000)
  eden space 139264K, 0% used [0x00000000e0000000,0x00000000e0000000,0x00000000e8800000)
  from space 12800K, 99% used [0x00000000e8800000,0x00000000e94781f8,0x00000000e9480000)
  to   space 17408K, 0% used [0x00000000eae80000,0x00000000eae80000,0x00000000ebf80000)
 ParOldGen       total 103936K, used 26128K [0x00000000a0000000, 0x00000000a6580000, 0x00000000e0000000)
  object space 103936K, 25% used [0x00000000a0000000,0x00000000a19840b8,0x00000000a6580000)
 Metaspace       used 51935K, capacity 53524K, committed 53888K, reserved 1095680K
  class space    used 7074K, capacity 7433K, committed 7552K, reserved 1048576K
}
Event: 14.777 GC heap before
{Heap before GC invocations=12 (full 2):
 PSYoungGen      total 152064K, used 101868K [0x00000000e0000000, 0x00000000ebf80000, 0x0000000100000000)
  eden space 139264K, 63% used [0x00000000e0000000,0x00000000e5702e08,0x00000000e8800000)
  from space 12800K, 99% used [0x00000000e8800000,0x00000000e94781f8,0x00000000e9480000)
  to   space 17408K, 0% used [0x00000000eae80000,0x00000000eae80000,0x00000000ebf80000)
 ParOldGen       total 103936K, used 26128K [0x00000000a0000000, 0x00000000a6580000, 0x00000000e0000000)
  object space 103936K, 25% used [0x00000000a0000000,0x00000000a19840b8,0x00000000a6580000)
 Metaspace       used 57354K, capacity 59068K, committed 59160K, reserved 1099776K
  class space    used 7631K, capacity 8019K, committed 8064K, reserved 1048576K
Event: 14.808 GC heap after
Heap after GC invocations=12 (full 2):
 PSYoungGen      total 156672K, used 17396K [0x00000000e0000000, 0x00000000ebf80000, 0x0000000100000000)
  eden space 139264K, 0% used [0x00000000e0000000,0x00000000e0000000,0x00000000e8800000)
  from space 17408K, 99% used [0x00000000eae80000,0x00000000ebf7d010,0x00000000ebf80000)
  to   space 12800K, 0% used [0x00000000e8800000,0x00000000e8800000,0x00000000e9480000)
 ParOldGen       total 103936K, used 33834K [0x00000000a0000000, 0x00000000a6580000, 0x00000000e0000000)
  object space 103936K, 32% used [0x00000000a0000000,0x00000000a210ab10,0x00000000a6580000)
 Metaspace       used 57354K, capacity 59068K, committed 59160K, reserved 1099776K
  class space    used 7631K, capacity 8019K, committed 8064K, reserved 1048576K
}
Event: 14.808 GC heap before
{Heap before GC invocations=13 (full 3):
 PSYoungGen      total 156672K, used 17396K [0x00000000e0000000, 0x00000000ebf80000, 0x0000000100000000)
  eden space 139264K, 0% used [0x00000000e0000000,0x00000000e0000000,0x00000000e8800000)
  from space 17408K, 99% used [0x00000000eae80000,0x00000000ebf7d010,0x00000000ebf80000)
  to   space 12800K, 0% used [0x00000000e8800000,0x00000000e8800000,0x00000000e9480000)
 ParOldGen       total 103936K, used 33834K [0x00000000a0000000, 0x00000000a6580000, 0x00000000e0000000)
  object space 103936K, 32% used [0x00000000a0000000,0x00000000a210ab10,0x00000000a6580000)
 Metaspace       used 57354K, capacity 59068K, committed 59160K, reserved 1099776K
  class space    used 7631K, capacity 8019K, committed 8064K, reserved 1048576K
Event: 15.092 GC heap after
Heap after GC invocations=13 (full 3):
 PSYoungGen      total 156672K, used 0K [0x00000000e0000000, 0x00000000ebf80000, 0x0000000100000000)
  eden space 139264K, 0% used [0x00000000e0000000,0x00000000e0000000,0x00000000e8800000)
  from space 17408K, 0% used [0x00000000eae80000,0x00000000eae80000,0x00000000ebf80000)
  to   space 12800K, 0% used [0x00000000e8800000,0x00000000e8800000,0x00000000e9480000)
 ParOldGen       total 103936K, used 35689K [0x00000000a0000000, 0x00000000a6580000, 0x00000000e0000000)
  object space 103936K, 34% used [0x00000000a0000000,0x00000000a22da4b0,0x00000000a6580000)
 Metaspace       used 57354K, capacity 59068K, committed 59160K, reserved 1099776K
  class space    used 7631K, capacity 8019K, committed 8064K, reserved 1048576K
}
Event: 292.148 GC heap before
{Heap before GC invocations=14 (full 3):
 PSYoungGen      total 156672K, used 139264K [0x00000000e0000000, 0x00000000ebf80000, 0x0000000100000000)
  eden space 139264K, 100% used [0x00000000e0000000,0x00000000e8800000,0x00000000e8800000)
  from space 17408K, 0% used [0x00000000eae80000,0x00000000eae80000,0x00000000ebf80000)
  to   space 12800K, 0% used [0x00000000e8800000,0x00000000e8800000,0x00000000e9480000)
 ParOldGen       total 103936K, used 35689K [0x00000000a0000000, 0x00000000a6580000, 0x00000000e0000000)
  object space 103936K, 34% used [0x00000000a0000000,0x00000000a22da4b0,0x00000000a6580000)
 Metaspace       used 63801K, capacity 65696K, committed 65920K, reserved 1105920K
  class space    used 8317K, capacity 8729K, committed 8832K, reserved 1048576K
Event: 292.155 GC heap after
Heap after GC invocations=14 (full 3):
 PSYoungGen      total 152064K, used 7548K [0x00000000e0000000, 0x00000000ec800000, 0x0000000100000000)
  eden space 139264K, 0% used [0x00000000e0000000,0x00000000e0000000,0x00000000e8800000)
  from space 12800K, 58% used [0x00000000e8800000,0x00000000e8f5f008,0x00000000e9480000)
  to   space 22016K, 0% used [0x00000000eb280000,0x00000000eb280000,0x00000000ec800000)
 ParOldGen       total 103936K, used 35697K [0x00000000a0000000, 0x00000000a6580000, 0x00000000e0000000)
  object space 103936K, 34% used [0x00000000a0000000,0x00000000a22dc4b0,0x00000000a6580000)
 Metaspace       used 63801K, capacity 65696K, committed 65920K, reserved 1105920K
  class space    used 8317K, capacity 8729K, committed 8832K, reserved 1048576K
}
Event: 514.609 GC heap before
{Heap before GC invocations=15 (full 3):
 PSYoungGen      total 152064K, used 146812K [0x00000000e0000000, 0x00000000ec800000, 0x0000000100000000)
  eden space 139264K, 100% used [0x00000000e0000000,0x00000000e8800000,0x00000000e8800000)
  from space 12800K, 58% used [0x00000000e8800000,0x00000000e8f5f008,0x00000000e9480000)
  to   space 22016K, 0% used [0x00000000eb280000,0x00000000eb280000,0x00000000ec800000)
 ParOldGen       total 103936K, used 35697K [0x00000000a0000000, 0x00000000a6580000, 0x00000000e0000000)
  object space 103936K, 34% used [0x00000000a0000000,0x00000000a22dc4b0,0x00000000a6580000)
 Metaspace       used 64946K, capacity 67096K, committed 67200K, reserved 1107968K
  class space    used 8362K, capacity 8800K, committed 8832K, reserved 1048576K
Event: 514.637 GC heap after
Heap after GC invocations=15 (full 3):
 PSYoungGen      total 173568K, used 12205K [0x00000000e0000000, 0x00000000ec300000, 0x0000000100000000)
  eden space 156672K, 0% used [0x00000000e0000000,0x00000000e0000000,0x00000000e9900000)
  from space 16896K, 72% used [0x00000000eb280000,0x00000000ebe6b420,0x00000000ec300000)
  to   space 21504K, 0% used [0x00000000e9900000,0x00000000e9900000,0x00000000eae00000)
 ParOldGen       total 103936K, used 35705K [0x00000000a0000000, 0x00000000a6580000, 0x00000000e0000000)
  object space 103936K, 34% used [0x00000000a0000000,0x00000000a22de4b0,0x00000000a6580000)
 Metaspace       used 64946K, capacity 67096K, committed 67200K, reserved 1107968K
  class space    used 8362K, capacity 8800K, committed 8832K, reserved 1048576K
}

Deoptimization events (10 events):
Event: 514.516 Thread 0x000000001bda3800 Uncommon trap: reason=null_check action=make_not_entrant pc=0x0000000002e98568 method=com.android.dx.rop.type.Type.equals(Ljava/lang/Object;)Z @ 8
Event: 514.689 Thread 0x000000001bda2000 Uncommon trap: reason=bimorphic action=maybe_recompile pc=0x0000000004548dac method=com.android.dx.cf.code.BytecodeArray.parseInstruction(ILcom/android/dx/cf/code/BytecodeArray$Visitor;)I @ 1130
Event: 514.689 Thread 0x000000001bda2000 Uncommon trap: reason=bimorphic action=maybe_recompile pc=0x0000000004548a1c method=com.android.dx.cf.code.BytecodeArray.parseInstruction(ILcom/android/dx/cf/code/BytecodeArray$Visitor;)I @ 907
Event: 514.689 Thread 0x000000001bda2000 Uncommon trap: reason=bimorphic action=maybe_recompile pc=0x0000000004548ef4 method=com.android.dx.cf.code.BytecodeArray.parseInstruction(ILcom/android/dx/cf/code/BytecodeArray$Visitor;)I @ 1224
Event: 514.689 Thread 0x000000001bda2000 Uncommon trap: reason=bimorphic action=maybe_recompile pc=0x0000000004548a9c method=com.android.dx.cf.code.BytecodeArray.parseInstruction(ILcom/android/dx/cf/code/BytecodeArray$Visitor;)I @ 923
Event: 514.689 Thread 0x000000001bda2000 Uncommon trap: reason=bimorphic action=maybe_recompile pc=0x0000000004548ef4 method=com.android.dx.cf.code.BytecodeArray.parseInstruction(ILcom/android/dx/cf/code/BytecodeArray$Visitor;)I @ 1224
Event: 515.383 Thread 0x000000001f93f000 Uncommon trap: reason=unstable_if action=reinterpret pc=0x00000000049cd55c method=java.io.ObjectOutputStream$BlockDataOutputStream.writeBytes(Ljava/lang/String;)V @ 22
Event: 515.383 Thread 0x000000001f93f000 Uncommon trap: reason=unstable_if action=reinterpret pc=0x0000000003f0e8a0 method=java.io.ObjectOutputStream$BlockDataOutputStream.writeBytes(Ljava/lang/String;)V @ 22
Event: 515.431 Thread 0x000000001f93f000 Uncommon trap: reason=unstable_if action=reinterpret pc=0x00000000046c161c method=java.util.concurrent.ConcurrentHashMap.clear()V @ 19
Event: 533.476 Thread 0x000000001f93f000 Uncommon trap: reason=unstable_if action=reinterpret pc=0x0000000004d997bc method=com.sun.org.apache.xerces.internal.dom.NamedNodeMapImpl.getNamedItem(Ljava/lang/String;)Lorg/w3c/dom/Node; @ 8

Internal exceptions (10 events):
Event: 515.587 Thread 0x000000001f940800 Exception <a 'java/lang/NoSuchMethodError': <clinit>> (0x00000000e4acff50) thrown at [C:\src\android\AOSP-openjdk\external\jetbrains\jdk\hotspot\src\share\vm\prims\jni.cpp, line 1613]
Event: 515.590 Thread 0x000000001f940800 Exception <a 'java/lang/NoSuchMethodError': <clinit>> (0x00000000e4aef328) thrown at [C:\src\android\AOSP-openjdk\external\jetbrains\jdk\hotspot\src\share\vm\prims\jni.cpp, line 1613]
Event: 515.594 Thread 0x000000001f940800 Exception <a 'java/lang/NoSuchMethodError': <clinit>> (0x00000000e4b10c68) thrown at [C:\src\android\AOSP-openjdk\external\jetbrains\jdk\hotspot\src\share\vm\prims\jni.cpp, line 1613]
Event: 515.594 Thread 0x000000001f940800 Exception <a 'java/lang/NoSuchMethodError': <clinit>> (0x00000000e4b167d0) thrown at [C:\src\android\AOSP-openjdk\external\jetbrains\jdk\hotspot\src\share\vm\prims\jni.cpp, line 1613]
Event: 515.596 Thread 0x000000001f940800 Exception <a 'java/lang/NoSuchMethodError': <clinit>> (0x00000000e4b28478) thrown at [C:\src\android\AOSP-openjdk\external\jetbrains\jdk\hotspot\src\share\vm\prims\jni.cpp, line 1613]
Event: 515.601 Thread 0x000000001f940800 Exception <a 'java/lang/NoSuchMethodError': <clinit>> (0x00000000e4b60798) thrown at [C:\src\android\AOSP-openjdk\external\jetbrains\jdk\hotspot\src\share\vm\prims\jni.cpp, line 1613]
Event: 515.603 Thread 0x000000001f940800 Exception <a 'java/lang/NoSuchMethodError': <clinit>> (0x00000000e4b7bf80) thrown at [C:\src\android\AOSP-openjdk\external\jetbrains\jdk\hotspot\src\share\vm\prims\jni.cpp, line 1613]
Event: 532.685 Thread 0x000000001f93f000 Exception <a 'java/lang/ClassNotFoundException': asLocalRepo5978_1o774ly9dwb91ajnuibtdz75fBeanInfo> (0x00000000e4f655d8) thrown at [C:\src\android\AOSP-openjdk\external\jetbrains\jdk\hotspot\src\share\vm\classfile\systemDictionary.cpp, line 210]
Event: 532.686 Thread 0x000000001f93f000 Exception <a 'java/lang/ClassNotFoundException': asLocalRepo5978_1o774ly9dwb91ajnuibtdz75fCustomizer> (0x00000000e4f70c08) thrown at [C:\src\android\AOSP-openjdk\external\jetbrains\jdk\hotspot\src\share\vm\classfile\systemDictionary.cpp, line 210]
Event: 533.203 Thread 0x000000001f93f000 Exception <a 'java/lang/reflect/InvocationTargetException'> (0x00000000e7669de0) thrown at [C:\src\android\AOSP-openjdk\external\jetbrains\jdk\hotspot\src\share\vm\runtime\reflection.cpp, line 1092]

Events (10 events):
Event: 532.923 Thread 0x000000001f93f000 DEOPT PACKING pc=0x00000000036ddebe sp=0x0000000023b3a380
Event: 532.923 Thread 0x000000001f93f000 DEOPT UNPACKING pc=0x0000000002ca75bf sp=0x0000000023b3a100 mode 0
Event: 532.940 Thread 0x000000001f93f000 DEOPT PACKING pc=0x00000000036ddebe sp=0x0000000023b3a380
Event: 532.940 Thread 0x000000001f93f000 DEOPT UNPACKING pc=0x0000000002ca75bf sp=0x0000000023b3a100 mode 0
Event: 533.306 Executing VM operation: ForceSafepoint
Event: 533.306 Executing VM operation: ForceSafepoint done
Event: 533.476 Thread 0x000000001f93f000 Uncommon trap: trap_request=0xffffff65 fr.pc=0x0000000004d997bc
Event: 533.476 Thread 0x000000001f93f000 DEOPT PACKING pc=0x0000000004d997bc sp=0x0000000023b3cef0
Event: 533.476 Thread 0x000000001f93f000 DEOPT UNPACKING pc=0x0000000002ca556a sp=0x0000000023b3ced0 mode 2
Event: 533.482 Thread 0x000000001bda5800 Thread added: 0x000000001bda5800


Dynamic libraries:
0x00007ff635040000 - 0x00007ff635071000 	D:\Android Studio\jre\bin\java.exe
0x00007ffc53700000 - 0x00007ffc538e1000 	C:\WINDOWS\SYSTEM32\ntdll.dll
0x00007ffc53610000 - 0x00007ffc536c2000 	C:\WINDOWS\System32\KERNEL32.DLL
0x00007ffc4fd80000 - 0x00007ffc4fff3000 	C:\WINDOWS\System32\KERNELBASE.dll
0x00007ffc53560000 - 0x00007ffc53601000 	C:\WINDOWS\System32\ADVAPI32.dll
0x00007ffc52630000 - 0x00007ffc526ce000 	C:\WINDOWS\System32\msvcrt.dll
0x00007ffc528b0000 - 0x00007ffc5290b000 	C:\WINDOWS\System32\sechost.dll
0x00007ffc52b20000 - 0x00007ffc52c44000 	C:\WINDOWS\System32\RPCRT4.dll
0x00007ffc52990000 - 0x00007ffc52b20000 	C:\WINDOWS\System32\USER32.dll
0x00007ffc50b70000 - 0x00007ffc50b90000 	C:\WINDOWS\System32\win32u.dll
0x00007ffc52880000 - 0x00007ffc528a8000 	C:\WINDOWS\System32\GDI32.dll
0x00007ffc4fad0000 - 0x00007ffc4fc62000 	C:\WINDOWS\System32\gdi32full.dll
0x00007ffc508e0000 - 0x00007ffc5097f000 	C:\WINDOWS\System32\msvcp_win.dll
0x00007ffc507e0000 - 0x00007ffc508da000 	C:\WINDOWS\System32\ucrtbase.dll
0x00007ffc46da0000 - 0x00007ffc47009000 	C:\WINDOWS\WinSxS\amd64_microsoft.windows.common-controls_6595b64144ccf1df_6.0.17134.472_none_fb3f9af53068156d\COMCTL32.dll
0x00007ffc52300000 - 0x00007ffc52622000 	C:\WINDOWS\System32\combase.dll
0x00007ffc50000000 - 0x00007ffc5007a000 	C:\WINDOWS\System32\bcryptPrimitives.dll
0x00007ffc50c40000 - 0x00007ffc50c6d000 	C:\WINDOWS\System32\IMM32.DLL
0x0000000066cd0000 - 0x0000000066da2000 	D:\Android Studio\jre\jre\bin\msvcr100.dll
0x00000000656a0000 - 0x0000000065edc000 	D:\Android Studio\jre\jre\bin\server\jvm.dll
0x00007ffc52740000 - 0x00007ffc52748000 	C:\WINDOWS\System32\PSAPI.DLL
0x00007ffc4b2e0000 - 0x00007ffc4b2e9000 	C:\WINDOWS\SYSTEM32\WSOCK32.dll
0x00007ffc4a370000 - 0x00007ffc4a37a000 	C:\WINDOWS\SYSTEM32\VERSION.dll
0x00007ffc4a1e0000 - 0x00007ffc4a203000 	C:\WINDOWS\SYSTEM32\WINMM.dll
0x00007ffc527b0000 - 0x00007ffc5281c000 	C:\WINDOWS\System32\WS2_32.dll
0x00007ffc4a1b0000 - 0x00007ffc4a1da000 	C:\WINDOWS\SYSTEM32\WINMMBASE.dll
0x00007ffc50080000 - 0x00007ffc500c9000 	C:\WINDOWS\System32\cfgmgr32.dll
0x00007ffc4b080000 - 0x00007ffc4b08f000 	D:\Android Studio\jre\jre\bin\verify.dll
0x00007ffc41cd0000 - 0x00007ffc41cf9000 	D:\Android Studio\jre\jre\bin\java.dll
0x00007ffc435b0000 - 0x00007ffc435c6000 	D:\Android Studio\jre\jre\bin\zip.dll
0x00007ffc50ec0000 - 0x00007ffc52300000 	C:\WINDOWS\System32\SHELL32.dll
0x00007ffc50b90000 - 0x00007ffc50c39000 	C:\WINDOWS\System32\shcore.dll
0x00007ffc500d0000 - 0x00007ffc507dd000 	C:\WINDOWS\System32\windows.storage.dll
0x00007ffc526d0000 - 0x00007ffc52721000 	C:\WINDOWS\System32\shlwapi.dll
0x00007ffc4fa90000 - 0x00007ffc4faa1000 	C:\WINDOWS\System32\kernel.appcore.dll
0x00007ffc4fa70000 - 0x00007ffc4fa8f000 	C:\WINDOWS\System32\profapi.dll
0x00007ffc4fa20000 - 0x00007ffc4fa6c000 	C:\WINDOWS\System32\powrprof.dll
0x00007ffc4fa10000 - 0x00007ffc4fa1a000 	C:\WINDOWS\System32\FLTLIB.DLL
0x00007ffc41870000 - 0x00007ffc4188a000 	D:\Android Studio\jre\jre\bin\net.dll
0x00007ffc4f290000 - 0x00007ffc4f2f6000 	C:\WINDOWS\system32\mswsock.dll
0x00007ffc41650000 - 0x00007ffc41661000 	D:\Android Studio\jre\jre\bin\nio.dll
0x00007ffc3f7f0000 - 0x00007ffc3f80e000 	C:\Users\yangg\.gradle\native\23\windows-amd64\native-platform.dll
0x00007ffc4f440000 - 0x00007ffc4f457000 	C:\WINDOWS\SYSTEM32\CRYPTSP.dll
0x00007ffc4ee70000 - 0x00007ffc4eea3000 	C:\WINDOWS\system32\rsaenh.dll
0x00007ffc4f570000 - 0x00007ffc4f595000 	C:\WINDOWS\SYSTEM32\bcrypt.dll
0x00007ffc4f940000 - 0x00007ffc4f968000 	C:\WINDOWS\SYSTEM32\USERENV.dll
0x00007ffc4f460000 - 0x00007ffc4f46b000 	C:\WINDOWS\SYSTEM32\CRYPTBASE.dll
0x00007ffc4f010000 - 0x00007ffc4f048000 	C:\WINDOWS\SYSTEM32\IPHLPAPI.DLL
0x00007ffc52c50000 - 0x00007ffc52c58000 	C:\WINDOWS\System32\NSI.dll
0x00007ffc4a9d0000 - 0x00007ffc4a9e6000 	C:\WINDOWS\SYSTEM32\dhcpcsvc6.DLL
0x00007ffc4a990000 - 0x00007ffc4a9aa000 	C:\WINDOWS\SYSTEM32\dhcpcsvc.DLL
0x00007ffc4af70000 - 0x00007ffc4af7d000 	D:\Android Studio\jre\jre\bin\management.dll
0x00007ffc4afc0000 - 0x00007ffc4afe4000 	D:\Android Studio\jre\jre\bin\sunec.dll
0x00007ffc4c150000 - 0x00007ffc4c15b000 	D:\Android Studio\jre\jre\bin\sunmscapi.dll
0x00007ffc50980000 - 0x00007ffc50b62000 	C:\WINDOWS\System32\CRYPT32.dll
0x00007ffc4fab0000 - 0x00007ffc4fac2000 	C:\WINDOWS\System32\MSASN1.dll

VM Arguments:
jvm_args: -Xmx1536m -Dfile.encoding=GBK -Duser.country=CN -Duser.language=zh -Duser.variant 
java_command: org.gradle.launcher.daemon.bootstrap.GradleDaemon 3.3
java_class_path (initial): C:\Users\yangg\.gradle\wrapper\dists\gradle-3.3-all\55gk2rcmfc6p2dg9u9ohc3hw9\gradle-3.3\lib\gradle-launcher-3.3.jar
Launcher Type: SUN_STANDARD

Environment Variables:
JAVA_HOME=C:\Program Files\Java\jdk-11
CLASSPATH=.;C:\Program Files\Java\jdk-11\bin;C:\Program Files\Java\jdk-11\lib\dt.jar;C:\Program Files\Java\jdk-11\lib\tools.jar
PATH=C:\Program Files\NVIDIA GPU Computing Toolkit\CUDA\v8.0\bin;C:\Program Files\NVIDIA GPU Computing Toolkit\CUDA\v8.0\libnvvp;C:\Program Files\Java\jdk-11\bin;C:\Program Files\Java\jdk-11\jre\bin;C:\ProgramData\Oracle\Java\javapath;C:\WINDOWS\system32;C:\WINDOWS;C:\WINDOWS\System32\Wbem;C:\WINDOWS\System32\WindowsPowerShell\v1.0\;C:\Program Files (x86)\Common Files\Thunder Network\KanKan\Codecs;C:\WINDOWS\System32\OpenSSH\;D:\¹¤¾ß\PUTTY\;C;\Program Files (x86)\PuTTY\;C:\Android;C:\Windows\System32;C:\Users\yangg\AppData\Local\Microsoft\WindowsApps;D:\modeltech64_10.1c\win64;C:\adb;C:\Program Files (x86)\Microsoft SQL Server\100\Tools\Binn\;C:\Program Files\Microsoft SQL Server\100\Tools\Binn\;C:\Program Files\Microsoft SQL Server\100\DTS\Binn\;C:\Program Files (x86)\NVIDIA Corporation\PhysX\Common;D:\opencv\build\x86\vc10\bin;D:\opencv\build\x64\vc10\bin;C:\Users\yangg\AppData\Local\Microsoft\WindowsApps;;D:\modeltech64_10.1c\win64
USERNAME=yangg
OS=Windows_NT
PROCESSOR_IDENTIFIER=Intel64 Family 6 Model 78 Stepping 3, GenuineIntel



---------------  S Y S T E M  ---------------

OS: Windows 10.0 , 64 bit Build 17134 (10.0.17134.1)

CPU:total 4 (2 cores per cpu, 2 threads per core) family 6 model 78 stepping 3, cmov, cx8, fxsr, mmx, sse, sse2, sse3, ssse3, sse4.1, sse4.2, popcnt, avx, avx2, aes, clmul, erms, 3dnowpref, lzcnt, ht, tsc, tscinvbit, bmi1, bmi2, adx

Memory: 4k page, physical 8281888k(1452112k free), swap 10233632k(5892k free)

vm_info: OpenJDK 64-Bit Server VM (25.112-b06) for windows-amd64 JRE (1.8.0_112-release-b06), built on Dec  8 2016 00:54:26 by "builder" with MS VC++ 10.0 (VS2010)

time: Sat Dec 22 16:01:46 2018
elapsed time: 533 seconds (0d 0h 8m 53s)

