#
# There is insufficient memory for the Java Runtime Environment to continue.
# Native memory allocation (malloc) failed to allocate 32744 bytes for ChunkPool::allocate
# Possible reasons:
#   The system is out of physical RAM or swap space
#   In 32 bit mode, the process size limit was hit
# Possible solutions:
#   Reduce memory load on the system
#   Increase physical memory or swap space
#   Check if swap backing store is full
#   Use 64 bit Java on a 64 bit OS
#   Decrease Java heap size (-Xmx/-Xms)
#   Decrease number of Java threads
#   Decrease Java thread stack sizes (-Xss)
#   Set larger code cache with -XX:ReservedCodeCacheSize=
# This output file may be truncated or incomplete.
#
#  Out of Memory Error (allocation.cpp:273), pid=2664, tid=0x00000000000046e0
#
# JRE version: OpenJDK Runtime Environment (8.0_112-b06) (build 1.8.0_112-release-b06)
# Java VM: OpenJDK 64-Bit Server VM (25.112-b06 mixed mode windows-amd64 compressed oops)
# Failed to write core dump. Minidumps are not enabled by default on client versions of Windows
#

---------------  T H R E A D  ---------------

Current thread (0x00000000163eb800):  JavaThread "C2 CompilerThread1" daemon [_thread_in_native, id=18144, stack(0x0000000017de0000,0x0000000017ee0000)]

Stack: [0x0000000017de0000,0x0000000017ee0000]
[error occurred during error reporting (printing stack bounds), id 0xc0000005]

Native frames: (J=compiled Java code, j=interpreted, Vv=VM code, C=native code)


Current CompileTask:
C2: 438798 12219   !   4       java.net.URLClassLoader$1::run (63 bytes)


---------------  P R O C E S S  ---------------

Java Threads: ( => current thread )
  0x0000000018fd3000 JavaThread "Cache update executor" [_thread_blocked, id=14616, stack(0x0000000029e50000,0x0000000029f50000)]
  0x0000000018fd4000 JavaThread "Stdin handler" [_thread_blocked, id=17456, stack(0x0000000029d50000,0x0000000029e50000)]
  0x0000000018fd0000 JavaThread "Asynchronous log dispatcher for DefaultDaemonConnection: socket connection from /127.0.0.1:12721 to /127.0.0.1:15007" [_thread_blocked, id=13024, stack(0x0000000029c50000,0x0000000029d50000)]
  0x0000000018fd5800 JavaThread "Daemon worker Thread 2" [_thread_in_native, id=12480, stack(0x0000000029b50000,0x0000000029c50000)]
  0x0000000018fce000 JavaThread "Cancel handler" [_thread_blocked, id=9340, stack(0x0000000029a50000,0x0000000029b50000)]
  0x0000000018fd2800 JavaThread "Handler for socket connection from /127.0.0.1:12721 to /127.0.0.1:15007" [_thread_in_native, id=21040, stack(0x0000000029950000,0x0000000029a50000)]
  0x0000000018fcd000 JavaThread "Daemon Thread 2" [_thread_blocked, id=12556, stack(0x0000000029850000,0x0000000029950000)]
  0x0000000018fd1000 JavaThread "pool-4-thread-4" [_thread_blocked, id=12920, stack(0x00000000222f0000,0x00000000223f0000)]
  0x0000000018fcf800 JavaThread "pool-4-thread-3" [_thread_blocked, id=20568, stack(0x00000000221f0000,0x00000000222f0000)]
  0x000000001942b000 JavaThread "pool-4-thread-2" [_thread_blocked, id=4468, stack(0x00000000220f0000,0x00000000221f0000)]
  0x000000001942a800 JavaThread "pool-4-thread-1" [_thread_blocked, id=23272, stack(0x0000000021ff0000,0x00000000220f0000)]
  0x000000001942c800 JavaThread "File lock request listener" [_thread_in_native, id=16120, stack(0x000000001cc00000,0x000000001cd00000)]
  0x0000000018f45000 JavaThread "pool-1-thread-1" [_thread_blocked, id=1012, stack(0x000000001a160000,0x000000001a260000)]
  0x0000000018e58000 JavaThread "Incoming local TCP Connector on port 12721" [_thread_in_native, id=22072, stack(0x0000000019bb0000,0x0000000019cb0000)]
  0x0000000017763800 JavaThread "Service Thread" daemon [_thread_blocked, id=22696, stack(0x0000000017fe0000,0x00000000180e0000)]
  0x00000000176ec800 JavaThread "C1 CompilerThread2" daemon [_thread_blocked, id=4356, stack(0x0000000017ee0000,0x0000000017fe0000)]
=>0x00000000163eb800 JavaThread "C2 CompilerThread1" daemon [_thread_in_native, id=18144, stack(0x0000000017de0000,0x0000000017ee0000)]
  0x00000000163e9000 JavaThread "C2 CompilerThread0" daemon [_thread_in_native, id=4296, stack(0x0000000017ce0000,0x0000000017de0000)]
  0x00000000176e8800 JavaThread "Attach Listener" daemon [_thread_blocked, id=4148, stack(0x0000000017be0000,0x0000000017ce0000)]
  0x0000000016386000 JavaThread "Signal Dispatcher" daemon [_thread_blocked, id=20900, stack(0x0000000017ae0000,0x0000000017be0000)]
  0x0000000002a1b800 JavaThread "Finalizer" daemon [_thread_blocked, id=18868, stack(0x00000000175e0000,0x00000000176e0000)]
  0x0000000016357800 JavaThread "Reference Handler" daemon [_thread_blocked, id=21076, stack(0x00000000174e0000,0x00000000175e0000)]
  0x0000000002920800 JavaThread "main" [_thread_blocked, id=20448, stack(0x0000000002820000,0x0000000002920000)]

Other Threads:
  0x0000000016355000 VMThread [stack: 0x00000000173e0000,0x00000000174e0000] [id=15716]
  0x000000001776d000 WatcherThread [stack: 0x00000000180e0000,0x00000000181e0000] [id=19580]

VM state:not at safepoint (normal execution)

VM Mutex/Monitor currently owned by a thread: None

Heap:
 PSYoungGen      total 159232K, used 142318K [0x00000000e0000000, 0x00000000ec380000, 0x0000000100000000)
  eden space 141824K, 93% used [0x00000000e0000000,0x00000000e8196df0,0x00000000e8a80000)
  from space 17408K, 55% used [0x00000000eb280000,0x00000000ebbe4d80,0x00000000ec380000)
  to   space 12800K, 0% used [0x00000000e8a80000,0x00000000e8a80000,0x00000000e9700000)
 ParOldGen       total 102400K, used 61174K [0x00000000a0000000, 0x00000000a6400000, 0x00000000e0000000)
  object space 102400K, 59% used [0x00000000a0000000,0x00000000a3bbd858,0x00000000a6400000)
 Metaspace       used 65057K, capacity 67452K, committed 67712K, reserved 1107968K
  class space    used 8364K, capacity 8799K, committed 8832K, reserved 1048576K

Card table byte_map: [0x0000000011de0000,0x00000000120f0000] byte_map_base: 0x00000000118e0000

Marking Bits: (ParMarkBitMap*) 0x0000000065e618f0
 Begin Bits: [0x00000000126f0000, 0x0000000013ef0000)
 End Bits:   [0x0000000013ef0000, 0x00000000156f0000)

Polling page: 0x00000000023b0000

CodeCache: size=245760Kb used=34099Kb max_used=34099Kb free=211660Kb
 bounds [0x0000000002a20000, 0x0000000004ba0000, 0x0000000011a20000]
 total_blobs=11153 nmethods=10365 adapters=699
 compilation: enabled

Compilation events (10 events):
Event: 438.596 Thread 0x00000000176ec800 12438       1       org.objectweb.asm.Type::getSort (5 bytes)
Event: 438.596 Thread 0x00000000176ec800 nmethod 12438 0x0000000004b8f250 code [0x0000000004b8f3a0, 0x0000000004b8f4b0]
Event: 438.596 Thread 0x00000000176ec800 12439       2       org.objectweb.asm.ClassReader::readByte (11 bytes)
Event: 438.596 Thread 0x00000000176ec800 nmethod 12439 0x0000000004b8f510 code [0x0000000004b8f660, 0x0000000004b8f7d0]
Event: 438.600 Thread 0x00000000176ec800 12440       2       java.util.regex.Pattern::compile (406 bytes)
Event: 438.602 Thread 0x00000000176ec800 nmethod 12440 0x0000000004b8f8d0 code [0x0000000004b8fb40, 0x0000000004b908c8]
Event: 438.653 Thread 0x00000000176ec800 12441       2       org.gradle.internal.io.LinePerThreadBufferingOutputStream::flush (8 bytes)
Event: 438.653 Thread 0x00000000176ec800 nmethod 12441 0x0000000004b91050 code [0x0000000004b911c0, 0x0000000004b91398]
Event: 438.653 Thread 0x00000000176ec800 12442       2       org.gradle.internal.io.LinePerThreadBufferingOutputStream::getStream (11 bytes)
Event: 438.653 Thread 0x00000000176ec800 nmethod 12442 0x0000000004b91490 code [0x0000000004b91600, 0x0000000004b917a8]

GC Heap History (10 events):
Event: 14.794 GC heap before
{Heap before GC invocations=13 (full 2):
 PSYoungGen      total 159232K, used 159226K [0x00000000e0000000, 0x00000000ec380000, 0x0000000100000000)
  eden space 141824K, 100% used [0x00000000e0000000,0x00000000e8a80000,0x00000000e8a80000)
  from space 17408K, 99% used [0x00000000eb280000,0x00000000ec37e9c8,0x00000000ec380000)
  to   space 12800K, 0% used [0x00000000e8a80000,0x00000000e8a80000,0x00000000e9700000)
 ParOldGen       total 102400K, used 51555K [0x00000000a0000000, 0x00000000a6400000, 0x00000000e0000000)
  object space 102400K, 50% used [0x00000000a0000000,0x00000000a3258eb8,0x00000000a6400000)
 Metaspace       used 53723K, capacity 55362K, committed 55680K, reserved 1097728K
  class space    used 7134K, capacity 7462K, committed 7552K, reserved 1048576K
Event: 14.886 GC heap after
Heap after GC invocations=13 (full 2):
 PSYoungGen      total 154624K, used 12787K [0x00000000e0000000, 0x00000000ec380000, 0x0000000100000000)
  eden space 141824K, 0% used [0x00000000e0000000,0x00000000e0000000,0x00000000e8a80000)
  from space 12800K, 99% used [0x00000000e8a80000,0x00000000e96fcfd0,0x00000000e9700000)
  to   space 17408K, 0% used [0x00000000eb280000,0x00000000eb280000,0x00000000ec380000)
 ParOldGen       total 102400K, used 83973K [0x00000000a0000000, 0x00000000a6400000, 0x00000000e0000000)
  object space 102400K, 82% used [0x00000000a0000000,0x00000000a52016a8,0x00000000a6400000)
 Metaspace       used 53723K, capacity 55362K, committed 55680K, reserved 1097728K
  class space    used 7134K, capacity 7462K, committed 7552K, reserved 1048576K
}
Event: 14.886 GC heap before
{Heap before GC invocations=14 (full 3):
 PSYoungGen      total 154624K, used 12787K [0x00000000e0000000, 0x00000000ec380000, 0x0000000100000000)
  eden space 141824K, 0% used [0x00000000e0000000,0x00000000e0000000,0x00000000e8a80000)
  from space 12800K, 99% used [0x00000000e8a80000,0x00000000e96fcfd0,0x00000000e9700000)
  to   space 17408K, 0% used [0x00000000eb280000,0x00000000eb280000,0x00000000ec380000)
 ParOldGen       total 102400K, used 83973K [0x00000000a0000000, 0x00000000a6400000, 0x00000000e0000000)
  object space 102400K, 82% used [0x00000000a0000000,0x00000000a52016a8,0x00000000a6400000)
 Metaspace       used 53723K, capacity 55362K, committed 55680K, reserved 1097728K
  class space    used 7134K, capacity 7462K, committed 7552K, reserved 1048576K
Event: 15.250 GC heap after
Heap after GC invocations=14 (full 3):
 PSYoungGen      total 154624K, used 0K [0x00000000e0000000, 0x00000000ec380000, 0x0000000100000000)
  eden space 141824K, 0% used [0x00000000e0000000,0x00000000e0000000,0x00000000e8a80000)
  from space 12800K, 0% used [0x00000000e8a80000,0x00000000e8a80000,0x00000000e9700000)
  to   space 17408K, 0% used [0x00000000eb280000,0x00000000eb280000,0x00000000ec380000)
 ParOldGen       total 102400K, used 61150K [0x00000000a0000000, 0x00000000a6400000, 0x00000000e0000000)
  object space 102400K, 59% used [0x00000000a0000000,0x00000000a3bb7858,0x00000000a6400000)
 Metaspace       used 53716K, capacity 55346K, committed 55680K, reserved 1097728K
  class space    used 7132K, capacity 7458K, committed 7552K, reserved 1048576K
}
Event: 54.554 GC heap before
{Heap before GC invocations=15 (full 3):
 PSYoungGen      total 154624K, used 141824K [0x00000000e0000000, 0x00000000ec380000, 0x0000000100000000)
  eden space 141824K, 100% used [0x00000000e0000000,0x00000000e8a80000,0x00000000e8a80000)
  from space 12800K, 0% used [0x00000000e8a80000,0x00000000e8a80000,0x00000000e9700000)
  to   space 17408K, 0% used [0x00000000eb280000,0x00000000eb280000,0x00000000ec380000)
 ParOldGen       total 102400K, used 61150K [0x00000000a0000000, 0x00000000a6400000, 0x00000000e0000000)
  object space 102400K, 59% used [0x00000000a0000000,0x00000000a3bb7858,0x00000000a6400000)
 Metaspace       used 58246K, capacity 60454K, committed 60544K, reserved 1101824K
  class space    used 7624K, capacity 8042K, committed 8064K, reserved 1048576K
Event: 54.569 GC heap after
Heap after GC invocations=15 (full 3):
 PSYoungGen      total 159232K, used 10833K [0x00000000e0000000, 0x00000000ec380000, 0x0000000100000000)
  eden space 141824K, 0% used [0x00000000e0000000,0x00000000e0000000,0x00000000e8a80000)
  from space 17408K, 62% used [0x00000000eb280000,0x00000000ebd144f0,0x00000000ec380000)
  to   space 12800K, 0% used [0x00000000e8a80000,0x00000000e8a80000,0x00000000e9700000)
 ParOldGen       total 102400K, used 61158K [0x00000000a0000000, 0x00000000a6400000, 0x00000000e0000000)
  object space 102400K, 59% used [0x00000000a0000000,0x00000000a3bb9858,0x00000000a6400000)
 Metaspace       used 58246K, capacity 60454K, committed 60544K, reserved 1101824K
  class space    used 7624K, capacity 8042K, committed 8064K, reserved 1048576K
}
Event: 106.579 GC heap before
{Heap before GC invocations=16 (full 3):
 PSYoungGen      total 159232K, used 152657K [0x00000000e0000000, 0x00000000ec380000, 0x0000000100000000)
  eden space 141824K, 100% used [0x00000000e0000000,0x00000000e8a80000,0x00000000e8a80000)
  from space 17408K, 62% used [0x00000000eb280000,0x00000000ebd144f0,0x00000000ec380000)
  to   space 12800K, 0% used [0x00000000e8a80000,0x00000000e8a80000,0x00000000e9700000)
 ParOldGen       total 102400K, used 61158K [0x00000000a0000000, 0x00000000a6400000, 0x00000000e0000000)
  object space 102400K, 59% used [0x00000000a0000000,0x00000000a3bb9858,0x00000000a6400000)
 Metaspace       used 59083K, capacity 61226K, committed 61440K, reserved 1101824K
  class space    used 7656K, capacity 8080K, committed 8192K, reserved 1048576K
Event: 106.591 GC heap after
Heap after GC invocations=16 (full 3):
 PSYoungGen      total 154624K, used 10340K [0x00000000e0000000, 0x00000000ec380000, 0x0000000100000000)
  eden space 141824K, 0% used [0x00000000e0000000,0x00000000e0000000,0x00000000e8a80000)
  from space 12800K, 80% used [0x00000000e8a80000,0x00000000e9499090,0x00000000e9700000)
  to   space 17408K, 0% used [0x00000000eb280000,0x00000000eb280000,0x00000000ec380000)
 ParOldGen       total 102400K, used 61166K [0x00000000a0000000, 0x00000000a6400000, 0x00000000e0000000)
  object space 102400K, 59% used [0x00000000a0000000,0x00000000a3bbb858,0x00000000a6400000)
 Metaspace       used 59083K, capacity 61226K, committed 61440K, reserved 1101824K
  class space    used 7656K, capacity 8080K, committed 8192K, reserved 1048576K
}
Event: 106.637 GC heap before
{Heap before GC invocations=17 (full 3):
 PSYoungGen      total 154624K, used 151820K [0x00000000e0000000, 0x00000000ec380000, 0x0000000100000000)
  eden space 141824K, 99% used [0x00000000e0000000,0x00000000e8a2a0c8,0x00000000e8a80000)
  from space 12800K, 80% used [0x00000000e8a80000,0x00000000e9499090,0x00000000e9700000)
  to   space 17408K, 0% used [0x00000000eb280000,0x00000000eb280000,0x00000000ec380000)
 ParOldGen       total 102400K, used 61166K [0x00000000a0000000, 0x00000000a6400000, 0x00000000e0000000)
  object space 102400K, 59% used [0x00000000a0000000,0x00000000a3bbb858,0x00000000a6400000)
 Metaspace       used 59104K, capacity 61294K, committed 61440K, reserved 1101824K
  class space    used 7657K, capacity 8082K, committed 8192K, reserved 1048576K
Event: 106.649 GC heap after
Heap after GC invocations=17 (full 3):
 PSYoungGen      total 159232K, used 9619K [0x00000000e0000000, 0x00000000ec380000, 0x0000000100000000)
  eden space 141824K, 0% used [0x00000000e0000000,0x00000000e0000000,0x00000000e8a80000)
  from space 17408K, 55% used [0x00000000eb280000,0x00000000ebbe4d80,0x00000000ec380000)
  to   space 12800K, 0% used [0x00000000e8a80000,0x00000000e8a80000,0x00000000e9700000)
 ParOldGen       total 102400K, used 61174K [0x00000000a0000000, 0x00000000a6400000, 0x00000000e0000000)
  object space 102400K, 59% used [0x00000000a0000000,0x00000000a3bbd858,0x00000000a6400000)
 Metaspace       used 59104K, capacity 61294K, committed 61440K, reserved 1101824K
  class space    used 7657K, capacity 8082K, committed 8192K, reserved 1048576K
}

Deoptimization events (10 events):
Event: 437.541 Thread 0x0000000018fd5800 Uncommon trap: reason=unstable_if action=reinterpret pc=0x00000000032b57e4 method=java.lang.CharacterDataLatin1.digit(II)I @ 60
Event: 437.555 Thread 0x0000000018fd5800 Uncommon trap: reason=unstable_if action=reinterpret pc=0x0000000004912fc8 method=com.sun.tools.javac.parser.UnicodeReader.scanChar()V @ 37
Event: 437.819 Thread 0x0000000018fd5800 Uncommon trap: reason=class_check action=maybe_recompile pc=0x00000000049e8518 method=com.sun.tools.javac.util.List.prependList(Lcom/sun/tools/javac/util/List;)Lcom/sun/tools/javac/util/List; @ 1
Event: 437.837 Thread 0x0000000018fd5800 Uncommon trap: reason=class_check action=maybe_recompile pc=0x00000000049e8518 method=com.sun.tools.javac.util.List.prependList(Lcom/sun/tools/javac/util/List;)Lcom/sun/tools/javac/util/List; @ 1
Event: 437.895 Thread 0x0000000018fd5800 Uncommon trap: reason=class_check action=maybe_recompile pc=0x00000000049e8518 method=com.sun.tools.javac.util.List.prependList(Lcom/sun/tools/javac/util/List;)Lcom/sun/tools/javac/util/List; @ 1
Event: 437.915 Thread 0x0000000018fd5800 Uncommon trap: reason=unloaded action=reinterpret pc=0x0000000004a043c8 method=com.sun.tools.javac.jvm.ClassReader.readPool(I)Ljava/lang/Object; @ 413
Event: 437.930 Thread 0x0000000018fd5800 Uncommon trap: reason=class_check action=maybe_recompile pc=0x00000000049e8518 method=com.sun.tools.javac.util.List.prependList(Lcom/sun/tools/javac/util/List;)Lcom/sun/tools/javac/util/List; @ 1
Event: 438.178 Thread 0x0000000018fd5800 Uncommon trap: reason=unstable_if action=reinterpret pc=0x00000000049d780c method=com.sun.tools.javac.util.Convert.chars2utf([CI[BII)I @ 35
Event: 438.426 Thread 0x0000000018fd5800 Uncommon trap: reason=unstable_if action=reinterpret pc=0x0000000004a9e000 method=com.sun.tools.javac.code.Types$18.visitClassType(Lcom/sun/tools/javac/code/Type$ClassType;Ljava/lang/Void;)Lcom/sun/tools/javac/code/Type; @ 75
Event: 438.426 Thread 0x0000000018fd5800 Uncommon trap: reason=unstable_if action=reinterpret pc=0x0000000004acd030 method=com.sun.tools.javac.code.Types$19.visitClassType(Lcom/sun/tools/javac/code/Type$ClassType;Ljava/lang/Void;)Lcom/sun/tools/javac/util/List; @ 67

Internal exceptions (10 events):
Event: 105.440 Thread 0x00000000190b2800 Implicit null exception at 0x00000000046133cb to 0x00000000046141fd
Event: 106.498 Thread 0x00000000190b2800 Exception <a 'java/lang/NoSuchMethodError': java.lang.Object.lambda$asRunnable$0(Lcom/android/apkzlib/utils/IOExceptionRunnable;)V> (0x00000000e79a5cc0) thrown at [C:\src\android\AOSP-openjdk\external\jetbrains\jdk\hotspot\src\share\vm\interpreter\linkReso+‡D
X¶Z@
Event: 106.599 Thread 0x00000000190b2800 Implicit null exception at 0x00000000044b80a4 to 0x00000000044b833d
Event: 106.833 Thread 0x00000000190b2800 Exception <a 'sun/nio/fs/WindowsException'> (0x00000000e0d86d50) thrown at [C:\src\android\AOSP-openjdk\external\jetbrains\jdk\hotspot\src\share\vm\prims\jni.cpp, line 709]
Event: 106.887 Thread 0x000000001948f800 Exception <a 'java/lang/NoSuchMethodError': <clinit>> (0x00000000e1084f28) thrown at [C:\src\android\AOSP-openjdk\external\jetbrains\jdk\hotspot\src\share\vm\prims\jni.cpp, line 1613]
Event: 106.887 Thread 0x000000001948f800 Exception <a 'java/lang/NoSuchMethodError': <clinit>> (0x00000000e1086258) thrown at [C:\src\android\AOSP-openjdk\external\jetbrains\jdk\hotspot\src\share\vm\prims\jni.cpp, line 1613]
Event: 106.888 Thread 0x000000001948f800 Exception <a 'java/lang/NoSuchMethodError': <clinit>> (0x00000000e1090428) thrown at [C:\src\android\AOSP-openjdk\external\jetbrains\jdk\hotspot\src\share\vm\prims\jni.cpp, line 1613]
Event: 106.888 Thread 0x000000001948f800 Exception <a 'java/lang/NoSuchMethodError': <clinit>> (0x00000000e1099e48) thrown at [C:\src\android\AOSP-openjdk\external\jetbrains\jdk\hotspot\src\share\vm\prims\jni.cpp, line 1613]
Event: 435.659 Thread 0x0000000018fd5800 Exception <a 'java/lang/ClassNotFoundException': asLocalRepo14535_f10batx81f6donbajcvub2mp8BeanInfo> (0x00000000e17d0fe8) thrown at [C:\src\android\AOSP-openjdk\external\jetbrains\jdk\hotspot\src\share\vm\classfile\systemDictionary.cpp, line 210]
Event: 435.660 Thread 0x0000000018fd5800 Exception <a 'java/lang/ClassNotFoundException': asLocalRepo14535_f10batx81f6donbajcvub2mp8Customizer> (0x00000000e17dc638) thrown at [C:\src\android\AOSP-openjdk\external\jetbrains\jdk\hotspot\src\share\vm\classfile\systemDictionary.cpp, line 210]

Events (10 events):
Event: 438.566 loading class org/gradle/api/internal/tasks/compile/incremental/analyzer/ClassAnalysis
Event: 438.566 loading class org/gradle/api/internal/tasks/compile/incremental/analyzer/ClassAnalysis done
Event: 438.583 loading class org/gradle/api/internal/tasks/compile/incremental/analyzer/ClassRelevancyFilter
Event: 438.583 loading class org/gradle/api/internal/tasks/compile/incremental/analyzer/ClassRelevancyFilter done
Event: 438.584 loading class org/gradle/api/internal/cache/MinimalPersistentCache$2
Event: 438.584 loading class org/gradle/api/internal/cache/MinimalPersistentCache$2 done
Event: 438.610 loading class org/gradle/api/internal/cache/SingleOperationPersistentStore$1
Event: 438.610 loading class org/gradle/api/internal/cache/SingleOperationPersistentStore$1 done
Event: 438.611 loading class org/gradle/api/internal/tasks/compile/incremental/deps/DependencyToAll
Event: 438.611 loading class org/gradle/api/internal/tasks/compile/incremental/deps/DependencyToAll done


Dynamic libraries:
0x00007ff635040000 - 0x00007ff635071000 	D:\Android Studio\jre\bin\java.exe
0x00007ffc53700000 - 0x00007ffc538e1000 	C:\WINDOWS\SYSTEM32\ntdll.dll
0x00007ffc53610000 - 0x00007ffc536c2000 	C:\WINDOWS\System32\KERNEL32.DLL
0x00007ffc4fd80000 - 0x00007ffc4fff3000 	C:\WINDOWS\System32\KERNELBASE.dll
0x00007ffc53560000 - 0x00007ffc53601000 	C:\WINDOWS\System32\ADVAPI32.dll
0x00007ffc52630000 - 0x00007ffc526ce000 	C:\WINDOWS\System32\msvcrt.dll
0x00007ffc528b0000 - 0x00007ffc5290b000 	C:\WINDOWS\System32\sechost.dll
0x00007ffc52b20000 - 0x00007ffc52c44000 	C:\WINDOWS\System32\RPCRT4.dll
0x00007ffc52990000 - 0x00007ffc52b20000 	C:\WINDOWS\System32\USER32.dll
0x00007ffc50b70000 - 0x00007ffc50b90000 	C:\WINDOWS\System32\win32u.dll
0x00007ffc52880000 - 0x00007ffc528a8000 	C:\WINDOWS\System32\GDI32.dll
0x00007ffc4fad0000 - 0x00007ffc4fc62000 	C:\WINDOWS\System32\gdi32full.dll
0x00007ffc508e0000 - 0x00007ffc5097f000 	C:\WINDOWS\System32\msvcp_win.dll
0x00007ffc507e0000 - 0x00007ffc508da000 	C:\WINDOWS\System32\ucrtbase.dll
0x00007ffc46da0000 - 0x00007ffc47009000 	C:\WINDOWS\WinSxS\amd64_microsoft.windows.common-controls_6595b64144ccf1df_6.0.17134.472_none_fb3f9af53068156d\COMCTL32.dll
0x00007ffc52300000 - 0x00007ffc52622000 	C:\WINDOWS\System32\combase.dll
0x00007ffc50000000 - 0x00007ffc5007a000 	C:\WINDOWS\System32\bcryptPrimitives.dll
0x00007ffc50c40000 - 0x00007ffc50c6d000 	C:\WINDOWS\System32\IMM32.DLL
0x0000000066cd0000 - 0x0000000066da2000 	D:\Android Studio\jre\jre\bin\msvcr100.dll
0x00000000656a0000 - 0x0000000065edc000 	D:\Android Studio\jre\jre\bin\server\jvm.dll
0x00007ffc52740000 - 0x00007ffc52748000 	C:\WINDOWS\System32\PSAPI.DLL
0x00007ffc4a1e0000 - 0x00007ffc4a203000 	C:\WINDOWS\SYSTEM32\WINMM.dll
0x00007ffc4a370000 - 0x00007ffc4a37a000 	C:\WINDOWS\SYSTEM32\VERSION.dll
0x00007ffc4b2e0000 - 0x00007ffc4b2e9000 	C:\WINDOWS\SYSTEM32\WSOCK32.dll
0x00007ffc527b0000 - 0x00007ffc5281c000 	C:\WINDOWS\System32\WS2_32.dll
0x00007ffc4a1b0000 - 0x00007ffc4a1da000 	C:\WINDOWS\SYSTEM32\winmmbase.dll
0x00007ffc50080000 - 0x00007ffc500c9000 	C:\WINDOWS\System32\cfgmgr32.dll
0x00007ffc4b080000 - 0x00007ffc4b08f000 	D:\Android Studio\jre\jre\bin\verify.dll
0x00007ffc41cd0000 - 0x00007ffc41cf9000 	D:\Android Studio\jre\jre\bin\java.dll
0x00007ffc435b0000 - 0x00007ffc435c6000 	D:\Android Studio\jre\jre\bin\zip.dll
0x00007ffc50ec0000 - 0x00007ffc52300000 	C:\WINDOWS\System32\SHELL32.dll
0x00007ffc50b90000 - 0x00007ffc50c39000 	C:\WINDOWS\System32\shcore.dll
0x00007ffc500d0000 - 0x00007ffc507dd000 	C:\WINDOWS\System32\windows.storage.dll
0x00007ffc526d0000 - 0x00007ffc52721000 	C:\WINDOWS\System32\shlwapi.dll
0x00007ffc4fa90000 - 0x00007ffc4faa1000 	C:\WINDOWS\System32\kernel.appcore.dll
0x00007ffc4fa70000 - 0x00007ffc4fa8f000 	C:\WINDOWS\System32\profapi.dll
0x00007ffc4fa20000 - 0x00007ffc4fa6c000 	C:\WINDOWS\System32\powrprof.dll
0x00007ffc4fa10000 - 0x00007ffc4fa1a000 	C:\WINDOWS\System32\FLTLIB.DLL
0x00007ffc41870000 - 0x00007ffc4188a000 	D:\Android Studio\jre\jre\bin\net.dll
0x00007ffc4f290000 - 0x00007ffc4f2f6000 	C:\WINDOWS\system32\mswsock.dll
0x00007ffc41650000 - 0x00007ffc41661000 	D:\Android Studio\jre\jre\bin\nio.dll
0x00007ffc3f7f0000 - 0x00007ffc3f80e000 	C:\Users\yangg\.gradle\native\23\windows-amd64\native-platform.dll
0x00007ffc4f440000 - 0x00007ffc4f457000 	C:\WINDOWS\SYSTEM32\CRYPTSP.dll
0x00007ffc4ee70000 - 0x00007ffc4eea3000 	C:\WINDOWS\system32\rsaenh.dll
0x00007ffc4f570000 - 0x00007ffc4f595000 	C:\WINDOWS\SYSTEM32\bcrypt.dll
0x00007ffc4f940000 - 0x00007ffc4f968000 	C:\WINDOWS\SYSTEM32\USERENV.dll
0x00007ffc4f460000 - 0x00007ffc4f46b000 	C:\WINDOWS\SYSTEM32\CRYPTBASE.dll
0x00007ffc4f010000 - 0x00007ffc4f048000 	C:\WINDOWS\SYSTEM32\IPHLPAPI.DLL
0x00007ffc52c50000 - 0x00007ffc52c58000 	C:\WINDOWS\System32\NSI.dll
0x00007ffc4a9d0000 - 0x00007ffc4a9e6000 	C:\WINDOWS\SYSTEM32\dhcpcsvc6.DLL
0x00007ffc4a990000 - 0x00007ffc4a9aa000 	C:\WINDOWS\SYSTEM32\dhcpcsvc.DLL
0x00007ffc4af70000 - 0x00007ffc4af7d000 	D:\Android Studio\jre\jre\bin\management.dll
0x00007ffc4eb00000 - 0x00007ffc4eb31000 	C:\WINDOWS\SYSTEM32\ntmarta.dll
0x00007ffc4afc0000 - 0x00007ffc4afe4000 	D:\Android Studio\jre\jre\bin\sunec.dll
0x00007ffc4c150000 - 0x00007ffc4c15b000 	D:\Android Studio\jre\jre\bin\sunmscapi.dll
0x00007ffc50980000 - 0x00007ffc50b62000 	C:\WINDOWS\System32\CRYPT32.dll
0x00007ffc4fab0000 - 0x00007ffc4fac2000 	C:\WINDOWS\System32\MSASN1.dll

VM Arguments:
jvm_args: -Xmx1536m -Dfile.encoding=GBK -Duser.country=CN -Duser.language=zh -Duser.variant 
java_command: org.gradle.launcher.daemon.bootstrap.GradleDaemon 3.3
java_class_path (initial): C:\Users\yangg\.gradle\wrapper\dists\gradle-3.3-all\55gk2rcmfc6p2dg9u9ohc3hw9\gradle-3.3\lib\gradle-launcher-3.3.jar
Launcher Type: SUN_STANDARD

Environment Variables:
JAVA_HOME=C:\Program Files\Java\jdk-11
CLASSPATH=.;C:\Program Files\Java\jdk-11\bin;C:\Program Files\Java\jdk-11\lib\dt.jar;C:\Program Files\Java\jdk-11\lib\tools.jar
PATH=C:\Program Files\NVIDIA GPU Computing Toolkit\CUDA\v8.0\bin;C:\Program Files\NVIDIA GPU Computing Toolkit\CUDA\v8.0\libnvvp;C:\Program Files\Java\jdk-11\bin;C:\Program Files\Java\jdk-11\jre\bin;C:\ProgramData\Oracle\Java\javapath;C:\WINDOWS\system32;C:\WINDOWS;C:\WINDOWS\System32\Wbem;C:\WINDOWS\System32\WindowsPowerShell\v1.0\;C:\Program Files (x86)\Common Files\Thunder Network\KanKan\Codecs;C:\WINDOWS\System32\OpenSSH\;D:\π§æﬂ\PUTTY\;C;\Program Files (x86)\PuTTY\;C:\Android;C:\Windows\System32;C:\Users\yangg\AppData\Local\Microsoft\WindowsApps;D:\modeltech64_10.1c\win64;C:\adb;C:\Program Files (x86)\Microsoft SQL Server\100\Tools\Binn\;C:\Program Files\Microsoft SQL Server\100\Tools\Binn\;C:\Program Files\Microsoft SQL Server\100\DTS\Binn\;C:\Program Files (x86)\NVIDIA Corporation\PhysX\Common;D:\opencv\build\x86\vc10\bin;D:\opencv\build\x64\vc10\bin;C:\Users\yangg\AppData\Local\Microsoft\WindowsApps;;D:\modeltech64_10.1c\win64
USERNAME=yangg
OS=Windows_NT
PROCESSOR_IDENTIFIER=Intel64 Family 6 Model 78 Stepping 3, GenuineIntel



---------------  S Y S T E M  ---------------

OS: Windows 10.0 , 64 bit Build 17134 (10.0.17134.1)

CPU:total 4 (2 cores per cpu, 2 threads per core) family 6 model 78 stepping 3, cmov, cx8, fxsr, mmx, sse, sse2, sse3, ssse3, sse4.1, sse4.2, popcnt, avx, avx2, aes, clmul, erms, 3dnowpref, lzcnt, ht, tsc, tscinvbit, bmi1, bmi2, adx

Memory: 4k page, physical 8281888k(692684k free), swap 10233632k(2072k free)

vm_info: OpenJDK 64-Bit Server VM (25.112-b06) for windows-amd64 JRE (1.8.0_112-release-b06), built on Dec  8 2016 00:54:26 by "builder" with MS VC++ 10.0 (VS2010)

time: Sat Dec 22 15:36:42 2018
elapsed time: 438 seconds (0d 0h 7m 18s)

