#
# There is insufficient memory for the Java Runtime Environment to continue.
# Native memory allocation (malloc) failed to allocate 65552 bytes for Chunk::new
# Possible reasons:
#   The system is out of physical RAM or swap space
#   In 32 bit mode, the process size limit was hit
# Possible solutions:
#   Reduce memory load on the system
#   Increase physical memory or swap space
#   Check if swap backing store is full
#   Use 64 bit Java on a 64 bit OS
#   Decrease Java heap size (-Xmx/-Xms)
#   Decrease number of Java threads
#   Decrease Java thread stack sizes (-Xss)
#   Set larger code cache with -XX:ReservedCodeCacheSize=
# This output file may be truncated or incomplete.
#
#  Out of Memory Error (allocation.cpp:390), pid=21716, tid=0x0000000000003314
#
# JRE version: OpenJDK Runtime Environment (8.0_112-b06) (build 1.8.0_112-release-b06)
# Java VM: OpenJDK 64-Bit Server VM (25.112-b06 mixed mode windows-amd64 compressed oops)
# Failed to write core dump. Minidumps are not enabled by default on client versions of Windows
#

---------------  T H R E A D  ---------------

Current thread (0x000000001659a000):  JavaThread "C2 CompilerThread0" daemon [_thread_in_native, id=13076, stack(0x0000000017e90000,0x0000000017f90000)]

Stack: [0x0000000017e90000,0x0000000017f90000]
[error occurred during error reporting (printing stack bounds), id 0xc0000005]

Native frames: (J=compiled Java code, j=interpreted, Vv=VM code, C=native code)


Current CompileTask:
C2: 243966 10136   !   4       java.nio.file.FileTreeWalker::next (144 bytes)


---------------  P R O C E S S  ---------------

Java Threads: ( => current thread )
  0x0000000018675800 JavaThread "Cache update executor" [_thread_blocked, id=5160, stack(0x0000000023c20000,0x0000000023d20000)]
  0x0000000018678800 JavaThread "Stdin handler" [_thread_blocked, id=248, stack(0x0000000023b20000,0x0000000023c20000)]
  0x0000000018676800 JavaThread "Asynchronous log dispatcher for DefaultDaemonConnection: socket connection from /127.0.0.1:15572 to /127.0.0.1:16806" [_thread_blocked, id=15956, stack(0x0000000023a20000,0x0000000023b20000)]
  0x000000001867a000 JavaThread "Daemon worker Thread 2" [_thread_in_native, id=17648, stack(0x0000000023920000,0x0000000023a20000)]
  0x0000000018677000 JavaThread "Cancel handler" [_thread_blocked, id=2076, stack(0x0000000023820000,0x0000000023920000)]
  0x000000001866d000 JavaThread "Handler for socket connection from /127.0.0.1:15572 to /127.0.0.1:16806" [_thread_in_native, id=18924, stack(0x0000000023720000,0x0000000023820000)]
  0x0000000018672800 JavaThread "Daemon Thread 2" [_thread_blocked, id=428, stack(0x0000000023620000,0x0000000023720000)]
  0x000000001866e800 JavaThread "pool-4-thread-1" [_thread_blocked, id=6412, stack(0x000000001fb90000,0x000000001fc90000)]
  0x000000001889d800 JavaThread "File lock request listener" [_thread_in_native, id=21028, stack(0x000000001cb00000,0x000000001cc00000)]
  0x0000000019568800 JavaThread "pool-1-thread-1" [_thread_blocked, id=7864, stack(0x000000001a260000,0x000000001a360000)]
  0x00000000195b1800 JavaThread "Incoming local TCP Connector on port 15572" [_thread_in_native, id=784, stack(0x0000000019d60000,0x0000000019e60000)]
  0x000000001790f800 JavaThread "Service Thread" daemon [_thread_blocked, id=10048, stack(0x0000000018190000,0x0000000018290000)]
  0x000000001789a000 JavaThread "C1 CompilerThread2" daemon [_thread_blocked, id=20584, stack(0x0000000018090000,0x0000000018190000)]
  0x000000001659b800 JavaThread "C2 CompilerThread1" daemon [_thread_in_native, id=1896, stack(0x0000000017f90000,0x0000000018090000)]
=>0x000000001659a000 JavaThread "C2 CompilerThread0" daemon [_thread_in_native, id=13076, stack(0x0000000017e90000,0x0000000017f90000)]
  0x0000000017898800 JavaThread "Attach Listener" daemon [_thread_blocked, id=15260, stack(0x0000000017d90000,0x0000000017e90000)]
  0x0000000016537000 JavaThread "Signal Dispatcher" daemon [_thread_blocked, id=18892, stack(0x0000000017c90000,0x0000000017d90000)]
  0x0000000016528800 JavaThread "Finalizer" daemon [_thread_blocked, id=12744, stack(0x0000000017790000,0x0000000017890000)]
  0x0000000002bc2000 JavaThread "Reference Handler" daemon [_thread_blocked, id=8920, stack(0x0000000017690000,0x0000000017790000)]
  0x0000000002ad0800 JavaThread "main" [_thread_blocked, id=21200, stack(0x0000000002930000,0x0000000002a30000)]

Other Threads:
  0x0000000016505000 VMThread [stack: 0x0000000017590000,0x0000000017690000] [id=21648]
  0x000000001791b800 WatcherThread [stack: 0x0000000018290000,0x0000000018390000] [id=11372]

VM state:not at safepoint (normal execution)

VM Mutex/Monitor currently owned by a thread: None

Heap:
 PSYoungGen      total 193536K, used 56215K [0x00000000e0000000, 0x00000000ef080000, 0x0000000100000000)
  eden space 171008K, 24% used [0x00000000e0000000,0x00000000e2993ba8,0x00000000ea700000)
  from space 22528K, 60% used [0x00000000ea700000,0x00000000eb452108,0x00000000ebd00000)
  to   space 22528K, 0% used [0x00000000eda80000,0x00000000eda80000,0x00000000ef080000)
 ParOldGen       total 103424K, used 40261K [0x00000000a0000000, 0x00000000a6500000, 0x00000000e0000000)
  object space 103424K, 38% used [0x00000000a0000000,0x00000000a2751638,0x00000000a6500000)
 Metaspace       used 64174K, capacity 66170K, committed 66432K, reserved 1107968K
  class space    used 8355K, capacity 8758K, committed 8832K, reserved 1048576K

Card table byte_map: [0x0000000011f90000,0x00000000122a0000] byte_map_base: 0x0000000011a90000

Marking Bits: (ParMarkBitMap*) 0x0000000065e618f0
 Begin Bits: [0x00000000128a0000, 0x00000000140a0000)
 End Bits:   [0x00000000140a0000, 0x00000000158a0000)

Polling page: 0x0000000000680000

CodeCache: size=245760Kb used=27219Kb max_used=27224Kb free=218540Kb
 bounds [0x0000000002bd0000, 0x0000000004690000, 0x0000000011bd0000]
 total_blobs=9277 nmethods=8486 adapters=702
 compilation: enabled

Compilation events (10 events):
Event: 243.863 Thread 0x000000001789a000 10132       3       com.google.common.base.CaseFormat$5::normalizeWord (5 bytes)
Event: 243.864 Thread 0x000000001789a000 nmethod 10132 0x0000000004684450 code [0x00000000046845c0, 0x0000000004684748]
Event: 243.865 Thread 0x000000001659a000 nmethod 10129 0x00000000046826d0 code [0x0000000004682840, 0x0000000004682b78]
Event: 243.867 Thread 0x000000001789a000 10133       3       com.google.common.collect.ArrayListMultimap::create (8 bytes)
Event: 243.868 Thread 0x000000001789a000 nmethod 10133 0x0000000004683650 code [0x0000000004683820, 0x0000000004683fc8]
Event: 243.868 Thread 0x000000001789a000 10134       3       com.google.common.collect.ArrayListMultimap::<init> (17 bytes)
Event: 243.869 Thread 0x000000001789a000 nmethod 10134 0x0000000004681a90 code [0x0000000004681c40, 0x0000000004682348]
Event: 243.876 Thread 0x000000001789a000 10135       3       com.google.common.cache.LocalCache$AccessQueue$1::setNextInAccessQueue (6 bytes)
Event: 243.876 Thread 0x000000001789a000 nmethod 10135 0x0000000004683310 code [0x0000000004683460, 0x00000000046835d0]
Event: 243.877 Thread 0x000000001659a000 10136   !   4       java.nio.file.FileTreeWalker::next (144 bytes)

GC Heap History (10 events):
Event: 9.859 GC heap before
{Heap before GC invocations=10 (full 2):
 PSYoungGen      total 109568K, used 98816K [0x00000000e0000000, 0x00000000eac80000, 0x0000000100000000)
  eden space 98816K, 100% used [0x00000000e0000000,0x00000000e6080000,0x00000000e6080000)
  from space 10752K, 0% used [0x00000000e6080000,0x00000000e6080000,0x00000000e6b00000)
  to   space 12288K, 0% used [0x00000000ea080000,0x00000000ea080000,0x00000000eac80000)
 ParOldGen       total 103424K, used 18076K [0x00000000a0000000, 0x00000000a6500000, 0x00000000e0000000)
  object space 103424K, 17% used [0x00000000a0000000,0x00000000a11a70a8,0x00000000a6500000)
 Metaspace       used 42481K, capacity 43298K, committed 43648K, reserved 1087488K
  class space    used 5668K, capacity 5898K, committed 6016K, reserved 1048576K
Event: 9.875 GC heap after
Heap after GC invocations=10 (full 2):
 PSYoungGen      total 150016K, used 10113K [0x00000000e0000000, 0x00000000eaa80000, 0x0000000100000000)
  eden space 139776K, 0% used [0x00000000e0000000,0x00000000e0000000,0x00000000e8880000)
  from space 10240K, 98% used [0x00000000ea080000,0x00000000eaa60458,0x00000000eaa80000)
  to   space 12800K, 0% used [0x00000000e9180000,0x00000000e9180000,0x00000000e9e00000)
 ParOldGen       total 103424K, used 18084K [0x00000000a0000000, 0x00000000a6500000, 0x00000000e0000000)
  object space 103424K, 17% used [0x00000000a0000000,0x00000000a11a90a8,0x00000000a6500000)
 Metaspace       used 42481K, capacity 43298K, committed 43648K, reserved 1087488K
  class space    used 5668K, capacity 5898K, committed 6016K, reserved 1048576K
}
Event: 12.669 GC heap before
{Heap before GC invocations=11 (full 2):
 PSYoungGen      total 150016K, used 149889K [0x00000000e0000000, 0x00000000eaa80000, 0x0000000100000000)
  eden space 139776K, 100% used [0x00000000e0000000,0x00000000e8880000,0x00000000e8880000)
  from space 10240K, 98% used [0x00000000ea080000,0x00000000eaa60458,0x00000000eaa80000)
  to   space 12800K, 0% used [0x00000000e9180000,0x00000000e9180000,0x00000000e9e00000)
 ParOldGen       total 103424K, used 18084K [0x00000000a0000000, 0x00000000a6500000, 0x00000000e0000000)
  object space 103424K, 17% used [0x00000000a0000000,0x00000000a11a90a8,0x00000000a6500000)
 Metaspace       used 52956K, capacity 54548K, committed 54784K, reserved 1095680K
  class space    used 7228K, capacity 7561K, committed 7680K, reserved 1048576K
Event: 12.709 GC heap after
Heap after GC invocations=11 (full 2):
 PSYoungGen      total 161792K, used 12787K [0x00000000e0000000, 0x00000000ecf80000, 0x0000000100000000)
  eden space 148992K, 0% used [0x00000000e0000000,0x00000000e0000000,0x00000000e9180000)
  from space 12800K, 99% used [0x00000000e9180000,0x00000000e9dfce88,0x00000000e9e00000)
  to   space 18944K, 0% used [0x00000000ebd00000,0x00000000ebd00000,0x00000000ecf80000)
 ParOldGen       total 103424K, used 29721K [0x00000000a0000000, 0x00000000a6500000, 0x00000000e0000000)
  object space 103424K, 28% used [0x00000000a0000000,0x00000000a1d06560,0x00000000a6500000)
 Metaspace       used 52956K, capacity 54548K, committed 54784K, reserved 1095680K
  class space    used 7228K, capacity 7561K, committed 7680K, reserved 1048576K
}
Event: 14.846 GC heap before
{Heap before GC invocations=12 (full 2):
 PSYoungGen      total 161792K, used 75362K [0x00000000e0000000, 0x00000000ecf80000, 0x0000000100000000)
  eden space 148992K, 41% used [0x00000000e0000000,0x00000000e3d1bbe8,0x00000000e9180000)
  from space 12800K, 99% used [0x00000000e9180000,0x00000000e9dfce88,0x00000000e9e00000)
  to   space 18944K, 0% used [0x00000000ebd00000,0x00000000ebd00000,0x00000000ecf80000)
 ParOldGen       total 103424K, used 29721K [0x00000000a0000000, 0x00000000a6500000, 0x00000000e0000000)
  object space 103424K, 28% used [0x00000000a0000000,0x00000000a1d06560,0x00000000a6500000)
 Metaspace       used 57298K, capacity 59016K, committed 59136K, reserved 1099776K
  class space    used 7665K, capacity 8084K, committed 8192K, reserved 1048576K
Event: 14.877 GC heap after
Heap after GC invocations=12 (full 2):
 PSYoungGen      total 189952K, used 18943K [0x00000000e0000000, 0x00000000ee200000, 0x0000000100000000)
  eden space 171008K, 0% used [0x00000000e0000000,0x00000000e0000000,0x00000000ea700000)
  from space 18944K, 99% used [0x00000000ebd00000,0x00000000ecf7ff58,0x00000000ecf80000)
  to   space 22528K, 0% used [0x00000000ea700000,0x00000000ea700000,0x00000000ebd00000)
 ParOldGen       total 103424K, used 33155K [0x00000000a0000000, 0x00000000a6500000, 0x00000000e0000000)
  object space 103424K, 32% used [0x00000000a0000000,0x00000000a2060d40,0x00000000a6500000)
 Metaspace       used 57298K, capacity 59016K, committed 59136K, reserved 1099776K
  class space    used 7665K, capacity 8084K, committed 8192K, reserved 1048576K
}
Event: 14.877 GC heap before
{Heap before GC invocations=13 (full 3):
 PSYoungGen      total 189952K, used 18943K [0x00000000e0000000, 0x00000000ee200000, 0x0000000100000000)
  eden space 171008K, 0% used [0x00000000e0000000,0x00000000e0000000,0x00000000ea700000)
  from space 18944K, 99% used [0x00000000ebd00000,0x00000000ecf7ff58,0x00000000ecf80000)
  to   space 22528K, 0% used [0x00000000ea700000,0x00000000ea700000,0x00000000ebd00000)
 ParOldGen       total 103424K, used 33155K [0x00000000a0000000, 0x00000000a6500000, 0x00000000e0000000)
  object space 103424K, 32% used [0x00000000a0000000,0x00000000a2060d40,0x00000000a6500000)
 Metaspace       used 57298K, capacity 59016K, committed 59136K, reserved 1099776K
  class space    used 7665K, capacity 8084K, committed 8192K, reserved 1048576K
Event: 15.149 GC heap after
Heap after GC invocations=13 (full 3):
 PSYoungGen      total 189952K, used 0K [0x00000000e0000000, 0x00000000ee200000, 0x0000000100000000)
  eden space 171008K, 0% used [0x00000000e0000000,0x00000000e0000000,0x00000000ea700000)
  from space 18944K, 0% used [0x00000000ebd00000,0x00000000ebd00000,0x00000000ecf80000)
  to   space 22528K, 0% used [0x00000000ea700000,0x00000000ea700000,0x00000000ebd00000)
 ParOldGen       total 103424K, used 40253K [0x00000000a0000000, 0x00000000a6500000, 0x00000000e0000000)
  object space 103424K, 38% used [0x00000000a0000000,0x00000000a274f638,0x00000000a6500000)
 Metaspace       used 57287K, capacity 59002K, committed 59136K, reserved 1099776K
  class space    used 7665K, capacity 8082K, committed 8192K, reserved 1048576K
}
Event: 242.984 GC heap before
{Heap before GC invocations=14 (full 3):
 PSYoungGen      total 189952K, used 171008K [0x00000000e0000000, 0x00000000ee200000, 0x0000000100000000)
  eden space 171008K, 100% used [0x00000000e0000000,0x00000000ea700000,0x00000000ea700000)
  from space 18944K, 0% used [0x00000000ebd00000,0x00000000ebd00000,0x00000000ecf80000)
  to   space 22528K, 0% used [0x00000000ea700000,0x00000000ea700000,0x00000000ebd00000)
 ParOldGen       total 103424K, used 40253K [0x00000000a0000000, 0x00000000a6500000, 0x00000000e0000000)
  object space 103424K, 38% used [0x00000000a0000000,0x00000000a274f638,0x00000000a6500000)
 Metaspace       used 63827K, capacity 65744K, committed 65920K, reserved 1105920K
  class space    used 8351K, capacity 8751K, committed 8832K, reserved 1048576K
Event: 243.003 GC heap after
Heap after GC invocations=14 (full 3):
 PSYoungGen      total 193536K, used 13640K [0x00000000e0000000, 0x00000000ef080000, 0x0000000100000000)
  eden space 171008K, 0% used [0x00000000e0000000,0x00000000e0000000,0x00000000ea700000)
  from space 22528K, 60% used [0x00000000ea700000,0x00000000eb452108,0x00000000ebd00000)
  to   space 22528K, 0% used [0x00000000eda80000,0x00000000eda80000,0x00000000ef080000)
 ParOldGen       total 103424K, used 40261K [0x00000000a0000000, 0x00000000a6500000, 0x00000000e0000000)
  object space 103424K, 38% used [0x00000000a0000000,0x00000000a2751638,0x00000000a6500000)
 Metaspace       used 63827K, capacity 65744K, committed 65920K, reserved 1105920K
  class space    used 8351K, capacity 8751K, committed 8832K, reserved 1048576K
}

Deoptimization events (10 events):
Event: 243.311 Thread 0x000000001867a000 Uncommon trap: reason=bimorphic action=maybe_recompile pc=0x000000000459b02c method=com.google.common.cache.LocalCache$Segment.getEntry(Ljava/lang/Object;I)Lcom/google/common/cache/LocalCache$ReferenceEntry; @ 11
Event: 243.312 Thread 0x000000001867a000 Uncommon trap: reason=bimorphic action=maybe_recompile pc=0x000000000459b02c method=com.google.common.cache.LocalCache$Segment.getEntry(Ljava/lang/Object;I)Lcom/google/common/cache/LocalCache$ReferenceEntry; @ 11
Event: 243.316 Thread 0x000000001867a000 Uncommon trap: reason=bimorphic action=maybe_recompile pc=0x000000000459b02c method=com.google.common.cache.LocalCache$Segment.getEntry(Ljava/lang/Object;I)Lcom/google/common/cache/LocalCache$ReferenceEntry; @ 11
Event: 243.316 Thread 0x000000001867a000 Uncommon trap: reason=bimorphic action=maybe_recompile pc=0x000000000459b02c method=com.google.common.cache.LocalCache$Segment.getEntry(Ljava/lang/Object;I)Lcom/google/common/cache/LocalCache$ReferenceEntry; @ 11
Event: 243.427 Thread 0x000000001867a000 Uncommon trap: reason=null_check action=make_not_entrant pc=0x0000000004010844 method=sun.nio.fs.NativeBuffers.getNativeBufferFromCache(I)Lsun/nio/fs/NativeBuffer; @ 6
Event: 243.427 Thread 0x000000001867a000 Uncommon trap: reason=null_check action=make_not_entrant pc=0x0000000003976d40 method=sun.nio.fs.NativeBuffers.getNativeBufferFromCache(I)Lsun/nio/fs/NativeBuffer; @ 6
Event: 243.427 Thread 0x000000001867a000 Uncommon trap: reason=null_check action=make_not_entrant pc=0x0000000002de9124 method=sun.nio.fs.NativeBuffers.releaseNativeBuffer(Lsun/nio/fs/NativeBuffer;)V @ 6
Event: 243.460 Thread 0x000000001867a000 Uncommon trap: reason=unstable_if action=reinterpret pc=0x0000000003128e1c method=com.google.common.cache.LocalCache.isExpired(Lcom/google/common/cache/LocalCache$ReferenceEntry;J)Z @ 9
Event: 243.583 Thread 0x000000001867a000 Uncommon trap: reason=unstable_if action=reinterpret pc=0x0000000003fece58 method=com.google.common.cache.LocalCache.isExpired(Lcom/google/common/cache/LocalCache$ReferenceEntry;J)Z @ 9
Event: 243.683 Thread 0x000000001867a000 Uncommon trap: reason=unstable_if action=reinterpret pc=0x00000000045883bc method=com.sun.org.apache.xerces.internal.dom.NamedNodeMapImpl.getNamedItem(Ljava/lang/String;)Lorg/w3c/dom/Node; @ 8

Internal exceptions (10 events):
Event: 17.422 Thread 0x0000000018dd4800 Exception <a 'java/lang/NoSuchMethodError': <clinit>> (0x00000000e8ae06c0) thrown at [C:\src\android\AOSP-openjdk\external\jetbrains\jdk\hotspot\src\share\vm\prims\jni.cpp, line 1613]
Event: 17.422 Thread 0x0000000018dd4800 Exception <a 'java/lang/NoSuchMethodError': <clinit>> (0x00000000e8ae9df0) thrown at [C:\src\android\AOSP-openjdk\external\jetbrains\jdk\hotspot\src\share\vm\prims\jni.cpp, line 1613]
Event: 17.422 Thread 0x0000000018dd4800 Exception <a 'java/lang/NoSuchMethodError': <clinit>> (0x00000000e8aebb10) thrown at [C:\src\android\AOSP-openjdk\external\jetbrains\jdk\hotspot\src\share\vm\prims\jni.cpp, line 1613]
Event: 17.429 Thread 0x0000000019584800 Exception <a 'java/lang/NoSuchMethodError': <clinit>> (0x00000000e8c67d10) thrown at [C:\src\android\AOSP-openjdk\external\jetbrains\jdk\hotspot\src\share\vm\prims\jni.cpp, line 1613]
Event: 242.483 Thread 0x0000000018676800 Implicit null exception at 0x0000000002fb5a70 to 0x0000000002fb5d9d
Event: 242.715 Thread 0x000000001867a000 Exception <a 'java/lang/ClassNotFoundException': asLocalRepo13788_69ieiyey0hs3krgn0k0pewh9hBeanInfo> (0x00000000e96064c0) thrown at [C:\src\android\AOSP-openjdk\external\jetbrains\jdk\hotspot\src\share\vm\classfile\systemDictionary.cpp, line 210]
Event: 242.716 Thread 0x000000001867a000 Exception <a 'java/lang/ClassNotFoundException': asLocalRepo13788_69ieiyey0hs3krgn0k0pewh9hCustomizer> (0x00000000e9611b30) thrown at [C:\src\android\AOSP-openjdk\external\jetbrains\jdk\hotspot\src\share\vm\classfile\systemDictionary.cpp, line 210]
Event: 243.349 Thread 0x000000001867a000 Exception <a 'java/lang/reflect/InvocationTargetException'> (0x00000000e185e818) thrown at [C:\src\android\AOSP-openjdk\external\jetbrains\jdk\hotspot\src\share\vm\runtime\reflection.cpp, line 1092]
Event: 243.427 Thread 0x000000001867a000 Implicit null exception at 0x0000000003976942 to 0x0000000003976d12
Event: 243.427 Thread 0x000000001867a000 Implicit null exception at 0x0000000002de8ec6 to 0x0000000002de9114

Events (10 events):
Event: 243.754 Thread 0x000000001789a000 flushing nmethod 0x000000000310cfd0
Event: 243.756 Thread 0x000000001789a000 flushing nmethod 0x00000000034f3cd0
Event: 243.758 Executing VM operation: RevokeBias
Event: 243.758 Executing VM operation: RevokeBias done
Event: 243.768 Executing VM operation: RevokeBias
Event: 243.768 Executing VM operation: RevokeBias done
Event: 243.780 Executing VM operation: RevokeBias
Event: 243.780 Executing VM operation: RevokeBias done
Event: 243.785 Executing VM operation: RevokeBias
Event: 243.785 Executing VM operation: RevokeBias done


Dynamic libraries:
0x00007ff635040000 - 0x00007ff635071000 	D:\Android Studio\jre\bin\java.exe
0x00007ffc53700000 - 0x00007ffc538e1000 	C:\WINDOWS\SYSTEM32\ntdll.dll
0x00007ffc53610000 - 0x00007ffc536c2000 	C:\WINDOWS\System32\KERNEL32.DLL
0x00007ffc4fd80000 - 0x00007ffc4fff3000 	C:\WINDOWS\System32\KERNELBASE.dll
0x00007ffc53560000 - 0x00007ffc53601000 	C:\WINDOWS\System32\ADVAPI32.dll
0x00007ffc52630000 - 0x00007ffc526ce000 	C:\WINDOWS\System32\msvcrt.dll
0x00007ffc528b0000 - 0x00007ffc5290b000 	C:\WINDOWS\System32\sechost.dll
0x00007ffc52b20000 - 0x00007ffc52c44000 	C:\WINDOWS\System32\RPCRT4.dll
0x00007ffc52990000 - 0x00007ffc52b20000 	C:\WINDOWS\System32\USER32.dll
0x00007ffc50b70000 - 0x00007ffc50b90000 	C:\WINDOWS\System32\win32u.dll
0x00007ffc52880000 - 0x00007ffc528a8000 	C:\WINDOWS\System32\GDI32.dll
0x00007ffc4fad0000 - 0x00007ffc4fc62000 	C:\WINDOWS\System32\gdi32full.dll
0x00007ffc508e0000 - 0x00007ffc5097f000 	C:\WINDOWS\System32\msvcp_win.dll
0x00007ffc507e0000 - 0x00007ffc508da000 	C:\WINDOWS\System32\ucrtbase.dll
0x00007ffc46da0000 - 0x00007ffc47009000 	C:\WINDOWS\WinSxS\amd64_microsoft.windows.common-controls_6595b64144ccf1df_6.0.17134.472_none_fb3f9af53068156d\COMCTL32.dll
0x00007ffc52300000 - 0x00007ffc52622000 	C:\WINDOWS\System32\combase.dll
0x00007ffc50000000 - 0x00007ffc5007a000 	C:\WINDOWS\System32\bcryptPrimitives.dll
0x00007ffc50c40000 - 0x00007ffc50c6d000 	C:\WINDOWS\System32\IMM32.DLL
0x0000000066cd0000 - 0x0000000066da2000 	D:\Android Studio\jre\jre\bin\msvcr100.dll
0x00000000656a0000 - 0x0000000065edc000 	D:\Android Studio\jre\jre\bin\server\jvm.dll
0x00007ffc52740000 - 0x00007ffc52748000 	C:\WINDOWS\System32\PSAPI.DLL
0x00007ffc4a370000 - 0x00007ffc4a37a000 	C:\WINDOWS\SYSTEM32\VERSION.dll
0x00007ffc4a1e0000 - 0x00007ffc4a203000 	C:\WINDOWS\SYSTEM32\WINMM.dll
0x00007ffc4b2e0000 - 0x00007ffc4b2e9000 	C:\WINDOWS\SYSTEM32\WSOCK32.dll
0x00007ffc527b0000 - 0x00007ffc5281c000 	C:\WINDOWS\System32\WS2_32.dll
0x00007ffc4a1b0000 - 0x00007ffc4a1da000 	C:\WINDOWS\SYSTEM32\WINMMBASE.dll
0x00007ffc50080000 - 0x00007ffc500c9000 	C:\WINDOWS\System32\cfgmgr32.dll
0x00007ffc4b080000 - 0x00007ffc4b08f000 	D:\Android Studio\jre\jre\bin\verify.dll
0x00007ffc41cd0000 - 0x00007ffc41cf9000 	D:\Android Studio\jre\jre\bin\java.dll
0x00007ffc435b0000 - 0x00007ffc435c6000 	D:\Android Studio\jre\jre\bin\zip.dll
0x00007ffc50ec0000 - 0x00007ffc52300000 	C:\WINDOWS\System32\SHELL32.dll
0x00007ffc50b90000 - 0x00007ffc50c39000 	C:\WINDOWS\System32\shcore.dll
0x00007ffc500d0000 - 0x00007ffc507dd000 	C:\WINDOWS\System32\windows.storage.dll
0x00007ffc526d0000 - 0x00007ffc52721000 	C:\WINDOWS\System32\shlwapi.dll
0x00007ffc4fa90000 - 0x00007ffc4faa1000 	C:\WINDOWS\System32\kernel.appcore.dll
0x00007ffc4fa70000 - 0x00007ffc4fa8f000 	C:\WINDOWS\System32\profapi.dll
0x00007ffc4fa20000 - 0x00007ffc4fa6c000 	C:\WINDOWS\System32\powrprof.dll
0x00007ffc4fa10000 - 0x00007ffc4fa1a000 	C:\WINDOWS\System32\FLTLIB.DLL
0x00007ffc41870000 - 0x00007ffc4188a000 	D:\Android Studio\jre\jre\bin\net.dll
0x00007ffc4f290000 - 0x00007ffc4f2f6000 	C:\WINDOWS\system32\mswsock.dll
0x00007ffc41650000 - 0x00007ffc41661000 	D:\Android Studio\jre\jre\bin\nio.dll
0x00007ffc3f7f0000 - 0x00007ffc3f80e000 	C:\Users\yangg\.gradle\native\23\windows-amd64\native-platform.dll
0x00007ffc4f440000 - 0x00007ffc4f457000 	C:\WINDOWS\SYSTEM32\CRYPTSP.dll
0x00007ffc4ee70000 - 0x00007ffc4eea3000 	C:\WINDOWS\system32\rsaenh.dll
0x00007ffc4f570000 - 0x00007ffc4f595000 	C:\WINDOWS\SYSTEM32\bcrypt.dll
0x00007ffc4f940000 - 0x00007ffc4f968000 	C:\WINDOWS\SYSTEM32\USERENV.dll
0x00007ffc4f460000 - 0x00007ffc4f46b000 	C:\WINDOWS\SYSTEM32\CRYPTBASE.dll
0x00007ffc4f010000 - 0x00007ffc4f048000 	C:\WINDOWS\SYSTEM32\IPHLPAPI.DLL
0x00007ffc52c50000 - 0x00007ffc52c58000 	C:\WINDOWS\System32\NSI.dll
0x00007ffc4a9d0000 - 0x00007ffc4a9e6000 	C:\WINDOWS\SYSTEM32\dhcpcsvc6.DLL
0x00007ffc4a990000 - 0x00007ffc4a9aa000 	C:\WINDOWS\SYSTEM32\dhcpcsvc.DLL
0x00007ffc4af70000 - 0x00007ffc4af7d000 	D:\Android Studio\jre\jre\bin\management.dll
0x00007ffc4afc0000 - 0x00007ffc4afe4000 	D:\Android Studio\jre\jre\bin\sunec.dll
0x00007ffc4c150000 - 0x00007ffc4c15b000 	D:\Android Studio\jre\jre\bin\sunmscapi.dll
0x00007ffc50980000 - 0x00007ffc50b62000 	C:\WINDOWS\System32\CRYPT32.dll
0x00007ffc4fab0000 - 0x00007ffc4fac2000 	C:\WINDOWS\System32\MSASN1.dll

VM Arguments:
jvm_args: -Xmx1536m -Dfile.encoding=GBK -Duser.country=CN -Duser.language=zh -Duser.variant 
java_command: org.gradle.launcher.daemon.bootstrap.GradleDaemon 3.3
java_class_path (initial): C:\Users\yangg\.gradle\wrapper\dists\gradle-3.3-all\55gk2rcmfc6p2dg9u9ohc3hw9\gradle-3.3\lib\gradle-launcher-3.3.jar
Launcher Type: SUN_STANDARD

Environment Variables:
JAVA_HOME=C:\Program Files\Java\jdk-11
CLASSPATH=.;C:\Program Files\Java\jdk-11\bin;C:\Program Files\Java\jdk-11\lib\dt.jar;C:\Program Files\Java\jdk-11\lib\tools.jar
PATH=C:\Program Files\NVIDIA GPU Computing Toolkit\CUDA\v8.0\bin;C:\Program Files\NVIDIA GPU Computing Toolkit\CUDA\v8.0\libnvvp;C:\Program Files\Java\jdk-11\bin;C:\Program Files\Java\jdk-11\jre\bin;C:\ProgramData\Oracle\Java\javapath;C:\WINDOWS\system32;C:\WINDOWS;C:\WINDOWS\System32\Wbem;C:\WINDOWS\System32\WindowsPowerShell\v1.0\;C:\Program Files (x86)\Common Files\Thunder Network\KanKan\Codecs;C:\WINDOWS\System32\OpenSSH\;D:\¹¤¾ß\PUTTY\;C;\Program Files (x86)\PuTTY\;C:\Android;C:\Windows\System32;C:\Users\yangg\AppData\Local\Microsoft\WindowsApps;D:\modeltech64_10.1c\win64;C:\adb;C:\Program Files (x86)\Microsoft SQL Server\100\Tools\Binn\;C:\Program Files\Microsoft SQL Server\100\Tools\Binn\;C:\Program Files\Microsoft SQL Server\100\DTS\Binn\;C:\Program Files (x86)\NVIDIA Corporation\PhysX\Common;D:\opencv\build\x86\vc10\bin;D:\opencv\build\x64\vc10\bin;C:\Users\yangg\AppData\Local\Microsoft\WindowsApps;;D:\modeltech64_10.1c\win64
USERNAME=yangg
OS=Windows_NT
PROCESSOR_IDENTIFIER=Intel64 Family 6 Model 78 Stepping 3, GenuineIntel



---------------  S Y S T E M  ---------------

OS: Windows 10.0 , 64 bit Build 17134 (10.0.17134.1)

CPU:total 4 (2 cores per cpu, 2 threads per core) family 6 model 78 stepping 3, cmov, cx8, fxsr, mmx, sse, sse2, sse3, ssse3, sse4.1, sse4.2, popcnt, avx, avx2, aes, clmul, erms, 3dnowpref, lzcnt, ht, tsc, tscinvbit, bmi1, bmi2, adx

Memory: 4k page, physical 8281888k(812568k free), swap 10233632k(820k free)

vm_info: OpenJDK 64-Bit Server VM (25.112-b06) for windows-amd64 JRE (1.8.0_112-release-b06), built on Dec  8 2016 00:54:26 by "builder" with MS VC++ 10.0 (VS2010)

time: Sat Dec 22 15:42:06 2018
elapsed time: 243 seconds (0d 0h 4m 3s)

