#
# There is insufficient memory for the Java Runtime Environment to continue.
# Native memory allocation (malloc) failed to allocate 2196016 bytes for Chunk::new
# Possible reasons:
#   The system is out of physical RAM or swap space
#   In 32 bit mode, the process size limit was hit
# Possible solutions:
#   Reduce memory load on the system
#   Increase physical memory or swap space
#   Check if swap backing store is full
#   Use 64 bit Java on a 64 bit OS
#   Decrease Java heap size (-Xmx/-Xms)
#   Decrease number of Java threads
#   Decrease Java thread stack sizes (-Xss)
#   Set larger code cache with -XX:ReservedCodeCacheSize=
# This output file may be truncated or incomplete.
#
#  Out of Memory Error (allocation.cpp:390), pid=19656, tid=0x000000000000353c
#
# JRE version: OpenJDK Runtime Environment (8.0_112-b06) (build 1.8.0_112-release-b06)
# Java VM: OpenJDK 64-Bit Server VM (25.112-b06 mixed mode windows-amd64 compressed oops)
# Failed to write core dump. Minidumps are not enabled by default on client versions of Windows
#

---------------  T H R E A D  ---------------

Current thread (0x000000001652b800):  JavaThread "C2 CompilerThread1" daemon [_thread_in_native, id=13628, stack(0x0000000017f40000,0x0000000018040000)]

Stack: [0x0000000017f40000,0x0000000018040000]
[error occurred during error reporting (printing stack bounds), id 0xc0000005]

Native frames: (J=compiled Java code, j=interpreted, Vv=VM code, C=native code)


Current CompileTask:
C2:  74016 8369   !   4       java.net.URLClassLoader$1::run (63 bytes)


---------------  P R O C E S S  ---------------

Java Threads: ( => current thread )
  0x000000001db07000 JavaThread "Cache update executor" [_thread_blocked, id=8316, stack(0x00000000223c0000,0x00000000224c0000)]
  0x000000001db06000 JavaThread "Stdin handler" [_thread_blocked, id=13188, stack(0x00000000222c0000,0x00000000223c0000)]
  0x000000001db01800 JavaThread "Asynchronous log dispatcher for DefaultDaemonConnection: socket connection from /127.0.0.1:19460 to /127.0.0.1:19737" [_thread_blocked, id=13096, stack(0x00000000221c0000,0x00000000222c0000)]
  0x000000001db05800 JavaThread "Cancel handler" [_thread_blocked, id=22772, stack(0x0000000021e60000,0x0000000021f60000)]
  0x000000001db02000 JavaThread "Handler for socket connection from /127.0.0.1:19460 to /127.0.0.1:19737" [_thread_in_native, id=16104, stack(0x0000000021d60000,0x0000000021e60000)]
  0x000000001db03000 JavaThread "File lock request listener" [_thread_in_native, id=16696, stack(0x000000001db30000,0x000000001dc30000)]
  0x000000001946a800 JavaThread "Daemon worker" [_thread_in_vm, id=3756, stack(0x000000001b490000,0x000000001b590000)]
  0x0000000018e8b000 JavaThread "pool-1-thread-1" [_thread_blocked, id=15980, stack(0x000000001b290000,0x000000001b390000)]
  0x0000000019018800 JavaThread "Daemon" [_thread_blocked, id=20288, stack(0x000000001b090000,0x000000001b190000)]
  0x00000000192cd000 JavaThread "Incoming local TCP Connector on port 19460" [_thread_in_native, id=8164, stack(0x000000001ace0000,0x000000001ade0000)]
  0x00000000178b8800 JavaThread "Service Thread" daemon [_thread_blocked, id=2880, stack(0x0000000018140000,0x0000000018240000)]
  0x000000001784c800 JavaThread "C1 CompilerThread2" daemon [_thread_blocked, id=3068, stack(0x0000000018040000,0x0000000018140000)]
=>0x000000001652b800 JavaThread "C2 CompilerThread1" daemon [_thread_in_native, id=13628, stack(0x0000000017f40000,0x0000000018040000)]
  0x000000001652a000 JavaThread "C2 CompilerThread0" daemon [_thread_in_native, id=16080, stack(0x0000000017e40000,0x0000000017f40000)]
  0x0000000017848800 JavaThread "Attach Listener" daemon [_thread_blocked, id=22284, stack(0x0000000017d40000,0x0000000017e40000)]
  0x00000000164c7800 JavaThread "Signal Dispatcher" daemon [_thread_blocked, id=8136, stack(0x0000000017c40000,0x0000000017d40000)]
  0x00000000164b8800 JavaThread "Finalizer" daemon [_thread_blocked, id=13352, stack(0x0000000017740000,0x0000000017840000)]
  0x0000000002b52000 JavaThread "Reference Handler" daemon [_thread_blocked, id=16272, stack(0x0000000017640000,0x0000000017740000)]
  0x0000000002a60800 JavaThread "main" [_thread_blocked, id=1096, stack(0x00000000028c0000,0x00000000029c0000)]

Other Threads:
  0x0000000016495000 VMThread [stack: 0x0000000017540000,0x0000000017640000] [id=14436]
  0x00000000178e1800 WatcherThread [stack: 0x0000000018240000,0x0000000018340000] [id=11160]

VM state:not at safepoint (normal execution)

VM Mutex/Monitor currently owned by a thread: None

Heap:
 PSYoungGen      total 172032K, used 31108K [0x00000000e0000000, 0x00000000ece00000, 0x0000000100000000)
  eden space 154624K, 20% used [0x00000000e0000000,0x00000000e1e611c8,0x00000000e9700000)
  from space 17408K, 0% used [0x00000000eac00000,0x00000000eac00000,0x00000000ebd00000)
  to   space 21504K, 0% used [0x00000000e9700000,0x00000000e9700000,0x00000000eac00000)
 ParOldGen       total 104960K, used 41029K [0x00000000a0000000, 0x00000000a6680000, 0x00000000e0000000)
  object space 104960K, 39% used [0x00000000a0000000,0x00000000a2811720,0x00000000a6680000)
 Metaspace       used 59531K, capacity 61378K, committed 61440K, reserved 1101824K
  class space    used 7784K, capacity 8180K, committed 8192K, reserved 1048576K

Card table byte_map: [0x0000000011f20000,0x0000000012230000] byte_map_base: 0x0000000011a20000

Marking Bits: (ParMarkBitMap*) 0x0000000065e618f0
 Begin Bits: [0x0000000012830000, 0x0000000014030000)
 End Bits:   [0x0000000014030000, 0x0000000015830000)

Polling page: 0x00000000003f0000

CodeCache: size=245760Kb used=25464Kb max_used=25464Kb free=220295Kb
 bounds [0x0000000002b60000, 0x0000000004460000, 0x0000000011b60000]
 total_blobs=8479 nmethods=7702 adapters=688
 compilation: enabled

Compilation events (10 events):
Event: 73.966 Thread 0x000000001784c800 8765       2       com.sun.tools.javac.code.Types$DefaultTypeVisitor::visitArrayType (7 bytes)
Event: 73.966 Thread 0x000000001784c800 nmethod 8765 0x0000000004453e90 code [0x0000000004454000, 0x0000000004454188]
Event: 73.966 Thread 0x000000001784c800 8766       2       com.sun.tools.javac.code.Symbol::getRawAttributes (21 bytes)
Event: 73.966 Thread 0x000000001784c800 nmethod 8766 0x0000000004454210 code [0x0000000004454380, 0x0000000004454550]
Event: 73.967 Thread 0x000000001784c800 8767       2       com.sun.tools.javac.jvm.ClassWriter::fieldName (78 bytes)
Event: 73.967 Thread 0x000000001784c800 nmethod 8767 0x0000000004454610 code [0x0000000004454800, 0x0000000004454df8]
Event: 73.968 Thread 0x000000001784c800 8768       2       com.sun.tools.javac.code.Types$SignatureGenerator::assembleClassSig (225 bytes)
Event: 73.969 Thread 0x000000001784c800 nmethod 8768 0x00000000044551d0 code [0x0000000004455500, 0x0000000004455fa8]
Event: 73.970 Thread 0x000000001784c800 8769       2       com.sun.tools.javac.util.Name::isEmpty (13 bytes)
Event: 73.970 Thread 0x000000001784c800 nmethod 8769 0x0000000004456bd0 code [0x0000000004456d40, 0x0000000004456ec8]

GC Heap History (10 events):
Event: 7.833 GC heap before
{Heap before GC invocations=9 (full 2):
 PSYoungGen      total 108544K, used 10733K [0x00000000e0000000, 0x00000000ea780000, 0x0000000100000000)
  eden space 97792K, 0% used [0x00000000e0000000,0x00000000e0000000,0x00000000e5f80000)
  from space 10752K, 99% used [0x00000000e5f80000,0x00000000e69fb550,0x00000000e6a00000)
  to   space 12288K, 0% used [0x00000000e9b80000,0x00000000e9b80000,0x00000000ea780000)
 ParOldGen       total 65024K, used 13420K [0x00000000a0000000, 0x00000000a3f80000, 0x00000000e0000000)
  object space 65024K, 20% used [0x00000000a0000000,0x00000000a0d1b3a8,0x00000000a3f80000)
 Metaspace       used 34776K, capacity 35388K, committed 35496K, reserved 1079296K
  class space    used 4629K, capacity 4822K, committed 4864K, reserved 1048576K
Event: 7.964 GC heap after
Heap after GC invocations=9 (full 2):
 PSYoungGen      total 108544K, used 0K [0x00000000e0000000, 0x00000000ea780000, 0x0000000100000000)
  eden space 97792K, 0% used [0x00000000e0000000,0x00000000e0000000,0x00000000e5f80000)
  from space 10752K, 0% used [0x00000000e5f80000,0x00000000e5f80000,0x00000000e6a00000)
  to   space 12288K, 0% used [0x00000000e9b80000,0x00000000e9b80000,0x00000000ea780000)
 ParOldGen       total 104960K, used 18067K [0x00000000a0000000, 0x00000000a6680000, 0x00000000e0000000)
  object space 104960K, 17% used [0x00000000a0000000,0x00000000a11a4c08,0x00000000a6680000)
 Metaspace       used 34776K, capacity 35388K, committed 35496K, reserved 1079296K
  class space    used 4629K, capacity 4822K, committed 4864K, reserved 1048576K
}
Event: 9.447 GC heap before
{Heap before GC invocations=10 (full 2):
 PSYoungGen      total 108544K, used 97792K [0x00000000e0000000, 0x00000000ea780000, 0x0000000100000000)
  eden space 97792K, 100% used [0x00000000e0000000,0x00000000e5f80000,0x00000000e5f80000)
  from space 10752K, 0% used [0x00000000e5f80000,0x00000000e5f80000,0x00000000e6a00000)
  to   space 12288K, 0% used [0x00000000e9b80000,0x00000000e9b80000,0x00000000ea780000)
 ParOldGen       total 104960K, used 18067K [0x00000000a0000000, 0x00000000a6680000, 0x00000000e0000000)
  object space 104960K, 17% used [0x00000000a0000000,0x00000000a11a4c08,0x00000000a6680000)
 Metaspace       used 42443K, capacity 43234K, committed 43392K, reserved 1087488K
  class space    used 5664K, capacity 5898K, committed 6016K, reserved 1048576K
Event: 9.458 GC heap after
Heap after GC invocations=10 (full 2):
 PSYoungGen      total 142336K, used 10135K [0x00000000e0000000, 0x00000000ea580000, 0x0000000100000000)
  eden space 132096K, 0% used [0x00000000e0000000,0x00000000e0000000,0x00000000e8100000)
  from space 10240K, 98% used [0x00000000e9b80000,0x00000000ea565d38,0x00000000ea580000)
  to   space 12800K, 0% used [0x00000000e8c80000,0x00000000e8c80000,0x00000000e9900000)
 ParOldGen       total 104960K, used 18075K [0x00000000a0000000, 0x00000000a6680000, 0x00000000e0000000)
  object space 104960K, 17% used [0x00000000a0000000,0x00000000a11a6c08,0x00000000a6680000)
 Metaspace       used 42443K, capacity 43234K, committed 43392K, reserved 1087488K
  class space    used 5664K, capacity 5898K, committed 6016K, reserved 1048576K
}
Event: 12.109 GC heap before
{Heap before GC invocations=11 (full 2):
 PSYoungGen      total 142336K, used 142231K [0x00000000e0000000, 0x00000000ea580000, 0x0000000100000000)
  eden space 132096K, 100% used [0x00000000e0000000,0x00000000e8100000,0x00000000e8100000)
  from space 10240K, 98% used [0x00000000e9b80000,0x00000000ea565d38,0x00000000ea580000)
  to   space 12800K, 0% used [0x00000000e8c80000,0x00000000e8c80000,0x00000000e9900000)
 ParOldGen       total 104960K, used 18075K [0x00000000a0000000, 0x00000000a6680000, 0x00000000e0000000)
  object space 104960K, 17% used [0x00000000a0000000,0x00000000a11a6c08,0x00000000a6680000)
 Metaspace       used 50361K, capacity 51974K, committed 52096K, reserved 1093632K
  class space    used 6831K, capacity 7182K, committed 7296K, reserved 1048576K
Event: 12.132 GC heap after
Heap after GC invocations=11 (full 2):
 PSYoungGen      total 156672K, used 12783K [0x00000000e0000000, 0x00000000ebd00000, 0x0000000100000000)
  eden space 143872K, 0% used [0x00000000e0000000,0x00000000e0000000,0x00000000e8c80000)
  from space 12800K, 99% used [0x00000000e8c80000,0x00000000e98fbff0,0x00000000e9900000)
  to   space 17408K, 0% used [0x00000000eac00000,0x00000000eac00000,0x00000000ebd00000)
 ParOldGen       total 104960K, used 25446K [0x00000000a0000000, 0x00000000a6680000, 0x00000000e0000000)
  object space 104960K, 24% used [0x00000000a0000000,0x00000000a18d9ac8,0x00000000a6680000)
 Metaspace       used 50361K, capacity 51974K, committed 52096K, reserved 1093632K
  class space    used 6831K, capacity 7182K, committed 7296K, reserved 1048576K
}
Event: 72.808 GC heap before
{Heap before GC invocations=12 (full 2):
 PSYoungGen      total 156672K, used 150527K [0x00000000e0000000, 0x00000000ebd00000, 0x0000000100000000)
  eden space 143872K, 95% used [0x00000000e0000000,0x00000000e8683e38,0x00000000e8c80000)
  from space 12800K, 99% used [0x00000000e8c80000,0x00000000e98fbff0,0x00000000e9900000)
  to   space 17408K, 0% used [0x00000000eac00000,0x00000000eac00000,0x00000000ebd00000)
 ParOldGen       total 104960K, used 25446K [0x00000000a0000000, 0x00000000a6680000, 0x00000000e0000000)
  object space 104960K, 24% used [0x00000000a0000000,0x00000000a18d9ac8,0x00000000a6680000)
 Metaspace       used 57218K, capacity 59024K, committed 59136K, reserved 1099776K
  class space    used 7577K, capacity 7926K, committed 7936K, reserved 1048576K
Event: 72.847 GC heap after
Heap after GC invocations=12 (full 2):
 PSYoungGen      total 172032K, used 17408K [0x00000000e0000000, 0x00000000ece00000, 0x0000000100000000)
  eden space 154624K, 0% used [0x00000000e0000000,0x00000000e0000000,0x00000000e9700000)
  from space 17408K, 100% used [0x00000000eac00000,0x00000000ebd00000,0x00000000ebd00000)
  to   space 21504K, 0% used [0x00000000e9700000,0x00000000e9700000,0x00000000eac00000)
 ParOldGen       total 104960K, used 31073K [0x00000000a0000000, 0x00000000a6680000, 0x00000000e0000000)
  object space 104960K, 29% used [0x00000000a0000000,0x00000000a1e58470,0x00000000a6680000)
 Metaspace       used 57218K, capacity 59024K, committed 59136K, reserved 1099776K
  class space    used 7577K, capacity 7926K, committed 7936K, reserved 1048576K
}
Event: 72.847 GC heap before
{Heap before GC invocations=13 (full 3):
 PSYoungGen      total 172032K, used 17408K [0x00000000e0000000, 0x00000000ece00000, 0x0000000100000000)
  eden space 154624K, 0% used [0x00000000e0000000,0x00000000e0000000,0x00000000e9700000)
  from space 17408K, 100% used [0x00000000eac00000,0x00000000ebd00000,0x00000000ebd00000)
  to   space 21504K, 0% used [0x00000000e9700000,0x00000000e9700000,0x00000000eac00000)
 ParOldGen       total 104960K, used 31073K [0x00000000a0000000, 0x00000000a6680000, 0x00000000e0000000)
  object space 104960K, 29% used [0x00000000a0000000,0x00000000a1e58470,0x00000000a6680000)
 Metaspace       used 57218K, capacity 59024K, committed 59136K, reserved 1099776K
  class space    used 7577K, capacity 7926K, committed 7936K, reserved 1048576K
Event: 73.121 GC heap after
Heap after GC invocations=13 (full 3):
 PSYoungGen      total 172032K, used 0K [0x00000000e0000000, 0x00000000ece00000, 0x0000000100000000)
  eden space 154624K, 0% used [0x00000000e0000000,0x00000000e0000000,0x00000000e9700000)
  from space 17408K, 0% used [0x00000000eac00000,0x00000000eac00000,0x00000000ebd00000)
  to   space 21504K, 0% used [0x00000000e9700000,0x00000000e9700000,0x00000000eac00000)
 ParOldGen       total 104960K, used 41029K [0x00000000a0000000, 0x00000000a6680000, 0x00000000e0000000)
  object space 104960K, 39% used [0x00000000a0000000,0x00000000a2811720,0x00000000a6680000)
 Metaspace       used 57208K, capacity 59010K, committed 59136K, reserved 1099776K
  class space    used 7576K, capacity 7924K, committed 7936K, reserved 1048576K
}

Deoptimization events (10 events):
Event: 72.543 Thread 0x000000001946a800 Uncommon trap: reason=unstable_if action=reinterpret pc=0x0000000003f36988 method=org.gradle.api.internal.file.pattern.PatternMatcherFactory$PathMatcherBackedSpec.isSatisfiedBy(Lorg/gradle/api/file/RelativePath;)Z @ 11
Event: 72.594 Thread 0x000000001946a800 Uncommon trap: reason=null_check action=make_not_entrant pc=0x0000000003a71ad0 method=java.lang.ClassLoader.checkCerts(Ljava/lang/String;Ljava/security/CodeSource;)V @ 141
Event: 73.121 Thread 0x0000000002b52000 Uncommon trap: reason=unstable_if action=reinterpret pc=0x00000000033a5734 method=java.lang.ref.Reference.tryHandlePending(Z)Z @ 20
Event: 73.174 Thread 0x000000001946a800 Uncommon trap: reason=unstable_if action=reinterpret pc=0x0000000003984af0 method=java.lang.StringCoding$StringDecoder.decode([BII)[C @ 20
Event: 73.192 Thread 0x000000001946a800 Uncommon trap: reason=unstable_if action=reinterpret pc=0x00000000030103b0 method=sun.nio.cs.UTF_8$Decoder.decodeArrayLoop(Ljava/nio/ByteBuffer;Ljava/nio/CharBuffer;)Ljava/nio/charset/CoderResult; @ 84
Event: 73.221 Thread 0x000000001946a800 Uncommon trap: reason=unstable_if action=reinterpret pc=0x0000000002c9d2c0 method=java.lang.CharacterData.of(I)Ljava/lang/CharacterData; @ 4
Event: 73.245 Thread 0x000000001946a800 Uncommon trap: reason=unstable_if action=reinterpret pc=0x00000000036cab88 method=com.sun.tools.javac.parser.UnicodeReader.scanChar()V @ 37
Event: 73.284 Thread 0x000000001946a800 Uncommon trap: reason=unstable_if action=reinterpret pc=0x00000000042b0f38 method=com.sun.tools.javac.file.ZipFileIndex$Entry.compareTo(Lcom/sun/tools/javac/file/ZipFileIndex$Entry;)I @ 23
Event: 73.284 Thread 0x000000001946a800 Uncommon trap: reason=unstable_if action=reinterpret pc=0x00000000042a9d24 method=com.sun.tools.javac.file.ZipFileIndex$Entry.compareTo(Lcom/sun/tools/javac/file/ZipFileIndex$Entry;)I @ 23
Event: 73.729 Thread 0x000000001946a800 Uncommon trap: reason=unstable_if action=reinterpret pc=0x000000000432af8c method=com.sun.tools.javac.util.Convert.chars2utf([CI[BII)I @ 35

Internal exceptions (10 events):
Event: 13.827 Thread 0x0000000019018800 Exception <a 'java/lang/NoSuchMethodError': <clinit>> (0x00000000e2db5bf8) thrown at [C:\src\android\AOSP-openjdk\external\jetbrains\jdk\hotspot\src\share\vm\prims\jni.cpp, line 1613]
Event: 13.827 Thread 0x0000000019018800 Exception <a 'java/lang/NoSuchMethodError': <clinit>> (0x00000000e2db6f10) thrown at [C:\src\android\AOSP-openjdk\external\jetbrains\jdk\hotspot\src\share\vm\prims\jni.cpp, line 1613]
Event: 13.828 Thread 0x0000000019018800 Exception <a 'java/lang/NoSuchMethodError': <clinit>> (0x00000000e2dc10e0) thrown at [C:\src\android\AOSP-openjdk\external\jetbrains\jdk\hotspot\src\share\vm\prims\jni.cpp, line 1613]
Event: 13.829 Thread 0x0000000019018800 Exception <a 'java/lang/NoSuchMethodError': <clinit>> (0x00000000e2dca810) thrown at [C:\src\android\AOSP-openjdk\external\jetbrains\jdk\hotspot\src\share\vm\prims\jni.cpp, line 1613]
Event: 13.829 Thread 0x0000000019018800 Exception <a 'java/lang/NoSuchMethodError': <clinit>> (0x00000000e2dcc780) thrown at [C:\src\android\AOSP-openjdk\external\jetbrains\jdk\hotspot\src\share\vm\prims\jni.cpp, line 1613]
Event: 13.834 Thread 0x0000000018e81000 Exception <a 'java/lang/NoSuchMethodError': <clinit>> (0x00000000e2f02c30) thrown at [C:\src\android\AOSP-openjdk\external\jetbrains\jdk\hotspot\src\share\vm\prims\jni.cpp, line 1613]
Event: 71.273 Thread 0x000000001946a800 Exception <a 'java/lang/ClassNotFoundException': asLocalRepo4546_9cjt9ozwllctz22e9w5ped3t1BeanInfo> (0x00000000e33f2d00) thrown at [C:\src\android\AOSP-openjdk\external\jetbrains\jdk\hotspot\src\share\vm\classfile\systemDictionary.cpp, line 210]
Event: 71.273 Thread 0x000000001946a800 Exception <a 'java/lang/ClassNotFoundException': asLocalRepo4546_9cjt9ozwllctz22e9w5ped3t1Customizer> (0x00000000e33fe330) thrown at [C:\src\android\AOSP-openjdk\external\jetbrains\jdk\hotspot\src\share\vm\classfile\systemDictionary.cpp, line 210]
Event: 71.847 Thread 0x000000001946a800 Exception <a 'java/lang/reflect/InvocationTargetException'> (0x00000000e5b1f7b0) thrown at [C:\src\android\AOSP-openjdk\external\jetbrains\jdk\hotspot\src\share\vm\runtime\reflection.cpp, line 1092]
Event: 72.594 Thread 0x000000001946a800 Implicit null exception at 0x0000000003a6f90c to 0x0000000003a71ac5

Events (10 events):
Event: 73.862 loading class com/sun/tools/javac/comp/Infer$IncorporationBinaryOp
Event: 73.862 loading class com/sun/tools/javac/comp/Infer$IncorporationBinaryOp done
Event: 73.959 Executing VM operation: ForceSafepoint
Event: 73.959 Executing VM operation: ForceSafepoint done
Event: 73.974 loading class com/sun/tools/javac/main/Main$Result
Event: 73.974 loading class com/sun/tools/javac/main/Main$Result done
Event: 73.984 loading class org/gradle/api/internal/tasks/compile/incremental/RecompilationNotNecessary
Event: 73.984 loading class org/gradle/api/internal/tasks/compile/incremental/RecompilationNotNecessary done
Event: 73.985 loading class org/gradle/api/internal/tasks/compile/incremental/analyzer/ClassFilesAnalyzer
Event: 73.985 loading class org/gradle/api/internal/tasks/compile/incremental/analyzer/ClassFilesAnalyzer done


Dynamic libraries:
0x00007ff635040000 - 0x00007ff635071000 	D:\Android Studio\jre\bin\java.exe
0x00007ffc53700000 - 0x00007ffc538e1000 	C:\WINDOWS\SYSTEM32\ntdll.dll
0x00007ffc53610000 - 0x00007ffc536c2000 	C:\WINDOWS\System32\KERNEL32.DLL
0x00007ffc4fd80000 - 0x00007ffc4fff3000 	C:\WINDOWS\System32\KERNELBASE.dll
0x00007ffc53560000 - 0x00007ffc53601000 	C:\WINDOWS\System32\ADVAPI32.dll
0x00007ffc52630000 - 0x00007ffc526ce000 	C:\WINDOWS\System32\msvcrt.dll
0x00007ffc528b0000 - 0x00007ffc5290b000 	C:\WINDOWS\System32\sechost.dll
0x00007ffc52b20000 - 0x00007ffc52c44000 	C:\WINDOWS\System32\RPCRT4.dll
0x00007ffc52990000 - 0x00007ffc52b20000 	C:\WINDOWS\System32\USER32.dll
0x00007ffc50b70000 - 0x00007ffc50b90000 	C:\WINDOWS\System32\win32u.dll
0x00007ffc52880000 - 0x00007ffc528a8000 	C:\WINDOWS\System32\GDI32.dll
0x00007ffc4fad0000 - 0x00007ffc4fc62000 	C:\WINDOWS\System32\gdi32full.dll
0x00007ffc508e0000 - 0x00007ffc5097f000 	C:\WINDOWS\System32\msvcp_win.dll
0x00007ffc507e0000 - 0x00007ffc508da000 	C:\WINDOWS\System32\ucrtbase.dll
0x00007ffc46da0000 - 0x00007ffc47009000 	C:\WINDOWS\WinSxS\amd64_microsoft.windows.common-controls_6595b64144ccf1df_6.0.17134.472_none_fb3f9af53068156d\COMCTL32.dll
0x00007ffc52300000 - 0x00007ffc52622000 	C:\WINDOWS\System32\combase.dll
0x00007ffc50000000 - 0x00007ffc5007a000 	C:\WINDOWS\System32\bcryptPrimitives.dll
0x00007ffc50c40000 - 0x00007ffc50c6d000 	C:\WINDOWS\System32\IMM32.DLL
0x0000000066cd0000 - 0x0000000066da2000 	D:\Android Studio\jre\jre\bin\msvcr100.dll
0x00000000656a0000 - 0x0000000065edc000 	D:\Android Studio\jre\jre\bin\server\jvm.dll
0x00007ffc52740000 - 0x00007ffc52748000 	C:\WINDOWS\System32\PSAPI.DLL
0x00007ffc4a1e0000 - 0x00007ffc4a203000 	C:\WINDOWS\SYSTEM32\WINMM.dll
0x00007ffc4b2e0000 - 0x00007ffc4b2e9000 	C:\WINDOWS\SYSTEM32\WSOCK32.dll
0x00007ffc527b0000 - 0x00007ffc5281c000 	C:\WINDOWS\System32\WS2_32.dll
0x00007ffc4a370000 - 0x00007ffc4a37a000 	C:\WINDOWS\SYSTEM32\VERSION.dll
0x00007ffc4a1b0000 - 0x00007ffc4a1da000 	C:\WINDOWS\SYSTEM32\WINMMBASE.dll
0x00007ffc50080000 - 0x00007ffc500c9000 	C:\WINDOWS\System32\cfgmgr32.dll
0x00007ffc4b080000 - 0x00007ffc4b08f000 	D:\Android Studio\jre\jre\bin\verify.dll
0x00007ffc41cd0000 - 0x00007ffc41cf9000 	D:\Android Studio\jre\jre\bin\java.dll
0x00007ffc435b0000 - 0x00007ffc435c6000 	D:\Android Studio\jre\jre\bin\zip.dll
0x00007ffc50ec0000 - 0x00007ffc52300000 	C:\WINDOWS\System32\SHELL32.dll
0x00007ffc50b90000 - 0x00007ffc50c39000 	C:\WINDOWS\System32\shcore.dll
0x00007ffc500d0000 - 0x00007ffc507dd000 	C:\WINDOWS\System32\windows.storage.dll
0x00007ffc526d0000 - 0x00007ffc52721000 	C:\WINDOWS\System32\shlwapi.dll
0x00007ffc4fa90000 - 0x00007ffc4faa1000 	C:\WINDOWS\System32\kernel.appcore.dll
0x00007ffc4fa70000 - 0x00007ffc4fa8f000 	C:\WINDOWS\System32\profapi.dll
0x00007ffc4fa20000 - 0x00007ffc4fa6c000 	C:\WINDOWS\System32\powrprof.dll
0x00007ffc4fa10000 - 0x00007ffc4fa1a000 	C:\WINDOWS\System32\FLTLIB.DLL
0x00007ffc41870000 - 0x00007ffc4188a000 	D:\Android Studio\jre\jre\bin\net.dll
0x00007ffc4f290000 - 0x00007ffc4f2f6000 	C:\WINDOWS\system32\mswsock.dll
0x00007ffc41650000 - 0x00007ffc41661000 	D:\Android Studio\jre\jre\bin\nio.dll
0x00007ffc3f7f0000 - 0x00007ffc3f80e000 	C:\Users\yangg\.gradle\native\23\windows-amd64\native-platform.dll
0x00007ffc4f440000 - 0x00007ffc4f457000 	C:\WINDOWS\SYSTEM32\CRYPTSP.dll
0x00007ffc4ee70000 - 0x00007ffc4eea3000 	C:\WINDOWS\system32\rsaenh.dll
0x00007ffc4f570000 - 0x00007ffc4f595000 	C:\WINDOWS\SYSTEM32\bcrypt.dll
0x00007ffc4f940000 - 0x00007ffc4f968000 	C:\WINDOWS\SYSTEM32\USERENV.dll
0x00007ffc4f460000 - 0x00007ffc4f46b000 	C:\WINDOWS\SYSTEM32\CRYPTBASE.dll
0x00007ffc4f010000 - 0x00007ffc4f048000 	C:\WINDOWS\SYSTEM32\IPHLPAPI.DLL
0x00007ffc52c50000 - 0x00007ffc52c58000 	C:\WINDOWS\System32\NSI.dll
0x00007ffc4a9d0000 - 0x00007ffc4a9e6000 	C:\WINDOWS\SYSTEM32\dhcpcsvc6.DLL
0x00007ffc4a990000 - 0x00007ffc4a9aa000 	C:\WINDOWS\SYSTEM32\dhcpcsvc.DLL
0x00007ffc4af70000 - 0x00007ffc4af7d000 	D:\Android Studio\jre\jre\bin\management.dll

VM Arguments:
jvm_args: -Xmx1536m -Dfile.encoding=GBK -Duser.country=CN -Duser.language=zh -Duser.variant 
java_command: org.gradle.launcher.daemon.bootstrap.GradleDaemon 3.3
java_class_path (initial): C:\Users\yangg\.gradle\wrapper\dists\gradle-3.3-all\55gk2rcmfc6p2dg9u9ohc3hw9\gradle-3.3\lib\gradle-launcher-3.3.jar
Launcher Type: SUN_STANDARD

Environment Variables:
JAVA_HOME=C:\Program Files\Java\jdk-11
CLASSPATH=.;C:\Program Files\Java\jdk-11\bin;C:\Program Files\Java\jdk-11\lib\dt.jar;C:\Program Files\Java\jdk-11\lib\tools.jar
PATH=C:\Program Files\NVIDIA GPU Computing Toolkit\CUDA\v8.0\bin;C:\Program Files\NVIDIA GPU Computing Toolkit\CUDA\v8.0\libnvvp;C:\Program Files\Java\jdk-11\bin;C:\Program Files\Java\jdk-11\jre\bin;C:\ProgramData\Oracle\Java\javapath;C:\WINDOWS\system32;C:\WINDOWS;C:\WINDOWS\System32\Wbem;C:\WINDOWS\System32\WindowsPowerShell\v1.0\;C:\Program Files (x86)\Common Files\Thunder Network\KanKan\Codecs;C:\WINDOWS\System32\OpenSSH\;D:\¹¤¾ß\PUTTY\;C;\Program Files (x86)\PuTTY\;C:\Android;C:\Windows\System32;C:\Users\yangg\AppData\Local\Microsoft\WindowsApps;D:\modeltech64_10.1c\win64;C:\adb;C:\Program Files (x86)\Microsoft SQL Server\100\Tools\Binn\;C:\Program Files\Microsoft SQL Server\100\Tools\Binn\;C:\Program Files\Microsoft SQL Server\100\DTS\Binn\;C:\Program Files (x86)\NVIDIA Corporation\PhysX\Common;D:\opencv\build\x86\vc10\bin;D:\opencv\build\x64\vc10\bin;C:\Users\yangg\AppData\Local\Microsoft\WindowsApps;;D:\modeltech64_10.1c\win64
USERNAME=yangg
OS=Windows_NT
PROCESSOR_IDENTIFIER=Intel64 Family 6 Model 78 Stepping 3, GenuineIntel



---------------  S Y S T E M  ---------------

OS: Windows 10.0 , 64 bit Build 17134 (10.0.17134.1)

CPU:total 4 (2 cores per cpu, 2 threads per core) family 6 model 78 stepping 3, cmov, cx8, fxsr, mmx, sse, sse2, sse3, ssse3, sse4.1, sse4.2, popcnt, avx, avx2, aes, clmul, erms, 3dnowpref, lzcnt, ht, tsc, tscinvbit, bmi1, bmi2, adx

Memory: 4k page, physical 8281888k(998936k free), swap 10233632k(3120k free)

vm_info: OpenJDK 64-Bit Server VM (25.112-b06) for windows-amd64 JRE (1.8.0_112-release-b06), built on Dec  8 2016 00:54:26 by "builder" with MS VC++ 10.0 (VS2010)

time: Sat Dec 22 15:51:35 2018
elapsed time: 74 seconds (0d 0h 1m 14s)

