#
# There is insufficient memory for the Java Runtime Environment to continue.
# Native memory allocation (malloc) failed to allocate 131088 bytes for Chunk::new
# Possible reasons:
#   The system is out of physical RAM or swap space
#   In 32 bit mode, the process size limit was hit
# Possible solutions:
#   Reduce memory load on the system
#   Increase physical memory or swap space
#   Check if swap backing store is full
#   Use 64 bit Java on a 64 bit OS
#   Decrease Java heap size (-Xmx/-Xms)
#   Decrease number of Java threads
#   Decrease Java thread stack sizes (-Xss)
#   Set larger code cache with -XX:ReservedCodeCacheSize=
# This output file may be truncated or incomplete.
#
#  Out of Memory Error (allocation.cpp:390), pid=17396, tid=0x0000000000003508
#
# JRE version: OpenJDK Runtime Environment (8.0_112-b06) (build 1.8.0_112-release-b06)
# Java VM: OpenJDK 64-Bit Server VM (25.112-b06 mixed mode windows-amd64 compressed oops)
# Failed to write core dump. Minidumps are not enabled by default on client versions of Windows
#

---------------  T H R E A D  ---------------

Current thread (0x0000000016bbc800):  JavaThread "C2 CompilerThread0" daemon [_thread_in_native, id=13576, stack(0x0000000018510000,0x0000000018610000)]

Stack: [0x0000000018510000,0x0000000018610000]
[error occurred during error reporting (printing stack bounds), id 0xc0000005]

Native frames: (J=compiled Java code, j=interpreted, Vv=VM code, C=native code)


Current CompileTask:
C2:  14634 2270       4       org.codehaus.groovy.reflection.CachedMethod::compareTo (25 bytes)


---------------  P R O C E S S  ---------------

Java Threads: ( => current thread )
  0x0000000019725000 JavaThread "File lock request listener" [_thread_in_native, id=20404, stack(0x000000001c060000,0x000000001c160000)]
  0x0000000019bd7800 JavaThread "Stdin handler" [_thread_blocked, id=13032, stack(0x000000001ad90000,0x000000001ae90000)]
  0x0000000019bd5800 JavaThread "Asynchronous log dispatcher for DefaultDaemonConnection: socket connection from /127.0.0.1:25069 to /127.0.0.1:25070" [_thread_blocked, id=13792, stack(0x000000001ac90000,0x000000001ad90000)]
  0x0000000019432800 JavaThread "Daemon worker" [_thread_in_Java, id=22380, stack(0x000000001ab90000,0x000000001ac90000)]
  0x000000001942f800 JavaThread "Cancel handler" [_thread_blocked, id=23308, stack(0x000000001aa90000,0x000000001ab90000)]
  0x0000000019d60800 JavaThread "pool-1-thread-1" [_thread_blocked, id=22896, stack(0x000000001a990000,0x000000001aa90000)]
  0x000000001978b800 JavaThread "Handler for socket connection from /127.0.0.1:25069 to /127.0.0.1:25070" [_thread_in_native, id=5844, stack(0x000000001a890000,0x000000001a990000)]
  0x0000000019403800 JavaThread "Daemon" [_thread_blocked, id=22296, stack(0x000000001a790000,0x000000001a890000)]
  0x0000000019d7a000 JavaThread "Incoming local TCP Connector on port 25069" [_thread_in_native, id=9860, stack(0x000000001a3e0000,0x000000001a4e0000)]
  0x0000000017f88000 JavaThread "Service Thread" daemon [_thread_blocked, id=20900, stack(0x0000000018810000,0x0000000018910000)]
  0x0000000017f19000 JavaThread "C1 CompilerThread2" daemon [_thread_blocked, id=19276, stack(0x0000000018710000,0x0000000018810000)]
  0x0000000016c0c000 JavaThread "C2 CompilerThread1" daemon [_thread_in_native, id=21288, stack(0x0000000018610000,0x0000000018710000)]
=>0x0000000016bbc800 JavaThread "C2 CompilerThread0" daemon [_thread_in_native, id=13576, stack(0x0000000018510000,0x0000000018610000)]
  0x0000000016c09800 JavaThread "Attach Listener" daemon [_thread_blocked, id=5000, stack(0x0000000018410000,0x0000000018510000)]
  0x0000000016ba6000 JavaThread "Signal Dispatcher" daemon [_thread_blocked, id=11396, stack(0x0000000018310000,0x0000000018410000)]
  0x0000000016b98800 JavaThread "Finalizer" daemon [_thread_blocked, id=17784, stack(0x0000000017e10000,0x0000000017f10000)]
  0x0000000003231000 JavaThread "Reference Handler" daemon [_thread_blocked, id=9320, stack(0x0000000017d10000,0x0000000017e10000)]
  0x0000000003140800 JavaThread "main" [_thread_blocked, id=22620, stack(0x0000000002fa0000,0x00000000030a0000)]

Other Threads:
  0x0000000016b75800 VMThread [stack: 0x0000000017c10000,0x0000000017d10000] [id=17384]
  0x0000000017f89800 WatcherThread [stack: 0x0000000018910000,0x0000000018a10000] [id=8752]

VM state:not at safepoint (normal execution)

VM Mutex/Monitor currently owned by a thread: None

Heap:
 PSYoungGen      total 61440K, used 7962K [0x00000000e0000000, 0x00000000e4600000, 0x0000000100000000)
  eden space 51200K, 3% used [0x00000000e0000000,0x00000000e01cc078,0x00000000e3200000)
  from space 10240K, 59% used [0x00000000e3c00000,0x00000000e41fa8f0,0x00000000e4600000)
  to   space 10240K, 0% used [0x00000000e3200000,0x00000000e3200000,0x00000000e3c00000)
 ParOldGen       total 60928K, used 8620K [0x00000000a0000000, 0x00000000a3b80000, 0x00000000e0000000)
  object space 60928K, 14% used [0x00000000a0000000,0x00000000a086b188,0x00000000a3b80000)
 Metaspace       used 26571K, capacity 27040K, committed 27136K, reserved 1073152K
  class space    used 3654K, capacity 3786K, committed 3840K, reserved 1048576K

Card table byte_map: [0x0000000012600000,0x0000000012910000] byte_map_base: 0x0000000012100000

Marking Bits: (ParMarkBitMap*) 0x0000000065e618f0
 Begin Bits: [0x0000000012f10000, 0x0000000014710000)
 End Bits:   [0x0000000014710000, 0x0000000015f10000)

Polling page: 0x00000000012a0000

CodeCache: size=245760Kb used=8376Kb max_used=8376Kb free=237383Kb
 bounds [0x0000000003240000, 0x0000000003a80000, 0x0000000012240000]
 total_blobs=2775 nmethods=2120 adapters=568
 compilation: enabled

Compilation events (10 events):
Event: 14.615 Thread 0x0000000017f19000 2284       3       org.codehaus.groovy.reflection.ClassInfo::isSAM (13 bytes)
Event: 14.615 Thread 0x0000000017f19000 nmethod 2284 0x00000000033c9a90 code [0x00000000033c9c00, 0x00000000033c9e48]
Event: 14.616 Thread 0x0000000017f19000 2285       3       org.codehaus.groovy.reflection.CachedMethod::find (30 bytes)
Event: 14.618 Thread 0x0000000017f19000 nmethod 2285 0x0000000003a763d0 code [0x0000000003a76640, 0x0000000003a77748]
Event: 14.618 Thread 0x0000000017f19000 2286       3       groovy.lang.MetaClassImpl::findMethod (130 bytes)
Event: 14.619 Thread 0x0000000017f19000 nmethod 2286 0x0000000003a781d0 code [0x0000000003a78440, 0x0000000003a79698]
Event: 14.621 Thread 0x0000000017f19000 2288       3       groovy.lang.MetaClassImpl::addMetaBeanProperty (119 bytes)
Event: 14.622 Thread 0x0000000017f19000 nmethod 2288 0x0000000003a79d90 code [0x0000000003a7a000, 0x0000000003a7b5d8]
Event: 14.623 Thread 0x0000000017f19000 2289       3       org.codehaus.groovy.reflection.CachedField::isStatic (8 bytes)
Event: 14.623 Thread 0x0000000017f19000 nmethod 2289 0x00000000035457d0 code [0x0000000003545940, 0x0000000003545c50]

GC Heap History (10 events):
Event: 9.008 GC heap before
{Heap before GC invocations=3 (full 0):
 PSYoungGen      total 38400K, used 38399K [0x00000000e0000000, 0x00000000e2a80000, 0x0000000100000000)
  eden space 33280K, 100% used [0x00000000e0000000,0x00000000e2080000,0x00000000e2080000)
  from space 5120K, 99% used [0x00000000e2580000,0x00000000e2a7fda8,0x00000000e2a80000)
  to   space 5120K, 0% used [0x00000000e2080000,0x00000000e2080000,0x00000000e2580000)
 ParOldGen       total 87552K, used 1094K [0x00000000a0000000, 0x00000000a5580000, 0x00000000e0000000)
  object space 87552K, 1% used [0x00000000a0000000,0x00000000a0111b30,0x00000000a5580000)
 Metaspace       used 16482K, capacity 16862K, committed 17024K, reserved 1064960K
  class space    used 2287K, capacity 2432K, committed 2432K, reserved 1048576K
Event: 9.023 GC heap after
Heap after GC invocations=3 (full 0):
 PSYoungGen      total 38400K, used 5102K [0x00000000e0000000, 0x00000000e2a80000, 0x0000000100000000)
  eden space 33280K, 0% used [0x00000000e0000000,0x00000000e0000000,0x00000000e2080000)
  from space 5120K, 99% used [0x00000000e2080000,0x00000000e257ba60,0x00000000e2580000)
  to   space 5120K, 0% used [0x00000000e2580000,0x00000000e2580000,0x00000000e2a80000)
 ParOldGen       total 87552K, used 4091K [0x00000000a0000000, 0x00000000a5580000, 0x00000000e0000000)
  object space 87552K, 4% used [0x00000000a0000000,0x00000000a03feea8,0x00000000a5580000)
 Metaspace       used 16482K, capacity 16862K, committed 17024K, reserved 1064960K
  class space    used 2287K, capacity 2432K, committed 2432K, reserved 1048576K
}
Event: 10.664 GC heap before
{Heap before GC invocations=4 (full 0):
 PSYoungGen      total 38400K, used 25731K [0x00000000e0000000, 0x00000000e2a80000, 0x0000000100000000)
  eden space 33280K, 61% used [0x00000000e0000000,0x00000000e1425450,0x00000000e2080000)
  from space 5120K, 99% used [0x00000000e2080000,0x00000000e257ba60,0x00000000e2580000)
  to   space 5120K, 0% used [0x00000000e2580000,0x00000000e2580000,0x00000000e2a80000)
 ParOldGen       total 87552K, used 4091K [0x00000000a0000000, 0x00000000a5580000, 0x00000000e0000000)
  object space 87552K, 4% used [0x00000000a0000000,0x00000000a03feea8,0x00000000a5580000)
 Metaspace       used 20699K, capacity 21130K, committed 21296K, reserved 1067008K
  class space    used 2789K, capacity 2916K, committed 2944K, reserved 1048576K
Event: 10.757 GC heap after
Heap after GC invocations=4 (full 0):
 PSYoungGen      total 38400K, used 5096K [0x00000000e0000000, 0x00000000e2a80000, 0x0000000100000000)
  eden space 33280K, 0% used [0x00000000e0000000,0x00000000e0000000,0x00000000e2080000)
  from space 5120K, 99% used [0x00000000e2580000,0x00000000e2a7a040,0x00000000e2a80000)
  to   space 5120K, 0% used [0x00000000e2080000,0x00000000e2080000,0x00000000e2580000)
 ParOldGen       total 87552K, used 7771K [0x00000000a0000000, 0x00000000a5580000, 0x00000000e0000000)
  object space 87552K, 8% used [0x00000000a0000000,0x00000000a0796f20,0x00000000a5580000)
 Metaspace       used 20699K, capacity 21130K, committed 21296K, reserved 1067008K
  class space    used 2789K, capacity 2916K, committed 2944K, reserved 1048576K
}
Event: 10.757 GC heap before
{Heap before GC invocations=5 (full 1):
 PSYoungGen      total 38400K, used 5096K [0x00000000e0000000, 0x00000000e2a80000, 0x0000000100000000)
  eden space 33280K, 0% used [0x00000000e0000000,0x00000000e0000000,0x00000000e2080000)
  from space 5120K, 99% used [0x00000000e2580000,0x00000000e2a7a040,0x00000000e2a80000)
  to   space 5120K, 0% used [0x00000000e2080000,0x00000000e2080000,0x00000000e2580000)
 ParOldGen       total 87552K, used 7771K [0x00000000a0000000, 0x00000000a5580000, 0x00000000e0000000)
  object space 87552K, 8% used [0x00000000a0000000,0x00000000a0796f20,0x00000000a5580000)
 Metaspace       used 20699K, capacity 21130K, committed 21296K, reserved 1067008K
  class space    used 2789K, capacity 2916K, committed 2944K, reserved 1048576K
Event: 10.896 GC heap after
Heap after GC invocations=5 (full 1):
 PSYoungGen      total 38400K, used 0K [0x00000000e0000000, 0x00000000e2a80000, 0x0000000100000000)
  eden space 33280K, 0% used [0x00000000e0000000,0x00000000e0000000,0x00000000e2080000)
  from space 5120K, 0% used [0x00000000e2580000,0x00000000e2580000,0x00000000e2a80000)
  to   space 5120K, 0% used [0x00000000e2080000,0x00000000e2080000,0x00000000e2580000)
 ParOldGen       total 60928K, used 8604K [0x00000000a0000000, 0x00000000a3b80000, 0x00000000e0000000)
  object space 60928K, 14% used [0x00000000a0000000,0x00000000a0867188,0x00000000a3b80000)
 Metaspace       used 20699K, capacity 21130K, committed 21296K, reserved 1067008K
  class space    used 2789K, capacity 2916K, committed 2944K, reserved 1048576K
}
Event: 13.740 GC heap before
{Heap before GC invocations=6 (full 1):
 PSYoungGen      total 38400K, used 33280K [0x00000000e0000000, 0x00000000e2a80000, 0x0000000100000000)
  eden space 33280K, 100% used [0x00000000e0000000,0x00000000e2080000,0x00000000e2080000)
  from space 5120K, 0% used [0x00000000e2580000,0x00000000e2580000,0x00000000e2a80000)
  to   space 5120K, 0% used [0x00000000e2080000,0x00000000e2080000,0x00000000e2580000)
 ParOldGen       total 60928K, used 8604K [0x00000000a0000000, 0x00000000a3b80000, 0x00000000e0000000)
  object space 60928K, 14% used [0x00000000a0000000,0x00000000a0867188,0x00000000a3b80000)
 Metaspace       used 23599K, capacity 24044K, committed 24064K, reserved 1071104K
  class space    used 3151K, capacity 3309K, committed 3328K, reserved 1048576K
Event: 13.744 GC heap after
Heap after GC invocations=6 (full 1):
 PSYoungGen      total 38400K, used 3404K [0x00000000e0000000, 0x00000000e4680000, 0x0000000100000000)
  eden space 33280K, 0% used [0x00000000e0000000,0x00000000e0000000,0x00000000e2080000)
  from space 5120K, 66% used [0x00000000e2080000,0x00000000e23d3098,0x00000000e2580000)
  to   space 10752K, 0% used [0x00000000e3c00000,0x00000000e3c00000,0x00000000e4680000)
 ParOldGen       total 60928K, used 8612K [0x00000000a0000000, 0x00000000a3b80000, 0x00000000e0000000)
  object space 60928K, 14% used [0x00000000a0000000,0x00000000a0869188,0x00000000a3b80000)
 Metaspace       used 23599K, capacity 24044K, committed 24064K, reserved 1071104K
  class space    used 3151K, capacity 3309K, committed 3328K, reserved 1048576K
}
Event: 14.528 GC heap before
{Heap before GC invocations=7 (full 1):
 PSYoungGen      total 38400K, used 36684K [0x00000000e0000000, 0x00000000e4680000, 0x0000000100000000)
  eden space 33280K, 100% used [0x00000000e0000000,0x00000000e2080000,0x00000000e2080000)
  from space 5120K, 66% used [0x00000000e2080000,0x00000000e23d3098,0x00000000e2580000)
  to   space 10752K, 0% used [0x00000000e3c00000,0x00000000e3c00000,0x00000000e4680000)
 ParOldGen       total 60928K, used 8612K [0x00000000a0000000, 0x00000000a3b80000, 0x00000000e0000000)
  object space 60928K, 14% used [0x00000000a0000000,0x00000000a0869188,0x00000000a3b80000)
 Metaspace       used 26517K, capacity 26954K, committed 27136K, reserved 1073152K
  class space    used 3646K, capacity 3780K, committed 3840K, reserved 1048576K
Event: 14.541 GC heap after
Heap after GC invocations=7 (full 1):
 PSYoungGen      total 61440K, used 6122K [0x00000000e0000000, 0x00000000e4600000, 0x0000000100000000)
  eden space 51200K, 0% used [0x00000000e0000000,0x00000000e0000000,0x00000000e3200000)
  from space 10240K, 59% used [0x00000000e3c00000,0x00000000e41fa8f0,0x00000000e4600000)
  to   space 10240K, 0% used [0x00000000e3200000,0x00000000e3200000,0x00000000e3c00000)
 ParOldGen       total 60928K, used 8620K [0x00000000a0000000, 0x00000000a3b80000, 0x00000000e0000000)
  object space 60928K, 14% used [0x00000000a0000000,0x00000000a086b188,0x00000000a3b80000)
 Metaspace       used 26517K, capacity 26954K, committed 27136K, reserved 1073152K
  class space    used 3646K, capacity 3780K, committed 3840K, reserved 1048576K
}

Deoptimization events (10 events):
Event: 14.207 Thread 0x0000000019432800 Uncommon trap: reason=unstable_if action=reinterpret pc=0x000000000334fb20 method=java.util.HashMap.hash(Ljava/lang/Object;)I @ 1
Event: 14.310 Thread 0x0000000019432800 Uncommon trap: reason=unstable_if action=reinterpret pc=0x00000000033591c4 method=java.util.HashMap.getNode(ILjava/lang/Object;)Ljava/util/HashMap$Node; @ 53
Event: 14.310 Thread 0x0000000019432800 Uncommon trap: reason=unstable_if action=reinterpret pc=0x00000000034cd330 method=java.util.HashMap.hash(Ljava/lang/Object;)I @ 1
Event: 14.310 Thread 0x0000000019432800 Uncommon trap: reason=unstable_if action=reinterpret pc=0x00000000036ae8d0 method=java.util.HashMap.putVal(ILjava/lang/Object;Ljava/lang/Object;ZZ)Ljava/lang/Object; @ 85
Event: 14.356 Thread 0x0000000019432800 Uncommon trap: reason=class_check action=maybe_recompile pc=0x000000000374c980 method=java.lang.reflect.Method.equals(Ljava/lang/Object;)Z @ 5
Event: 14.359 Thread 0x0000000019432800 Uncommon trap: reason=class_check action=maybe_recompile pc=0x000000000374c980 method=java.lang.reflect.Method.equals(Ljava/lang/Object;)Z @ 5
Event: 14.487 Thread 0x0000000019432800 Uncommon trap: reason=class_check action=maybe_recompile pc=0x000000000374c980 method=java.lang.reflect.Method.equals(Ljava/lang/Object;)Z @ 5
Event: 14.487 Thread 0x0000000019432800 Uncommon trap: reason=class_check action=maybe_recompile pc=0x000000000374c980 method=java.lang.reflect.Method.equals(Ljava/lang/Object;)Z @ 5
Event: 14.590 Thread 0x0000000019432800 Uncommon trap: reason=unstable_if action=reinterpret pc=0x00000000037d88f0 method=java.net.URLClassLoader.isSealed(Ljava/lang/String;Ljava/util/jar/Manifest;)Z @ 26
Event: 14.591 Thread 0x0000000019432800 Uncommon trap: reason=unstable_if action=reinterpret pc=0x0000000003920fa8 method=java.net.URLClassLoader.isSealed(Ljava/lang/String;Ljava/util/jar/Manifest;)Z @ 26

Internal exceptions (10 events):
Event: 14.131 Thread 0x0000000019432800 Exception <a 'java/lang/ClassNotFoundException': org/gradle/initialization/DefaultSettings_DecoratedBeanInfo> (0x00000000e0d64420) thrown at [C:\src\android\AOSP-openjdk\external\jetbrains\jdk\hotspot\src\share\vm\classfile\systemDictionary.cpp, line 210]
Event: 14.131 Thread 0x0000000019432800 Exception <a 'java/lang/ClassNotFoundException': org/gradle/initialization/DefaultSettingsBeanInfo> (0x00000000e0d82be0) thrown at [C:\src\android\AOSP-openjdk\external\jetbrains\jdk\hotspot\src\share\vm\classfile\systemDictionary.cpp, line 210]
Event: 14.132 Thread 0x0000000019432800 Exception <a 'java/lang/ClassNotFoundException': org/gradle/initialization/DefaultSettingsCustomizer> (0x00000000e0da2958) thrown at [C:\src\android\AOSP-openjdk\external\jetbrains\jdk\hotspot\src\share\vm\classfile\systemDictionary.cpp, line 210]
Event: 14.139 Thread 0x0000000019432800 Exception <a 'java/lang/ClassNotFoundException': org/gradle/initialization/DefaultSettings_DecoratedCustomizer> (0x00000000e0df4618) thrown at [C:\src\android\AOSP-openjdk\external\jetbrains\jdk\hotspot\src\share\vm\classfile\systemDictionary.cpp, line 210¿'b9j,@
Event: 14.207 Thread 0x0000000019432800 Implicit null exception at 0x000000000334f915 to 0x000000000334fb11
Event: 14.310 Thread 0x0000000019432800 Implicit null exception at 0x00000000034cd298 to 0x00000000034cd326
Event: 14.526 Thread 0x0000000019432800 Exception <a 'java/lang/ClassNotFoundException': org/gradle/api/internal/project/DefaultProject_DecoratedBeanInfo> (0x00000000e203b130) thrown at [C:\src\android\AOSP-openjdk\external\jetbrains\jdk\hotspot\src\share\vm\classfile\systemDictionary.cpp, line `aî0ç-@
Event: 14.526 Thread 0x0000000019432800 Exception <a 'java/lang/ClassNotFoundException': org/gradle/api/internal/project/DefaultProjectBeanInfo> (0x00000000e204c7c0) thrown at [C:\src\android\AOSP-openjdk\external\jetbrains\jdk\hotspot\src\share\vm\classfile\systemDictionary.cpp, line 210]
Event: 14.527 Thread 0x0000000019432800 Exception <a 'java/lang/ClassNotFoundException': org/gradle/api/internal/project/DefaultProjectCustomizer> (0x00000000e205e698) thrown at [C:\src\android\AOSP-openjdk\external\jetbrains\jdk\hotspot\src\share\vm\classfile\systemDictionary.cpp, line 210]
Event: 14.573 Thread 0x0000000019432800 Exception <a 'java/lang/ClassNotFoundException': org/gradle/api/internal/project/DefaultProject_DecoratedCustomizer> (0x00000000e009b4f0) thrown at [C:\src\android\AOSP-openjdk\external\jetbrains\jdk\hotspot\src\share\vm\classfile\systemDictionary.cpp, lin[£¿?ŸB,@

Events (10 events):
Event: 14.592 loading class org/apache/tools/ant/DemuxOutputStream
Event: 14.592 loading class org/apache/tools/ant/DemuxOutputStream done
Event: 14.594 loading class org/xml/sax/Attributes
Event: 14.594 loading class org/xml/sax/Attributes done
Event: 14.596 loading class org/gradle/api/AntBuilder$AntMessagePriority
Event: 14.596 loading class org/gradle/api/AntBuilder$AntMessagePriority done
Event: 14.624 loading class org/gradle/internal/service/scopes/ProjectScopeServices$ProjectBackedModuleMetaDataProvider
Event: 14.624 loading class org/gradle/internal/service/scopes/ProjectScopeServices$ProjectBackedModuleMetaDataProvider done
Event: 14.626 loading class asLocalRepo2405_7rrzdx0xwqtrq1sqz5tigwluu$_run_closure1$_closure2$_closure4
Event: 14.626 loading class asLocalRepo2405_7rrzdx0xwqtrq1sqz5tigwluu$_run_closure1$_closure2$_closure4 done


Dynamic libraries:
0x00007ff6d9d30000 - 0x00007ff6d9d61000 	D:\Android Studio\jre\bin\java.exe
0x00007ffc53700000 - 0x00007ffc538e1000 	C:\WINDOWS\SYSTEM32\ntdll.dll
0x00007ffc53610000 - 0x00007ffc536c2000 	C:\WINDOWS\System32\KERNEL32.DLL
0x00007ffc4fd80000 - 0x00007ffc4fff3000 	C:\WINDOWS\System32\KERNELBASE.dll
0x00007ffc53560000 - 0x00007ffc53601000 	C:\WINDOWS\System32\ADVAPI32.dll
0x00007ffc52630000 - 0x00007ffc526ce000 	C:\WINDOWS\System32\msvcrt.dll
0x00007ffc528b0000 - 0x00007ffc5290b000 	C:\WINDOWS\System32\sechost.dll
0x00007ffc52b20000 - 0x00007ffc52c44000 	C:\WINDOWS\System32\RPCRT4.dll
0x00007ffc52990000 - 0x00007ffc52b20000 	C:\WINDOWS\System32\USER32.dll
0x00007ffc50b70000 - 0x00007ffc50b90000 	C:\WINDOWS\System32\win32u.dll
0x00007ffc52880000 - 0x00007ffc528a8000 	C:\WINDOWS\System32\GDI32.dll
0x00007ffc4fad0000 - 0x00007ffc4fc62000 	C:\WINDOWS\System32\gdi32full.dll
0x00007ffc508e0000 - 0x00007ffc5097f000 	C:\WINDOWS\System32\msvcp_win.dll
0x00007ffc507e0000 - 0x00007ffc508da000 	C:\WINDOWS\System32\ucrtbase.dll
0x00007ffc46da0000 - 0x00007ffc47009000 	C:\WINDOWS\WinSxS\amd64_microsoft.windows.common-controls_6595b64144ccf1df_6.0.17134.472_none_fb3f9af53068156d\COMCTL32.dll
0x00007ffc52300000 - 0x00007ffc52622000 	C:\WINDOWS\System32\combase.dll
0x00007ffc50000000 - 0x00007ffc5007a000 	C:\WINDOWS\System32\bcryptPrimitives.dll
0x00007ffc50c40000 - 0x00007ffc50c6d000 	C:\WINDOWS\System32\IMM32.DLL
0x0000000066cd0000 - 0x0000000066da2000 	D:\Android Studio\jre\jre\bin\msvcr100.dll
0x00000000656a0000 - 0x0000000065edc000 	D:\Android Studio\jre\jre\bin\server\jvm.dll
0x00007ffc52740000 - 0x00007ffc52748000 	C:\WINDOWS\System32\PSAPI.DLL
0x00007ffc4b2e0000 - 0x00007ffc4b2e9000 	C:\WINDOWS\SYSTEM32\WSOCK32.dll
0x00007ffc527b0000 - 0x00007ffc5281c000 	C:\WINDOWS\System32\WS2_32.dll
0x00007ffc4a1e0000 - 0x00007ffc4a203000 	C:\WINDOWS\SYSTEM32\WINMM.dll
0x00007ffc4a370000 - 0x00007ffc4a37a000 	C:\WINDOWS\SYSTEM32\VERSION.dll
0x00007ffc4a1b0000 - 0x00007ffc4a1da000 	C:\WINDOWS\SYSTEM32\WINMMBASE.dll
0x00007ffc50080000 - 0x00007ffc500c9000 	C:\WINDOWS\System32\cfgmgr32.dll
0x00007ffc4b080000 - 0x00007ffc4b08f000 	D:\Android Studio\jre\jre\bin\verify.dll
0x00007ffc41cd0000 - 0x00007ffc41cf9000 	D:\Android Studio\jre\jre\bin\java.dll
0x00007ffc435b0000 - 0x00007ffc435c6000 	D:\Android Studio\jre\jre\bin\zip.dll
0x00007ffc50ec0000 - 0x00007ffc52300000 	C:\WINDOWS\System32\SHELL32.dll
0x00007ffc50b90000 - 0x00007ffc50c39000 	C:\WINDOWS\System32\shcore.dll
0x00007ffc500d0000 - 0x00007ffc507dd000 	C:\WINDOWS\System32\windows.storage.dll
0x00007ffc526d0000 - 0x00007ffc52721000 	C:\WINDOWS\System32\shlwapi.dll
0x00007ffc4fa90000 - 0x00007ffc4faa1000 	C:\WINDOWS\System32\kernel.appcore.dll
0x00007ffc4fa70000 - 0x00007ffc4fa8f000 	C:\WINDOWS\System32\profapi.dll
0x00007ffc4fa20000 - 0x00007ffc4fa6c000 	C:\WINDOWS\System32\powrprof.dll
0x00007ffc4fa10000 - 0x00007ffc4fa1a000 	C:\WINDOWS\System32\FLTLIB.DLL
0x00007ffc41870000 - 0x00007ffc4188a000 	D:\Android Studio\jre\jre\bin\net.dll
0x00007ffc4f290000 - 0x00007ffc4f2f6000 	C:\WINDOWS\system32\mswsock.dll
0x00007ffc41650000 - 0x00007ffc41661000 	D:\Android Studio\jre\jre\bin\nio.dll
0x00007ffc3f7f0000 - 0x00007ffc3f80e000 	C:\Users\yangg\.gradle\native\23\windows-amd64\native-platform.dll
0x00007ffc4f440000 - 0x00007ffc4f457000 	C:\WINDOWS\SYSTEM32\CRYPTSP.dll
0x00007ffc4ee70000 - 0x00007ffc4eea3000 	C:\WINDOWS\system32\rsaenh.dll
0x00007ffc4f570000 - 0x00007ffc4f595000 	C:\WINDOWS\SYSTEM32\bcrypt.dll
0x00007ffc4f940000 - 0x00007ffc4f968000 	C:\WINDOWS\SYSTEM32\USERENV.dll
0x00007ffc4f460000 - 0x00007ffc4f46b000 	C:\WINDOWS\SYSTEM32\CRYPTBASE.dll
0x00007ffc4f010000 - 0x00007ffc4f048000 	C:\WINDOWS\SYSTEM32\IPHLPAPI.DLL
0x00007ffc52c50000 - 0x00007ffc52c58000 	C:\WINDOWS\System32\NSI.dll
0x00007ffc4a9d0000 - 0x00007ffc4a9e6000 	C:\WINDOWS\SYSTEM32\dhcpcsvc6.DLL
0x00007ffc4a990000 - 0x00007ffc4a9aa000 	C:\WINDOWS\SYSTEM32\dhcpcsvc.DLL
0x00007ffc4af70000 - 0x00007ffc4af7d000 	D:\Android Studio\jre\jre\bin\management.dll

VM Arguments:
jvm_args: -Xmx1536m -Dfile.encoding=GBK -Duser.country=CN -Duser.language=zh -Duser.variant 
java_command: org.gradle.launcher.daemon.bootstrap.GradleDaemon 3.3
java_class_path (initial): C:\Users\yangg\.gradle\wrapper\dists\gradle-3.3-all\55gk2rcmfc6p2dg9u9ohc3hw9\gradle-3.3\lib\gradle-launcher-3.3.jar
Launcher Type: SUN_STANDARD

Environment Variables:
JAVA_HOME=C:\Program Files\Java\jdk-11
CLASSPATH=.;C:\Program Files\Java\jdk-11\bin;C:\Program Files\Java\jdk-11\lib\dt.jar;C:\Program Files\Java\jdk-11\lib\tools.jar
PATH=C:\Program Files\NVIDIA GPU Computing Toolkit\CUDA\v8.0\bin;C:\Program Files\NVIDIA GPU Computing Toolkit\CUDA\v8.0\libnvvp;C:\Program Files\Java\jdk-11\bin;C:\Program Files\Java\jdk-11\jre\bin;C:\ProgramData\Oracle\Java\javapath;C:\WINDOWS\system32;C:\WINDOWS;C:\WINDOWS\System32\Wbem;C:\WINDOWS\System32\WindowsPowerShell\v1.0\;C:\Program Files (x86)\Common Files\Thunder Network\KanKan\Codecs;C:\WINDOWS\System32\OpenSSH\;D:\π§æﬂ\PUTTY\;C;\Program Files (x86)\PuTTY\;C:\Android;C:\Windows\System32;C:\Users\yangg\AppData\Local\Microsoft\WindowsApps;D:\modeltech64_10.1c\win64;C:\adb;C:\Program Files (x86)\Microsoft SQL Server\100\Tools\Binn\;C:\Program Files\Microsoft SQL Server\100\Tools\Binn\;C:\Program Files\Microsoft SQL Server\100\DTS\Binn\;C:\Program Files (x86)\NVIDIA Corporation\PhysX\Common;D:\opencv\build\x86\vc10\bin;D:\opencv\build\x64\vc10\bin;C:\Users\yangg\AppData\Local\Microsoft\WindowsApps;;D:\modeltech64_10.1c\win64
USERNAME=yangg
OS=Windows_NT
PROCESSOR_IDENTIFIER=Intel64 Family 6 Model 78 Stepping 3, GenuineIntel



---------------  S Y S T E M  ---------------

OS: Windows 10.0 , 64 bit Build 17134 (10.0.17134.1)

CPU:total 4 (2 cores per cpu, 2 threads per core) family 6 model 78 stepping 3, cmov, cx8, fxsr, mmx, sse, sse2, sse3, ssse3, sse4.1, sse4.2, popcnt, avx, avx2, aes, clmul, erms, 3dnowpref, lzcnt, ht, tsc, tscinvbit, bmi1, bmi2, adx

Memory: 4k page, physical 8281888k(961880k free), swap 10233632k(4404k free)

vm_info: OpenJDK 64-Bit Server VM (25.112-b06) for windows-amd64 JRE (1.8.0_112-release-b06), built on Dec  8 2016 00:54:26 by "builder" with MS VC++ 10.0 (VS2010)

time: Fri Dec 21 23:55:33 2018
elapsed time: 14 seconds (0d 0h 0m 14s)

