#
# There is insufficient memory for the Java Runtime Environment to continue.
# Native memory allocation (malloc) failed to allocate 32744 bytes for ChunkPool::allocate
# Possible reasons:
#   The system is out of physical RAM or swap space
#   In 32 bit mode, the process size limit was hit
# Possible solutions:
#   Reduce memory load on the system
#   Increase physical memory or swap space
#   Check if swap backing store is full
#   Use 64 bit Java on a 64 bit OS
#   Decrease Java heap size (-Xmx/-Xms)
#   Decrease number of Java threads
#   Decrease Java thread stack sizes (-Xss)
#   Set larger code cache with -XX:ReservedCodeCacheSize=
# This output file may be truncated or incomplete.
#
#  Out of Memory Error (allocation.cpp:273), pid=7100, tid=0x00000000000047c8
#
# JRE version: OpenJDK Runtime Environment (8.0_112-b06) (build 1.8.0_112-release-b06)
# Java VM: OpenJDK 64-Bit Server VM (25.112-b06 mixed mode windows-amd64 compressed oops)
# Failed to write core dump. Minidumps are not enabled by default on client versions of Windows
#

---------------  T H R E A D  ---------------

Current thread (0x0000000016d1c000):  JavaThread "C2 CompilerThread1" daemon [_thread_in_native, id=18376, stack(0x0000000018780000,0x0000000018880000)]

Stack: [0x0000000018780000,0x0000000018880000]
[error occurred during error reporting (printing stack bounds), id 0xc0000005]

Native frames: (J=compiled Java code, j=interpreted, Vv=VM code, C=native code)


Current CompileTask:
C2:3103920 11458   !   4       org.gradle.api.internal.ClassGeneratorBackedInstantiator::newInstance (40 bytes)


---------------  P R O C E S S  ---------------

Java Threads: ( => current thread )
  0x000000001b36e800 JavaThread "Stdin handler" [_thread_blocked, id=17652, stack(0x0000000025390000,0x0000000025490000)]
  0x000000001b372800 JavaThread "Asynchronous log dispatcher for DefaultDaemonConnection: socket connection from /127.0.0.1:22840 to /127.0.0.1:24941" [_thread_blocked, id=8252, stack(0x0000000025290000,0x0000000025390000)]
  0x000000001b371000 JavaThread "Daemon worker Thread 3" [_thread_in_Java, id=21132, stack(0x0000000025190000,0x0000000025290000)]
  0x000000001b36f800 JavaThread "Cancel handler" [_thread_blocked, id=19824, stack(0x0000000025090000,0x0000000025190000)]
  0x000000001b368800 JavaThread "Handler for socket connection from /127.0.0.1:22840 to /127.0.0.1:24941" [_thread_in_native, id=5100, stack(0x0000000024f90000,0x0000000025090000)]
  0x000000001b36b000 JavaThread "Daemon Thread 3" [_thread_blocked, id=23432, stack(0x0000000024e90000,0x0000000024f90000)]
  0x000000001a142800 JavaThread "File lock request listener" [_thread_in_native, id=3900, stack(0x000000001c1d0000,0x000000001c2d0000)]
  0x0000000019879800 JavaThread "pool-1-thread-1" [_thread_blocked, id=12224, stack(0x000000001ab00000,0x000000001ac00000)]
  0x0000000019bc7800 JavaThread "Incoming local TCP Connector on port 22840" [_thread_in_native, id=15892, stack(0x000000001a550000,0x000000001a650000)]
  0x00000000180fa000 JavaThread "Service Thread" daemon [_thread_blocked, id=17664, stack(0x0000000018980000,0x0000000018a80000)]
  0x0000000018089000 JavaThread "C1 CompilerThread2" daemon [_thread_blocked, id=14560, stack(0x0000000018880000,0x0000000018980000)]
=>0x0000000016d1c000 JavaThread "C2 CompilerThread1" daemon [_thread_in_native, id=18376, stack(0x0000000018780000,0x0000000018880000)]
  0x0000000016ccc800 JavaThread "C2 CompilerThread0" daemon [_thread_in_native, id=17904, stack(0x0000000018680000,0x0000000018780000)]
  0x0000000016d19800 JavaThread "Attach Listener" daemon [_thread_blocked, id=13572, stack(0x0000000018580000,0x0000000018680000)]
  0x0000000016cb6000 JavaThread "Signal Dispatcher" daemon [_thread_blocked, id=12660, stack(0x0000000018480000,0x0000000018580000)]
  0x0000000016ca8800 JavaThread "Finalizer" daemon [_thread_blocked, id=14588, stack(0x0000000017f20000,0x0000000018020000)]
  0x0000000003341000 JavaThread "Reference Handler" daemon [_thread_blocked, id=10924, stack(0x0000000017e20000,0x0000000017f20000)]
  0x0000000003250800 JavaThread "main" [_thread_blocked, id=10732, stack(0x00000000030d0000,0x00000000031d0000)]

Other Threads:
  0x0000000016c85800 VMThread [stack: 0x0000000017d20000,0x0000000017e20000] [id=15780]
  0x000000001811c000 WatcherThread [stack: 0x0000000018a80000,0x0000000018b80000] [id=6104]

VM state:not at safepoint (normal execution)

VM Mutex/Monitor currently owned by a thread: None

Heap:
 PSYoungGen      total 194048K, used 181012K [0x00000000e0000000, 0x00000000ede00000, 0x0000000100000000)
  eden space 168960K, 96% used [0x00000000e0000000,0x00000000e9fba5b0,0x00000000ea500000)
  from space 25088K, 69% used [0x00000000ec580000,0x00000000ed68ac10,0x00000000ede00000)
  to   space 29184K, 0% used [0x00000000ea500000,0x00000000ea500000,0x00000000ec180000)
 ParOldGen       total 147968K, used 41834K [0x00000000a0000000, 0x00000000a9080000, 0x00000000e0000000)
  object space 147968K, 28% used [0x00000000a0000000,0x00000000a28daab0,0x00000000a9080000)
 Metaspace       used 61846K, capacity 65390K, committed 65664K, reserved 1105920K
  class space    used 8178K, capacity 8811K, committed 8832K, reserved 1048576K

Card table byte_map: [0x0000000012710000,0x0000000012a20000] byte_map_base: 0x0000000012210000

Marking Bits: (ParMarkBitMap*) 0x0000000065e618f0
 Begin Bits: [0x0000000013020000, 0x0000000014820000)
 End Bits:   [0x0000000014820000, 0x0000000016020000)

Polling page: 0x0000000001610000

CodeCache: size=245760Kb used=34776Kb max_used=34788Kb free=210983Kb
 bounds [0x0000000003350000, 0x0000000005580000, 0x0000000012350000]
 total_blobs=10561 nmethods=9802 adapters=670
 compilation: enabled

Compilation events (10 events):
Event: 3102.901 Thread 0x0000000018089000 11534       3       com.android.build.gradle.internal.tasks.IncrementalTask::setIncrementalFolder (6 bytes)
Event: 3102.901 Thread 0x0000000018089000 nmethod 11534 0x000000000355d590 code [0x000000000355d6e0, 0x000000000355d850]
Event: 3102.903 Thread 0x0000000018089000 11537       3       com.google.common.collect.ImmutableMap::checkNoConflict (100 bytes)
Event: 3102.905 Thread 0x0000000018089000 nmethod 11537 0x0000000005574610 code [0x0000000005574920, 0x0000000005576168]
Event: 3102.906 Thread 0x0000000018089000 11538       3       org.gradle.api.tasks.SourceTask::source (40 bytes)
Event: 3102.906 Thread 0x0000000018089000 nmethod 11538 0x0000000003d311d0 code [0x0000000003d31340, 0x0000000003d31648]
Event: 3102.911 Thread 0x0000000018089000 11539       3       java.util.stream.Collectors$$Lambda$97/844252703::accept (11 bytes)
Event: 3102.911 Thread 0x0000000018089000 nmethod 11539 0x0000000003d30c50 code [0x0000000003d30dc0, 0x0000000003d310e8]
Event: 3102.921 Thread 0x0000000018089000 11540       3       java.util.concurrent.atomic.AtomicInteger::getAndIncrement (12 bytes)
Event: 3102.922 Thread 0x0000000018089000 nmethod 11540 0x0000000003ec1750 code [0x0000000003ec18a0, 0x0000000003ec19f0]

GC Heap History (10 events):
Event: 54.530 GC heap before
{Heap before GC invocations=17 (full 2):
 PSYoungGen      total 129536K, used 129515K [0x00000000e0000000, 0x00000000e9b80000, 0x0000000100000000)
  eden space 110080K, 100% used [0x00000000e0000000,0x00000000e6b80000,0x00000000e6b80000)
  from space 19456K, 99% used [0x00000000e8280000,0x00000000e957afd8,0x00000000e9580000)
  to   space 23552K, 0% used [0x00000000e6b80000,0x00000000e6b80000,0x00000000e8280000)
 ParOldGen       total 103936K, used 31914K [0x00000000a0000000, 0x00000000a6580000, 0x00000000e0000000)
  object space 103936K, 30% used [0x00000000a0000000,0x00000000a1f2aae0,0x00000000a6580000)
 Metaspace       used 56378K, capacity 58910K, committed 59028K, reserved 1099776K
  class space    used 7634K, capacity 8187K, committed 8192K, reserved 1048576K
Event: 54.570 GC heap after
Heap after GC invocations=17 (full 2):
 PSYoungGen      total 133632K, used 23371K [0x00000000e0000000, 0x00000000ebd80000, 0x0000000100000000)
  eden space 110080K, 0% used [0x00000000e0000000,0x00000000e0000000,0x00000000e6b80000)
  from space 23552K, 99% used [0x00000000e6b80000,0x00000000e8252fd8,0x00000000e8280000)
  to   space 27136K, 0% used [0x00000000ea300000,0x00000000ea300000,0x00000000ebd80000)
 ParOldGen       total 103936K, used 31922K [0x00000000a0000000, 0x00000000a6580000, 0x00000000e0000000)
  object space 103936K, 30% used [0x00000000a0000000,0x00000000a1f2cae0,0x00000000a6580000)
 Metaspace       used 56378K, capacity 58910K, committed 59028K, reserved 1099776K
  class space    used 7634K, capacity 8187K, committed 8192K, reserved 1048576K
}
Event: 55.430 GC heap before
{Heap before GC invocations=18 (full 2):
 PSYoungGen      total 133632K, used 47048K [0x00000000e0000000, 0x00000000ebd80000, 0x0000000100000000)
  eden space 110080K, 21% used [0x00000000e0000000,0x00000000e171f1f0,0x00000000e6b80000)
  from space 23552K, 99% used [0x00000000e6b80000,0x00000000e8252fd8,0x00000000e8280000)
  to   space 27136K, 0% used [0x00000000ea300000,0x00000000ea300000,0x00000000ebd80000)
 ParOldGen       total 103936K, used 31922K [0x00000000a0000000, 0x00000000a6580000, 0x00000000e0000000)
  object space 103936K, 30% used [0x00000000a0000000,0x00000000a1f2cae0,0x00000000a6580000)
 Metaspace       used 56444K, capacity 58936K, committed 59028K, reserved 1099776K
  class space    used 7639K, capacity 8192K, committed 8192K, reserved 1048576K
Event: 55.561 GC heap after
Heap after GC invocations=18 (full 2):
 PSYoungGen      total 164864K, used 22523K [0x00000000e0000000, 0x00000000ed500000, 0x0000000100000000)
  eden space 137728K, 0% used [0x00000000e0000000,0x00000000e0000000,0x00000000e8680000)
  from space 27136K, 83% used [0x00000000ea300000,0x00000000eb8fefc8,0x00000000ebd80000)
  to   space 29184K, 0% used [0x00000000e8680000,0x00000000e8680000,0x00000000ea300000)
 ParOldGen       total 103936K, used 31930K [0x00000000a0000000, 0x00000000a6580000, 0x00000000e0000000)
  object space 103936K, 30% used [0x00000000a0000000,0x00000000a1f2eae0,0x00000000a6580000)
 Metaspace       used 56444K, capacity 58936K, committed 59028K, reserved 1099776K
  class space    used 7639K, capacity 8192K, committed 8192K, reserved 1048576K
}
Event: 55.561 GC heap before
{Heap before GC invocations=19 (full 3):
 PSYoungGen      total 164864K, used 22523K [0x00000000e0000000, 0x00000000ed500000, 0x0000000100000000)
  eden space 137728K, 0% used [0x00000000e0000000,0x00000000e0000000,0x00000000e8680000)
  from space 27136K, 83% used [0x00000000ea300000,0x00000000eb8fefc8,0x00000000ebd80000)
  to   space 29184K, 0% used [0x00000000e8680000,0x00000000e8680000,0x00000000ea300000)
 ParOldGen       total 103936K, used 31930K [0x00000000a0000000, 0x00000000a6580000, 0x00000000e0000000)
  object space 103936K, 30% used [0x00000000a0000000,0x00000000a1f2eae0,0x00000000a6580000)
 Metaspace       used 56444K, capacity 58936K, committed 59028K, reserved 1099776K
  class space    used 7639K, capacity 8192K, committed 8192K, reserved 1048576K
Event: 56.608 GC heap after
Heap after GC invocations=19 (full 3):
 PSYoungGen      total 164864K, used 0K [0x00000000e0000000, 0x00000000ed500000, 0x0000000100000000)
  eden space 137728K, 0% used [0x00000000e0000000,0x00000000e0000000,0x00000000e8680000)
  from space 27136K, 0% used [0x00000000ea300000,0x00000000ea300000,0x00000000ebd80000)
  to   space 29184K, 0% used [0x00000000e8680000,0x00000000e8680000,0x00000000ea300000)
 ParOldGen       total 147968K, used 41818K [0x00000000a0000000, 0x00000000a9080000, 0x00000000e0000000)
  object space 147968K, 28% used [0x00000000a0000000,0x00000000a28d6ab0,0x00000000a9080000)
 Metaspace       used 56444K, capacity 58936K, committed 59028K, reserved 1099776K
  class space    used 7639K, capacity 8192K, committed 8192K, reserved 1048576K
}
Event: 74.588 GC heap before
{Heap before GC invocations=20 (full 3):
 PSYoungGen      total 164864K, used 137728K [0x00000000e0000000, 0x00000000ed500000, 0x0000000100000000)
  eden space 137728K, 100% used [0x00000000e0000000,0x00000000e8680000,0x00000000e8680000)
  from space 27136K, 0% used [0x00000000ea300000,0x00000000ea300000,0x00000000ebd80000)
  to   space 29184K, 0% used [0x00000000e8680000,0x00000000e8680000,0x00000000ea300000)
 ParOldGen       total 147968K, used 41818K [0x00000000a0000000, 0x00000000a9080000, 0x00000000e0000000)
  object space 147968K, 28% used [0x00000000a0000000,0x00000000a28d6ab0,0x00000000a9080000)
 Metaspace       used 57662K, capacity 60774K, committed 60928K, reserved 1101824K
  class space    used 7741K, capacity 8367K, committed 8448K, reserved 1048576K
Event: 74.632 GC heap after
Heap after GC invocations=20 (full 3):
 PSYoungGen      total 166912K, used 16963K [0x00000000e0000000, 0x00000000ee200000, 0x0000000100000000)
  eden space 137728K, 0% used [0x00000000e0000000,0x00000000e0000000,0x00000000e8680000)
  from space 29184K, 58% used [0x00000000e8680000,0x00000000e9710f58,0x00000000ea300000)
  to   space 29184K, 0% used [0x00000000ec580000,0x00000000ec580000,0x00000000ee200000)
 ParOldGen       total 147968K, used 41826K [0x00000000a0000000, 0x00000000a9080000, 0x00000000e0000000)
  object space 147968K, 28% used [0x00000000a0000000,0x00000000a28d8ab0,0x00000000a9080000)
 Metaspace       used 57662K, capacity 60774K, committed 60928K, reserved 1101824K
  class space    used 7741K, capacity 8367K, committed 8448K, reserved 1048576K
}
Event: 2942.572 GC heap before
{Heap before GC invocations=21 (full 3):
 PSYoungGen      total 166912K, used 154691K [0x00000000e0000000, 0x00000000ee200000, 0x0000000100000000)
  eden space 137728K, 100% used [0x00000000e0000000,0x00000000e8680000,0x00000000e8680000)
  from space 29184K, 58% used [0x00000000e8680000,0x00000000e9710f58,0x00000000ea300000)
  to   space 29184K, 0% used [0x00000000ec580000,0x00000000ec580000,0x00000000ee200000)
 ParOldGen       total 147968K, used 41826K [0x00000000a0000000, 0x00000000a9080000, 0x00000000e0000000)
  object space 147968K, 28% used [0x00000000a0000000,0x00000000a28d8ab0,0x00000000a9080000)
 Metaspace       used 61196K, capacity 64502K, committed 64640K, reserved 1105920K
  class space    used 8116K, capacity 8751K, committed 8832K, reserved 1048576K
Event: 2942.708 GC heap after
Heap after GC invocations=21 (full 3):
 PSYoungGen      total 194048K, used 17451K [0x00000000e0000000, 0x00000000ede00000, 0x0000000100000000)
  eden space 168960K, 0% used [0x00000000e0000000,0x00000000e0000000,0x00000000ea500000)
  from space 25088K, 69% used [0x00000000ec580000,0x00000000ed68ac10,0x00000000ede00000)
  to   space 29184K, 0% used [0x00000000ea500000,0x00000000ea500000,0x00000000ec180000)
 ParOldGen       total 147968K, used 41834K [0x00000000a0000000, 0x00000000a9080000, 0x00000000e0000000)
  object space 147968K, 28% used [0x00000000a0000000,0x00000000a28daab0,0x00000000a9080000)
 Metaspace       used 61196K, capacity 64502K, committed 64640K, reserved 1105920K
  class space    used 8116K, capacity 8751K, committed 8832K, reserved 1048576K
}

Deoptimization events (10 events):
Event: 2941.232 Thread 0x000000001b36f800 Uncommon trap: reason=bimorphic action=maybe_recompile pc=0x0000000003bebe78 method=java.util.Hashtable.get(Ljava/lang/Object;)Ljava/lang/Object; @ 6
Event: 2941.234 Thread 0x000000001b36f800 Uncommon trap: reason=bimorphic action=maybe_recompile pc=0x0000000003bebe78 method=java.util.Hashtable.get(Ljava/lang/Object;)Ljava/lang/Object; @ 6
Event: 2941.377 Thread 0x000000001b36f800 Uncommon trap: reason=unstable_if action=reinterpret pc=0x0000000003e066d4 method=java.io.WinNTFileSystem.prefixLength(Ljava/lang/String;)I @ 42
Event: 2941.377 Thread 0x000000001b36f800 Uncommon trap: reason=unstable_if action=reinterpret pc=0x000000000497e664 method=java.io.WinNTFileSystem.prefixLength(Ljava/lang/String;)I @ 42
Event: 2942.993 Thread 0x000000001b36f800 Uncommon trap: reason=null_check action=make_not_entrant pc=0x0000000004c15058 method=sun.nio.fs.NativeBuffers.getNativeBufferFromCache(I)Lsun/nio/fs/NativeBuffer; @ 6
Event: 2942.993 Thread 0x000000001b36f800 Uncommon trap: reason=null_check action=make_not_entrant pc=0x0000000004c1c284 method=sun.nio.fs.NativeBuffers.releaseNativeBuffer(Lsun/nio/fs/NativeBuffer;)V @ 6
Event: 2944.055 Thread 0x000000001b36f800 Uncommon trap: reason=unstable_if action=reinterpret pc=0x000000000376c548 method=java.lang.Long.numberOfTrailingZeros(J)I @ 44
Event: 2945.069 Thread 0x000000001b36f800 Uncommon trap: reason=unstable_if action=reinterpret pc=0x0000000004fdd864 method=org.gradle.internal.event.AbstractBroadcastDispatch.dispatch(Lorg/gradle/internal/dispatch/MethodInvocation;Ljava/util/Iterator;)V @ 77
Event: 2945.088 Thread 0x000000001b36f800 Uncommon trap: reason=bimorphic action=maybe_recompile pc=0x0000000003b6511c method=org.gradle.internal.logging.text.AbstractStyledTextOutput.text(Ljava/lang/Object;)Lorg/gradle/internal/logging/text/StyledTextOutput; @ 11
Event: 2961.384 Thread 0x000000001b36f800 Uncommon trap: reason=bimorphic action=maybe_recompile pc=0x0000000003b6511c method=org.gradle.internal.logging.text.AbstractStyledTextOutput.text(Ljava/lang/Object;)Lorg/gradle/internal/logging/text/StyledTextOutput; @ 11

Internal exceptions (10 events):
Event: 3102.745 Thread 0x000000001b371000 Exception <a 'sun/nio/fs/WindowsException'> (0x00000000e97eacf0) thrown at [C:\src\android\AOSP-openjdk\external\jetbrains\jdk\hotspot\src\share\vm\prims\jni.cpp, line 709]
Event: 3102.745 Thread 0x000000001b371000 Exception <a 'sun/nio/fs/WindowsException'> (0x00000000e97eb758) thrown at [C:\src\android\AOSP-openjdk\external\jetbrains\jdk\hotspot\src\share\vm\prims\jni.cpp, line 709]
Event: 3102.746 Thread 0x000000001b371000 Exception <a 'sun/nio/fs/WindowsException'> (0x00000000e97edb30) thrown at [C:\src\android\AOSP-openjdk\external\jetbrains\jdk\hotspot\src\share\vm\prims\jni.cpp, line 709]
Event: 3102.746 Thread 0x000000001b371000 Exception <a 'sun/nio/fs/WindowsException'> (0x00000000e97ee5c8) thrown at [C:\src\android\AOSP-openjdk\external\jetbrains\jdk\hotspot\src\share\vm\prims\jni.cpp, line 709]
Event: 3102.746 Thread 0x000000001b371000 Exception <a 'sun/nio/fs/WindowsException'> (0x00000000e97f00a0) thrown at [C:\src\android\AOSP-openjdk\external\jetbrains\jdk\hotspot\src\share\vm\prims\jni.cpp, line 709]
Event: 3102.746 Thread 0x000000001b371000 Exception <a 'sun/nio/fs/WindowsException'> (0x00000000e97f0b70) thrown at [C:\src\android\AOSP-openjdk\external\jetbrains\jdk\hotspot\src\share\vm\prims\jni.cpp, line 709]
Event: 3102.746 Thread 0x000000001b371000 Exception <a 'sun/nio/fs/WindowsException'> (0x00000000e97f3088) thrown at [C:\src\android\AOSP-openjdk\external\jetbrains\jdk\hotspot\src\share\vm\prims\jni.cpp, line 709]
Event: 3102.746 Thread 0x000000001b371000 Exception <a 'sun/nio/fs/WindowsException'> (0x00000000e97f3b98) thrown at [C:\src\android\AOSP-openjdk\external\jetbrains\jdk\hotspot\src\share\vm\prims\jni.cpp, line 709]
Event: 3102.746 Thread 0x000000001b371000 Exception <a 'sun/nio/fs/WindowsException'> (0x00000000e97f56e8) thrown at [C:\src\android\AOSP-openjdk\external\jetbrains\jdk\hotspot\src\share\vm\prims\jni.cpp, line 709]
Event: 3102.746 Thread 0x000000001b371000 Exception <a 'sun/nio/fs/WindowsException'> (0x00000000e97f6230) thrown at [C:\src\android\AOSP-openjdk\external\jetbrains\jdk\hotspot\src\share\vm\prims\jni.cpp, line 709]

Events (10 events):
Event: 3102.909 Executing VM operation: RevokeBias done
Event: 3102.909 Executing VM operation: RevokeBias
Event: 3102.909 Executing VM operation: RevokeBias done
Event: 3102.909 Executing VM operation: RevokeBias
Event: 3102.909 Executing VM operation: RevokeBias done
Event: 3102.909 Executing VM operation: BulkRevokeBias
Event: 3102.909 Executing VM operation: BulkRevokeBias done
Event: 3102.922 Thread 0x0000000018089000 flushing nmethod 0x00000000043dc090
Event: 3102.922 Thread 0x0000000018089000 flushing nmethod 0x00000000043f4a50
Event: 3102.922 Thread 0x0000000018089000 flushing nmethod 0x00000000043f5150


Dynamic libraries:
0x00007ff6d9d30000 - 0x00007ff6d9d61000 	D:\Android Studio\jre\bin\java.exe
0x00007ffc53700000 - 0x00007ffc538e1000 	C:\WINDOWS\SYSTEM32\ntdll.dll
0x00007ffc53610000 - 0x00007ffc536c2000 	C:\WINDOWS\System32\KERNEL32.DLL
0x00007ffc4fd80000 - 0x00007ffc4fff3000 	C:\WINDOWS\System32\KERNELBASE.dll
0x00007ffc53560000 - 0x00007ffc53601000 	C:\WINDOWS\System32\ADVAPI32.dll
0x00007ffc52630000 - 0x00007ffc526ce000 	C:\WINDOWS\System32\msvcrt.dll
0x00007ffc528b0000 - 0x00007ffc5290b000 	C:\WINDOWS\System32\sechost.dll
0x00007ffc52b20000 - 0x00007ffc52c44000 	C:\WINDOWS\System32\RPCRT4.dll
0x00007ffc52990000 - 0x00007ffc52b20000 	C:\WINDOWS\System32\USER32.dll
0x00007ffc50b70000 - 0x00007ffc50b90000 	C:\WINDOWS\System32\win32u.dll
0x00007ffc52880000 - 0x00007ffc528a8000 	C:\WINDOWS\System32\GDI32.dll
0x00007ffc4fad0000 - 0x00007ffc4fc62000 	C:\WINDOWS\System32\gdi32full.dll
0x00007ffc508e0000 - 0x00007ffc5097f000 	C:\WINDOWS\System32\msvcp_win.dll
0x00007ffc507e0000 - 0x00007ffc508da000 	C:\WINDOWS\System32\ucrtbase.dll
0x00007ffc46da0000 - 0x00007ffc47009000 	C:\WINDOWS\WinSxS\amd64_microsoft.windows.common-controls_6595b64144ccf1df_6.0.17134.472_none_fb3f9af53068156d\COMCTL32.dll
0x00007ffc52300000 - 0x00007ffc52622000 	C:\WINDOWS\System32\combase.dll
0x00007ffc50000000 - 0x00007ffc5007a000 	C:\WINDOWS\System32\bcryptPrimitives.dll
0x00007ffc50c40000 - 0x00007ffc50c6d000 	C:\WINDOWS\System32\IMM32.DLL
0x0000000066cd0000 - 0x0000000066da2000 	D:\Android Studio\jre\jre\bin\msvcr100.dll
0x00000000656a0000 - 0x0000000065edc000 	D:\Android Studio\jre\jre\bin\server\jvm.dll
0x00007ffc52740000 - 0x00007ffc52748000 	C:\WINDOWS\System32\PSAPI.DLL
0x00007ffc4a1e0000 - 0x00007ffc4a203000 	C:\WINDOWS\SYSTEM32\WINMM.dll
0x00007ffc4b2e0000 - 0x00007ffc4b2e9000 	C:\WINDOWS\SYSTEM32\WSOCK32.dll
0x00007ffc527b0000 - 0x00007ffc5281c000 	C:\WINDOWS\System32\WS2_32.dll
0x00007ffc4a370000 - 0x00007ffc4a37a000 	C:\WINDOWS\SYSTEM32\VERSION.dll
0x00007ffc4a1b0000 - 0x00007ffc4a1da000 	C:\WINDOWS\SYSTEM32\WINMMBASE.dll
0x00007ffc50080000 - 0x00007ffc500c9000 	C:\WINDOWS\System32\cfgmgr32.dll
0x00007ffc4b080000 - 0x00007ffc4b08f000 	D:\Android Studio\jre\jre\bin\verify.dll
0x00007ffc41cd0000 - 0x00007ffc41cf9000 	D:\Android Studio\jre\jre\bin\java.dll
0x00007ffc435b0000 - 0x00007ffc435c6000 	D:\Android Studio\jre\jre\bin\zip.dll
0x00007ffc50ec0000 - 0x00007ffc52300000 	C:\WINDOWS\System32\SHELL32.dll
0x00007ffc50b90000 - 0x00007ffc50c39000 	C:\WINDOWS\System32\shcore.dll
0x00007ffc500d0000 - 0x00007ffc507dd000 	C:\WINDOWS\System32\windows.storage.dll
0x00007ffc526d0000 - 0x00007ffc52721000 	C:\WINDOWS\System32\shlwapi.dll
0x00007ffc4fa90000 - 0x00007ffc4faa1000 	C:\WINDOWS\System32\kernel.appcore.dll
0x00007ffc4fa70000 - 0x00007ffc4fa8f000 	C:\WINDOWS\System32\profapi.dll
0x00007ffc4fa20000 - 0x00007ffc4fa6c000 	C:\WINDOWS\System32\powrprof.dll
0x00007ffc4fa10000 - 0x00007ffc4fa1a000 	C:\WINDOWS\System32\FLTLIB.DLL
0x00007ffc41870000 - 0x00007ffc4188a000 	D:\Android Studio\jre\jre\bin\net.dll
0x00007ffc4f290000 - 0x00007ffc4f2f6000 	C:\WINDOWS\system32\mswsock.dll
0x00007ffc41650000 - 0x00007ffc41661000 	D:\Android Studio\jre\jre\bin\nio.dll
0x00007ffc3f7f0000 - 0x00007ffc3f80e000 	C:\Users\yangg\.gradle\native\23\windows-amd64\native-platform.dll
0x00007ffc4f440000 - 0x00007ffc4f457000 	C:\WINDOWS\SYSTEM32\CRYPTSP.dll
0x00007ffc4ee70000 - 0x00007ffc4eea3000 	C:\WINDOWS\system32\rsaenh.dll
0x00007ffc4f570000 - 0x00007ffc4f595000 	C:\WINDOWS\SYSTEM32\bcrypt.dll
0x00007ffc4f940000 - 0x00007ffc4f968000 	C:\WINDOWS\SYSTEM32\USERENV.dll
0x00007ffc4f460000 - 0x00007ffc4f46b000 	C:\WINDOWS\SYSTEM32\CRYPTBASE.dll
0x00007ffc4f010000 - 0x00007ffc4f048000 	C:\WINDOWS\SYSTEM32\IPHLPAPI.DLL
0x00007ffc52c50000 - 0x00007ffc52c58000 	C:\WINDOWS\System32\NSI.dll
0x00007ffc4a9d0000 - 0x00007ffc4a9e6000 	C:\WINDOWS\SYSTEM32\dhcpcsvc6.DLL
0x00007ffc4a990000 - 0x00007ffc4a9aa000 	C:\WINDOWS\SYSTEM32\dhcpcsvc.DLL
0x00007ffc4af70000 - 0x00007ffc4af7d000 	D:\Android Studio\jre\jre\bin\management.dll

VM Arguments:
jvm_args: -Xmx1536m -Dfile.encoding=GBK -Duser.country=CN -Duser.language=zh -Duser.variant 
java_command: org.gradle.launcher.daemon.bootstrap.GradleDaemon 3.3
java_class_path (initial): C:\Users\yangg\.gradle\wrapper\dists\gradle-3.3-all\55gk2rcmfc6p2dg9u9ohc3hw9\gradle-3.3\lib\gradle-launcher-3.3.jar
Launcher Type: SUN_STANDARD

Environment Variables:
JAVA_HOME=C:\Program Files\Java\jdk-11
CLASSPATH=.;C:\Program Files\Java\jdk-11\bin;C:\Program Files\Java\jdk-11\lib\dt.jar;C:\Program Files\Java\jdk-11\lib\tools.jar
PATH=C:\Program Files\NVIDIA GPU Computing Toolkit\CUDA\v8.0\bin;C:\Program Files\NVIDIA GPU Computing Toolkit\CUDA\v8.0\libnvvp;C:\Program Files\Java\jdk-11\bin;C:\Program Files\Java\jdk-11\jre\bin;C:\ProgramData\Oracle\Java\javapath;C:\WINDOWS\system32;C:\WINDOWS;C:\WINDOWS\System32\Wbem;C:\WINDOWS\System32\WindowsPowerShell\v1.0\;C:\Program Files (x86)\Common Files\Thunder Network\KanKan\Codecs;C:\WINDOWS\System32\OpenSSH\;D:\¹¤¾ß\PUTTY\;C;\Program Files (x86)\PuTTY\;C:\Android;C:\Windows\System32;C:\Users\yangg\AppData\Local\Microsoft\WindowsApps;D:\modeltech64_10.1c\win64;C:\adb;C:\Program Files (x86)\Microsoft SQL Server\100\Tools\Binn\;C:\Program Files\Microsoft SQL Server\100\Tools\Binn\;C:\Program Files\Microsoft SQL Server\100\DTS\Binn\;C:\Program Files (x86)\NVIDIA Corporation\PhysX\Common;D:\opencv\build\x86\vc10\bin;D:\opencv\build\x64\vc10\bin;C:\Users\yangg\AppData\Local\Microsoft\WindowsApps;;D:\modeltech64_10.1c\win64
USERNAME=yangg
OS=Windows_NT
PROCESSOR_IDENTIFIER=Intel64 Family 6 Model 78 Stepping 3, GenuineIntel



---------------  S Y S T E M  ---------------

OS: Windows 10.0 , 64 bit Build 17134 (10.0.17134.1)

CPU:total 4 (2 cores per cpu, 2 threads per core) family 6 model 78 stepping 3, cmov, cx8, fxsr, mmx, sse, sse2, sse3, ssse3, sse4.1, sse4.2, popcnt, avx, avx2, aes, clmul, erms, 3dnowpref, lzcnt, ht, tsc, tscinvbit, bmi1, bmi2, adx

Memory: 4k page, physical 8281888k(822676k free), swap 10233632k(4156k free)

vm_info: OpenJDK 64-Bit Server VM (25.112-b06) for windows-amd64 JRE (1.8.0_112-release-b06), built on Dec  8 2016 00:54:26 by "builder" with MS VC++ 10.0 (VS2010)

time: Fri Dec 21 23:47:41 2018
elapsed time: 3102 seconds (0d 0h 51m 42s)

